Log file open, 01/29/19 20:42:24
LogWindows: Failed to load 'aqProf.dll' (GetLastError=126)
LogWindows: File 'aqProf.dll' does not exist
LogWindows: Failed to load 'VtuneApi.dll' (GetLastError=126)
LogWindows: File 'VtuneApi.dll' does not exist
LogWindows: Failed to load 'VtuneApi32e.dll' (GetLastError=126)
LogWindows: File 'VtuneApi32e.dll' does not exist
LogConsoleResponse: Display: Failed to find resolution value strings in scalability ini. Falling back to default.
LogInit: Display: Running engine for game: ProjectUnreal
LogPakFile: Registered encryption key '00000000000000000000000000000000': 0 pak files mounted, 0 remain pending
LogPlatformFile: Not using cached read wrapper
LogTaskGraph: Started task graph with 5 named threads and 23 total threads with 3 sets of task threads.
LogStats: Stats thread started at 0.331881
LogD3D11RHI: Loaded GFSDK_Aftermath_Lib.x64.dll
LogICUInternationalization: ICU TimeZone Detection - Raw Offset: +1:00, Platform Override: ''
LogPluginManager: Mounting plugin Paper2D
LogPluginManager: Mounting plugin AISupport
LogPluginManager: Mounting plugin LightPropagationVolume
LogPluginManager: Mounting plugin ActorLayerUtilities
LogPluginManager: Mounting plugin CLionSourceCodeAccess
LogPluginManager: Mounting plugin CodeLiteSourceCodeAccess
LogPluginManager: Mounting plugin GitSourceControl
LogPluginManager: Mounting plugin KDevelopSourceCodeAccess
LogPluginManager: Mounting plugin NullSourceCodeAccess
LogPluginManager: Mounting plugin PerforceSourceControl
LogPluginManager: Mounting plugin SubversionSourceControl
LogPluginManager: Mounting plugin UObjectPlugin
LogPluginManager: Mounting plugin VisualStudioCodeSourceCodeAccess
LogPluginManager: Mounting plugin VisualStudioSourceCodeAccess
LogPluginManager: Mounting plugin XCodeSourceCodeAccess
LogPluginManager: Mounting plugin AssetManagerEditor
LogPluginManager: Mounting plugin CryptoKeys
LogPluginManager: Mounting plugin DataValidation
LogPluginManager: Mounting plugin EditorScriptingUtilities
LogPluginManager: Mounting plugin FacialAnimation
LogPluginManager: Mounting plugin GameplayTagsEditor
LogPluginManager: Mounting plugin MacGraphicsSwitching
LogPluginManager: Mounting plugin MeshEditor
LogPluginManager: Mounting plugin MobileLauncherProfileWizard
LogPluginManager: Mounting plugin PluginBrowser
LogPluginManager: Mounting plugin SpeedTreeImporter
LogPluginManager: Mounting plugin DatasmithContent
LogPluginManager: Mounting plugin VariantManagerContent
LogPluginManager: Mounting plugin AlembicImporter
LogPluginManager: Mounting plugin AppleImageUtils
LogPluginManager: Mounting plugin AppleVision
LogPluginManager: Mounting plugin BackChannel
LogPluginManager: Mounting plugin CharacterAI
LogPluginManager: Mounting plugin GeometryCache
LogPluginManager: Mounting plugin HTML5Networking
LogPluginManager: Mounting plugin ProxyLODPlugin
LogPluginManager: Mounting plugin MagicLeap
LogPluginManager: Mounting plugin MagicLeapMedia
LogPluginManager: Mounting plugin AndroidMedia
LogPluginManager: Mounting plugin AvfMedia
LogPluginManager: Mounting plugin ImgMedia
LogPluginManager: Mounting plugin LinearTimecode
LogPluginManager: Mounting plugin MediaCompositing
LogPluginManager: Mounting plugin MediaPlayerEditor
LogPluginManager: Mounting plugin WebMMedia
LogPluginManager: Mounting plugin WmfMedia
LogPluginManager: Mounting plugin TcpMessaging
LogPluginManager: Mounting plugin UdpMessaging
LogPluginManager: Mounting plugin ActorSequence
LogPluginManager: Mounting plugin LevelSequenceEditor
LogPluginManager: Mounting plugin MatineeToLevelSequence
LogPluginManager: Mounting plugin NetcodeUnitTest
LogPluginManager: Mounting plugin NUTUnrealEngine4
LogPluginManager: Mounting plugin OnlineSubsystemGooglePlay
LogPluginManager: Mounting plugin OnlineSubsystemIOS
LogPluginManager: Mounting plugin OnlineSubsystem
LogPluginManager: Mounting plugin OnlineSubsystemNull
LogPluginManager: Mounting plugin OnlineSubsystemUtils
LogPluginManager: Mounting plugin LauncherChunkInstaller
LogPluginManager: Mounting plugin AndroidDeviceProfileSelector
LogPluginManager: Mounting plugin AndroidMoviePlayer
LogPluginManager: Mounting plugin AndroidPermission
LogPluginManager: Mounting plugin AppleMoviePlayer
LogPluginManager: Mounting plugin ArchVisCharacter
LogPluginManager: Mounting plugin AudioCapture
LogPluginManager: Mounting plugin CableComponent
LogPluginManager: Mounting plugin CustomMeshComponent
LogPluginManager: Mounting plugin EditableMesh
LogPluginManager: Mounting plugin ExampleDeviceProfileSelector
LogPluginManager: Mounting plugin Firebase
LogPluginManager: Mounting plugin GoogleCloudMessaging
LogPluginManager: Mounting plugin IOSDeviceProfileSelector
LogPluginManager: Mounting plugin LinuxDeviceProfileSelector
LogPluginManager: Mounting plugin LocationServicesBPLibrary
LogPluginManager: Mounting plugin MobilePatchingUtils
LogPluginManager: Mounting plugin OculusVR
LogPluginManager: Mounting plugin PhysXVehicles
LogPluginManager: Mounting plugin ProceduralMeshComponent
LogPluginManager: Mounting plugin RuntimePhysXCooking
LogPluginManager: Mounting plugin SteamVR
LogPluginManager: Mounting plugin WebMMoviePlayer
LogPluginManager: Mounting plugin WindowsMoviePlayer
LogPluginManager: Mounting plugin DatasmithCADImporter
LogPluginManager: Mounting plugin DatasmithFBXImporter
LogPluginManager: Mounting plugin DatasmithImporter
LogPluginManager: Mounting plugin MDLImporter
LogPluginManager: Mounting plugin StaticMeshEditorExtension
LogPluginManager: Mounting plugin VariantManager
LogStreaming: Display: Took  0.187s to configure plugins.
LogInit: Using libcurl 7.55.1-DEV
LogInit:  - built for x86_64-pc-win32
LogInit:  - supports SSL with OpenSSL/1.0.2h
LogInit:  - supports HTTP deflate (compression) using libz 1.2.8
LogInit:  - other features:
LogInit:      CURL_VERSION_SSL
LogInit:      CURL_VERSION_LIBZ
LogInit:      CURL_VERSION_IPV6
LogInit:      CURL_VERSION_ASYNCHDNS
LogInit:      CURL_VERSION_LARGEFILE
LogInit:      CURL_VERSION_IDN
LogInit:  CurlRequestOptions (configurable via config and command line):
LogInit:  - bVerifyPeer = true  - Libcurl will verify peer certificate
LogInit:  - bUseHttpProxy = false  - Libcurl will NOT use HTTP proxy
LogInit:  - bDontReuseConnections = false  - Libcurl will reuse connections
LogInit:  - MaxHostConnections = 16  - Libcurl will limit the number of connections to a host
LogInit:  - LocalHostAddr = Default
LogInit:  - BufferSize = 65536
LogInit: WinSock: version 1.1 (2.2), MaxSocks=32767, MaxUdp=65467
LogInit: Build: ++UE4+Release-4.21-CL-4613538
LogInit: Engine Version: 4.21.1-4613538+++UE4+Release-4.21
LogInit: Compatible Engine Version: 4.21.0-4541578+++UE4+Release-4.21
LogInit: Net CL: 4541578
LogInit: OS: Windows 10 (), CPU: Intel(R) Core(TM) i7-6700HQ CPU @ 2.60GHz, GPU: Intel(R) HD Graphics 530
LogInit: Compiled (64-bit): Nov 30 2018 04:13:25
LogInit: Compiled with Visual C++: 19.13.26129.00
LogInit: Build Configuration: Development
LogInit: Branch Name: ++UE4+Release-4.21
LogInit: Command Line: 
LogInit: Base Directory: C:/Program Files/Epic Games/UE_4.21/Engine/Binaries/Win64/
LogInit: Installed Engine Build: 1
LogDevObjectVersion: Number of dev versions registered: 22
LogDevObjectVersion:   Dev-Blueprints (B0D832E4-1F89-4F0D-ACCF-7EB736FD4AA2): 10
LogDevObjectVersion:   Dev-Build (E1C64328-A22C-4D53-A36C-8E866417BD8C): 0
LogDevObjectVersion:   Dev-Core (375EC13C-06E4-48FB-B500-84F0262A717E): 2
LogDevObjectVersion:   Dev-Editor (E4B068ED-F494-42E9-A231-DA0B2E46BB41): 26
LogDevObjectVersion:   Dev-Framework (CFFC743F-43B0-4480-9391-14DF171D2073): 34
LogDevObjectVersion:   Dev-Mobile (B02B49B5-BB20-44E9-A304-32B752E40360): 2
LogDevObjectVersion:   Dev-Networking (A4E4105C-59A1-49B5-A7C5-40C4547EDFEE): 0
LogDevObjectVersion:   Dev-Online (39C831C9-5AE6-47DC-9A44-9C173E1C8E7C): 0
LogDevObjectVersion:   Dev-Physics (78F01B33-EBEA-4F98-B9B4-84EACCB95AA2): 0
LogDevObjectVersion:   Dev-Platform (6631380F-2D4D-43E0-8009-CF276956A95A): 0
LogDevObjectVersion:   Dev-Rendering (12F88B9F-8875-4AFC-A67C-D90C383ABD29): 27
LogDevObjectVersion:   Dev-Sequencer (7B5AE74C-D270-4C10-A958-57980B212A5A): 9
LogDevObjectVersion:   Dev-VR (D7296918-1DD6-4BDD-9DE2-64A83CC13884): 2
LogDevObjectVersion:   Dev-LoadTimes (C2A15278-BFE7-4AFE-6C17-90FF531DF755): 1
LogDevObjectVersion:   Private-Geometry (6EACA3D4-40EC-4CC1-B786-8BED09428FC5): 3
LogDevObjectVersion:   Dev-AnimPhys (29E575DD-E0A3-4627-9D10-D276232CDCEA): 17
LogDevObjectVersion:   Dev-Anim (AF43A65D-7FD3-4947-9873-3E8ED9C1BB05): 2
LogDevObjectVersion:   Dev-ReflectionCapture (6B266CEC-1EC7-4B8F-A30B-E4D90942FC07): 1
LogDevObjectVersion:   Dev-Automation (0DF73D61-A23F-47EA-B727-89E90C41499A): 1
LogDevObjectVersion:   FortniteMain (601D1886-AC64-4F84-AA16-D3DE0DEAC7D6): 17
LogDevObjectVersion:   Dev-Enterprise (9DFFBCD6-494F-0158-E221-12823C92A888): 4
LogDevObjectVersion:   Dev-Niagara (F2AED0AC-9AFE-416F-8664-AA7FFA26D6FC): 1
LogStreaming: Display: Took  0.002s to delete old logs.
LogInit: Presizing for max 8388607 objects, including 0 objects not considered by GC, pre-allocating 0 bytes for permanent pool.
LogInit: Object subsystem initialized
LogConfig: Setting CVar [[con.DebugEarlyDefault:1]]
LogConfig: Setting CVar [[r.setres:1280x720]]
[2019.01.29-19.42.24:663][  0]LogConfig: Setting CVar [[r.VSync:0]]
[2019.01.29-19.42.24:663][  0]LogConfig: Setting CVar [[r.RHICmdBypass:0]]
[2019.01.29-19.42.24:663][  0]LogConfig: Applying CVar settings from Section [/Script/Engine.RendererSettings] File [C:/Users/pulc/Desktop/HTW/Game Engines/Unreal/Tutoriál/HTW-GameEngines-ProjektUnreal/ProjectUnreal/Saved/Config/Windows/Engine.ini]
[2019.01.29-19.42.24:663][  0]LogConfig: Setting CVar [[r.GPUCrashDebugging:0]]
[2019.01.29-19.42.24:663][  0]LogConfig: Applying CVar settings from Section [/Script/Engine.RendererOverrideSettings] File [C:/Users/pulc/Desktop/HTW/Game Engines/Unreal/Tutoriál/HTW-GameEngines-ProjektUnreal/ProjectUnreal/Saved/Config/Windows/Engine.ini]
[2019.01.29-19.42.24:663][  0]LogConfig: Applying CVar settings from Section [/Script/Engine.StreamingSettings] File [C:/Users/pulc/Desktop/HTW/Game Engines/Unreal/Tutoriál/HTW-GameEngines-ProjektUnreal/ProjectUnreal/Saved/Config/Windows/Engine.ini]
[2019.01.29-19.42.24:663][  0]LogConfig: Setting CVar [[s.MinBulkDataSizeForAsyncLoading:131072]]
[2019.01.29-19.42.24:663][  0]LogConfig: Setting CVar [[s.AsyncLoadingThreadEnabled:0]]
[2019.01.29-19.42.24:663][  0]LogConfig: Setting CVar [[s.EventDrivenLoaderEnabled:1]]
[2019.01.29-19.42.24:663][  0]LogConfig: Setting CVar [[s.WarnIfTimeLimitExceeded:0]]
[2019.01.29-19.42.24:663][  0]LogConfig: Setting CVar [[s.TimeLimitExceededMultiplier:1.5]]
[2019.01.29-19.42.24:664][  0]LogConfig: Setting CVar [[s.TimeLimitExceededMinTime:0.005]]
[2019.01.29-19.42.24:664][  0]LogConfig: Setting CVar [[s.UseBackgroundLevelStreaming:1]]
[2019.01.29-19.42.24:664][  0]LogConfig: Setting CVar [[s.PriorityAsyncLoadingExtraTime:15.0]]
[2019.01.29-19.42.24:664][  0]LogConfig: Setting CVar [[s.LevelStreamingActorsUpdateTimeLimit:5.0]]
[2019.01.29-19.42.24:664][  0]LogConfig: Setting CVar [[s.PriorityLevelStreamingActorsUpdateExtraTime:5.0]]
[2019.01.29-19.42.24:664][  0]LogConfig: Setting CVar [[s.LevelStreamingComponentsRegistrationGranularity:10]]
[2019.01.29-19.42.24:664][  0]LogConfig: Setting CVar [[s.UnregisterComponentsTimeLimit:1.0]]
[2019.01.29-19.42.24:664][  0]LogConfig: Setting CVar [[s.LevelStreamingComponentsUnregistrationGranularity:5]]
[2019.01.29-19.42.24:664][  0]LogConfig: Applying CVar settings from Section [/Script/Engine.GarbageCollectionSettings] File [C:/Users/pulc/Desktop/HTW/Game Engines/Unreal/Tutoriál/HTW-GameEngines-ProjektUnreal/ProjectUnreal/Saved/Config/Windows/Engine.ini]
[2019.01.29-19.42.24:664][  0]LogConfig: Setting CVar [[gc.MaxObjectsNotConsideredByGC:1]]
[2019.01.29-19.42.24:664][  0]LogConfig: Setting CVar [[gc.SizeOfPermanentObjectPool:0]]
[2019.01.29-19.42.24:664][  0]LogConfig: Setting CVar [[gc.FlushStreamingOnGC:0]]
[2019.01.29-19.42.24:664][  0]LogConfig: Setting CVar [[gc.NumRetriesBeforeForcingGC:10]]
[2019.01.29-19.42.24:664][  0]LogConfig: Setting CVar [[gc.AllowParallelGC:1]]
[2019.01.29-19.42.24:664][  0]LogConfig: Setting CVar [[gc.TimeBetweenPurgingPendingKillObjects:61.1]]
[2019.01.29-19.42.24:664][  0]LogConfig: Setting CVar [[gc.MaxObjectsInEditor:8388607]]
[2019.01.29-19.42.24:664][  0]LogConfig: Setting CVar [[gc.IncrementalBeginDestroyEnabled:1]]
[2019.01.29-19.42.24:664][  0]LogConfig: Setting CVar [[gc.CreateGCClusters:1]]
[2019.01.29-19.42.24:664][  0]LogConfig: Setting CVar [[gc.MergeGCClusters:0]]
[2019.01.29-19.42.24:664][  0]LogConfig: Setting CVar [[gc.MinGCClusterSize:5]]
[2019.01.29-19.42.24:664][  0]LogConfig: Setting CVar [[gc.ActorClusteringEnabled:0]]
[2019.01.29-19.42.24:664][  0]LogConfig: Setting CVar [[gc.BlueprintClusteringEnabled:0]]
[2019.01.29-19.42.24:664][  0]LogConfig: Setting CVar [[gc.UseDisregardForGCOnDedicatedServers:0]]
[2019.01.29-19.42.24:664][  0]LogConfig: Applying CVar settings from Section [/Script/Engine.NetworkSettings] File [C:/Users/pulc/Desktop/HTW/Game Engines/Unreal/Tutoriál/HTW-GameEngines-ProjektUnreal/ProjectUnreal/Saved/Config/Windows/Engine.ini]
[2019.01.29-19.42.24:664][  0]LogConfig: Applying CVar settings from Section [/Script/UnrealEd.CookerSettings] File [C:/Users/pulc/Desktop/HTW/Game Engines/Unreal/Tutoriál/HTW-GameEngines-ProjektUnreal/ProjectUnreal/Saved/Config/Windows/Engine.ini]
[2019.01.29-19.42.24:670][  0]LogConfig: Applying CVar settings from Section [ViewDistanceQuality@3] File [C:/Users/pulc/Desktop/HTW/Game Engines/Unreal/Tutoriál/HTW-GameEngines-ProjektUnreal/ProjectUnreal/Saved/Config/Windows/Scalability.ini]
[2019.01.29-19.42.24:670][  0]LogConfig: Setting CVar [[r.SkeletalMeshLODBias:0]]
[2019.01.29-19.42.24:670][  0]LogConfig: Setting CVar [[r.ViewDistanceScale:1.0]]
[2019.01.29-19.42.24:671][  0]LogConfig: Applying CVar settings from Section [AntiAliasingQuality@3] File [C:/Users/pulc/Desktop/HTW/Game Engines/Unreal/Tutoriál/HTW-GameEngines-ProjektUnreal/ProjectUnreal/Saved/Config/Windows/Scalability.ini]
[2019.01.29-19.42.24:671][  0]LogConfig: Setting CVar [[r.PostProcessAAQuality:4]]
[2019.01.29-19.42.24:671][  0]LogConfig: Applying CVar settings from Section [ShadowQuality@3] File [C:/Users/pulc/Desktop/HTW/Game Engines/Unreal/Tutoriál/HTW-GameEngines-ProjektUnreal/ProjectUnreal/Saved/Config/Windows/Scalability.ini]
[2019.01.29-19.42.24:671][  0]LogConfig: Setting CVar [[r.LightFunctionQuality:1]]
[2019.01.29-19.42.24:671][  0]LogConfig: Setting CVar [[r.ShadowQuality:5]]
[2019.01.29-19.42.24:671][  0]LogConfig: Setting CVar [[r.Shadow.CSM.MaxCascades:10]]
[2019.01.29-19.42.24:671][  0]LogConfig: Setting CVar [[r.Shadow.MaxResolution:2048]]
[2019.01.29-19.42.24:671][  0]LogConfig: Setting CVar [[r.Shadow.MaxCSMResolution:2048]]
[2019.01.29-19.42.24:671][  0]LogConfig: Setting CVar [[r.Shadow.RadiusThreshold:0.01]]
[2019.01.29-19.42.24:671][  0]LogConfig: Setting CVar [[r.Shadow.DistanceScale:1.0]]
[2019.01.29-19.42.24:671][  0]LogConfig: Setting CVar [[r.Shadow.CSM.TransitionScale:1.0]]
[2019.01.29-19.42.24:671][  0]LogConfig: Setting CVar [[r.Shadow.PreShadowResolutionFactor:1.0]]
[2019.01.29-19.42.24:671][  0]LogConfig: Setting CVar [[r.DistanceFieldShadowing:1]]
[2019.01.29-19.42.24:671][  0]LogConfig: Setting CVar [[r.DistanceFieldAO:1]]
[2019.01.29-19.42.24:671][  0]LogConfig: Setting CVar [[r.AOQuality:2]]
[2019.01.29-19.42.24:671][  0]LogConfig: Setting CVar [[r.VolumetricFog:1]]
[2019.01.29-19.42.24:671][  0]LogConfig: Setting CVar [[r.VolumetricFog.GridPixelSize:8]]
[2019.01.29-19.42.24:671][  0]LogConfig: Setting CVar [[r.VolumetricFog.GridSizeZ:128]]
[2019.01.29-19.42.24:671][  0]LogConfig: Setting CVar [[r.VolumetricFog.HistoryMissSupersampleCount:4]]
[2019.01.29-19.42.24:671][  0]LogConfig: Setting CVar [[r.LightMaxDrawDistanceScale:1]]
[2019.01.29-19.42.24:671][  0]LogConfig: Setting CVar [[r.CapsuleShadows:1]]
[2019.01.29-19.42.24:671][  0]LogConfig: Applying CVar settings from Section [PostProcessQuality@3] File [C:/Users/pulc/Desktop/HTW/Game Engines/Unreal/Tutoriál/HTW-GameEngines-ProjektUnreal/ProjectUnreal/Saved/Config/Windows/Scalability.ini]
[2019.01.29-19.42.24:671][  0]LogConfig: Setting CVar [[r.MotionBlurQuality:4]]
[2019.01.29-19.42.24:671][  0]LogConfig: Setting CVar [[r.AmbientOcclusionMipLevelFactor:0.4]]
[2019.01.29-19.42.24:671][  0]LogConfig: Setting CVar [[r.AmbientOcclusionMaxQuality:100]]
[2019.01.29-19.42.24:671][  0]LogConfig: Setting CVar [[r.AmbientOcclusionLevels:-1]]
[2019.01.29-19.42.24:671][  0]LogConfig: Setting CVar [[r.AmbientOcclusionRadiusScale:1.0]]
[2019.01.29-19.42.24:671][  0]LogConfig: Setting CVar [[r.DepthOfFieldQuality:2]]
[2019.01.29-19.42.24:672][  0]LogConfig: Setting CVar [[r.RenderTargetPoolMin:400]]
[2019.01.29-19.42.24:672][  0]LogConfig: Setting CVar [[r.LensFlareQuality:2]]
[2019.01.29-19.42.24:672][  0]LogConfig: Setting CVar [[r.SceneColorFringeQuality:1]]
[2019.01.29-19.42.24:672][  0]LogConfig: Setting CVar [[r.EyeAdaptationQuality:2]]
[2019.01.29-19.42.24:672][  0]LogConfig: Setting CVar [[r.BloomQuality:5]]
[2019.01.29-19.42.24:672][  0]LogConfig: Setting CVar [[r.FastBlurThreshold:100]]
[2019.01.29-19.42.24:672][  0]LogConfig: Setting CVar [[r.Upscale.Quality:3]]
[2019.01.29-19.42.24:672][  0]LogConfig: Setting CVar [[r.Tonemapper.GrainQuantization:1]]
[2019.01.29-19.42.24:672][  0]LogConfig: Setting CVar [[r.LightShaftQuality:1]]
[2019.01.29-19.42.24:672][  0]LogConfig: Setting CVar [[r.Filter.SizeScale:1]]
[2019.01.29-19.42.24:672][  0]LogConfig: Setting CVar [[r.Tonemapper.Quality:5]]
[2019.01.29-19.42.24:672][  0]LogConfig: Setting CVar [[r.DOF.Gather.AccumulatorQuality:1        ; higher gathering accumulator quality]]
[2019.01.29-19.42.24:672][  0]LogConfig: Setting CVar [[r.DOF.Gather.PostfilterMethod:1          ; Median3x3 postfilering method]]
[2019.01.29-19.42.24:672][  0]LogConfig: Setting CVar [[r.DOF.Gather.EnableBokehSettings:0       ; no bokeh simulation when gathering]]
[2019.01.29-19.42.24:672][  0]LogConfig: Setting CVar [[r.DOF.Gather.RingCount:4                 ; medium number of samples when gathering]]
[2019.01.29-19.42.24:672][  0]LogConfig: Setting CVar [[r.DOF.Scatter.ForegroundCompositing:1    ; additive foreground scattering]]
[2019.01.29-19.42.24:672][  0]LogConfig: Setting CVar [[r.DOF.Scatter.BackgroundCompositing:2    ; additive background scattering]]
[2019.01.29-19.42.24:672][  0]LogConfig: Setting CVar [[r.DOF.Scatter.EnableBokehSettings:1      ; bokeh simulation when scattering]]
[2019.01.29-19.42.24:672][  0]LogConfig: Setting CVar [[r.DOF.Scatter.MaxSpriteRatio:0.1         ; only a maximum of 10% of scattered bokeh]]
[2019.01.29-19.42.24:672][  0]LogConfig: Setting CVar [[r.DOF.Recombine.Quality:1                ; cheap slight out of focus]]
[2019.01.29-19.42.24:672][  0]LogConfig: Setting CVar [[r.DOF.Recombine.EnableBokehSettings:0    ; no bokeh simulation on slight out of focus]]
[2019.01.29-19.42.24:672][  0]LogConfig: Setting CVar [[r.DOF.TemporalAAQuality:1                ; more stable temporal accumulation]]
[2019.01.29-19.42.24:672][  0]LogConfig: Setting CVar [[r.DOF.Kernel.MaxForegroundRadius:0.025]]
[2019.01.29-19.42.24:672][  0]LogConfig: Setting CVar [[r.DOF.Kernel.MaxBackgroundRadius:0.025]]
[2019.01.29-19.42.24:672][  0]LogConfig: Applying CVar settings from Section [TextureQuality@3] File [C:/Users/pulc/Desktop/HTW/Game Engines/Unreal/Tutoriál/HTW-GameEngines-ProjektUnreal/ProjectUnreal/Saved/Config/Windows/Scalability.ini]
[2019.01.29-19.42.24:672][  0]LogConfig: Setting CVar [[r.Streaming.MipBias:0]]
[2019.01.29-19.42.24:672][  0]LogConfig: Setting CVar [[r.Streaming.AmortizeCPUToGPUCopy:0]]
[2019.01.29-19.42.24:672][  0]LogConfig: Setting CVar [[r.Streaming.MaxNumTexturesToStreamPerFrame:0]]
[2019.01.29-19.42.24:672][  0]LogConfig: Setting CVar [[r.Streaming.Boost:1]]
[2019.01.29-19.42.24:673][  0]LogConfig: Setting CVar [[r.MaxAnisotropy:8]]
[2019.01.29-19.42.24:673][  0]LogConfig: Setting CVar [[r.Streaming.LimitPoolSizeToVRAM:0]]
[2019.01.29-19.42.24:673][  0]LogConfig: Setting CVar [[r.Streaming.PoolSize:1000]]
[2019.01.29-19.42.24:673][  0]LogConfig: Setting CVar [[r.Streaming.MaxEffectiveScreenSize:0]]
[2019.01.29-19.42.24:673][  0]LogConfig: Applying CVar settings from Section [EffectsQuality@3] File [C:/Users/pulc/Desktop/HTW/Game Engines/Unreal/Tutoriál/HTW-GameEngines-ProjektUnreal/ProjectUnreal/Saved/Config/Windows/Scalability.ini]
[2019.01.29-19.42.24:673][  0]LogConfig: Setting CVar [[r.TranslucencyLightingVolumeDim:64]]
[2019.01.29-19.42.24:673][  0]LogConfig: Setting CVar [[r.RefractionQuality:2]]
[2019.01.29-19.42.24:673][  0]LogConfig: Setting CVar [[r.SSR.Quality:3]]
[2019.01.29-19.42.24:673][  0]LogConfig: Setting CVar [[r.SceneColorFormat:4]]
[2019.01.29-19.42.24:673][  0]LogConfig: Setting CVar [[r.DetailMode:2]]
[2019.01.29-19.42.24:673][  0]LogConfig: Setting CVar [[r.TranslucencyVolumeBlur:1]]
[2019.01.29-19.42.24:673][  0]LogConfig: Setting CVar [[r.MaterialQualityLevel:1 ; High quality]]
[2019.01.29-19.42.24:673][  0]LogConfig: Setting CVar [[r.SSS.Scale:1]]
[2019.01.29-19.42.24:673][  0]LogConfig: Setting CVar [[r.SSS.SampleSet:2]]
[2019.01.29-19.42.24:673][  0]LogConfig: Setting CVar [[r.SSS.Quality:1]]
[2019.01.29-19.42.24:673][  0]LogConfig: Setting CVar [[r.SSS.HalfRes:1]]
[2019.01.29-19.42.24:673][  0]LogConfig: Setting CVar [[r.EmitterSpawnRateScale:1.0]]
[2019.01.29-19.42.24:674][  0]LogConfig: Setting CVar [[r.ParticleLightQuality:2]]
[2019.01.29-19.42.24:674][  0]LogConfig: Applying CVar settings from Section [FoliageQuality@3] File [C:/Users/pulc/Desktop/HTW/Game Engines/Unreal/Tutoriál/HTW-GameEngines-ProjektUnreal/ProjectUnreal/Saved/Config/Windows/Scalability.ini]
[2019.01.29-19.42.24:674][  0]LogConfig: Setting CVar [[foliage.DensityScale:1.0]]
[2019.01.29-19.42.24:674][  0]LogConfig: Setting CVar [[grass.DensityScale:1.0]]
[2019.01.29-19.42.24:674][  0]LogInit: Selected Device Profile: [Windows]
[2019.01.29-19.42.24:674][  0]LogInit: Applying CVar settings loaded from the selected device profile: [Windows]
[2019.01.29-19.42.24:751][  0]LogHAL: Display: Platform has ~ 16 GB [17017679872 / 17179869184 / 16], which maps to Larger [LargestMinGB=32, LargerMinGB=12, DefaultMinGB=8, SmallerMinGB=6, SmallestMinGB=0)
[2019.01.29-19.42.24:751][  0]LogConfig: Setting CVar [[r.Vulkan.UseRealUBs:1]]
[2019.01.29-19.42.24:751][  0]LogInit: Going up to parent DeviceProfile []
[2019.01.29-19.42.24:752][  0]LogConfig: Applying CVar settings from Section [ViewDistanceQuality@3] File [C:/Users/pulc/Desktop/HTW/Game Engines/Unreal/Tutoriál/HTW-GameEngines-ProjektUnreal/ProjectUnreal/Saved/Config/Windows/Scalability.ini]
[2019.01.29-19.42.24:752][  0]LogConfig: Setting CVar [[r.SkeletalMeshLODBias:0]]
[2019.01.29-19.42.24:752][  0]LogConfig: Setting CVar [[r.ViewDistanceScale:1.0]]
[2019.01.29-19.42.24:752][  0]LogConfig: Applying CVar settings from Section [AntiAliasingQuality@3] File [C:/Users/pulc/Desktop/HTW/Game Engines/Unreal/Tutoriál/HTW-GameEngines-ProjektUnreal/ProjectUnreal/Saved/Config/Windows/Scalability.ini]
[2019.01.29-19.42.24:752][  0]LogConfig: Setting CVar [[r.PostProcessAAQuality:4]]
[2019.01.29-19.42.24:752][  0]LogConfig: Applying CVar settings from Section [ShadowQuality@3] File [C:/Users/pulc/Desktop/HTW/Game Engines/Unreal/Tutoriál/HTW-GameEngines-ProjektUnreal/ProjectUnreal/Saved/Config/Windows/Scalability.ini]
[2019.01.29-19.42.24:752][  0]LogConfig: Setting CVar [[r.LightFunctionQuality:1]]
[2019.01.29-19.42.24:752][  0]LogConfig: Setting CVar [[r.ShadowQuality:5]]
[2019.01.29-19.42.24:752][  0]LogConfig: Setting CVar [[r.Shadow.CSM.MaxCascades:10]]
[2019.01.29-19.42.24:752][  0]LogConfig: Setting CVar [[r.Shadow.MaxResolution:2048]]
[2019.01.29-19.42.24:752][  0]LogConfig: Setting CVar [[r.Shadow.MaxCSMResolution:2048]]
[2019.01.29-19.42.24:752][  0]LogConfig: Setting CVar [[r.Shadow.RadiusThreshold:0.01]]
[2019.01.29-19.42.24:752][  0]LogConfig: Setting CVar [[r.Shadow.DistanceScale:1.0]]
[2019.01.29-19.42.24:752][  0]LogConfig: Setting CVar [[r.Shadow.CSM.TransitionScale:1.0]]
[2019.01.29-19.42.24:752][  0]LogConfig: Setting CVar [[r.Shadow.PreShadowResolutionFactor:1.0]]
[2019.01.29-19.42.24:752][  0]LogConfig: Setting CVar [[r.DistanceFieldShadowing:1]]
[2019.01.29-19.42.24:752][  0]LogConfig: Setting CVar [[r.DistanceFieldAO:1]]
[2019.01.29-19.42.24:752][  0]LogConfig: Setting CVar [[r.AOQuality:2]]
[2019.01.29-19.42.24:752][  0]LogConfig: Setting CVar [[r.VolumetricFog:1]]
[2019.01.29-19.42.24:752][  0]LogConfig: Setting CVar [[r.VolumetricFog.GridPixelSize:8]]
[2019.01.29-19.42.24:752][  0]LogConfig: Setting CVar [[r.VolumetricFog.GridSizeZ:128]]
[2019.01.29-19.42.24:752][  0]LogConfig: Setting CVar [[r.VolumetricFog.HistoryMissSupersampleCount:4]]
[2019.01.29-19.42.24:752][  0]LogConfig: Setting CVar [[r.LightMaxDrawDistanceScale:1]]
[2019.01.29-19.42.24:752][  0]LogConfig: Setting CVar [[r.CapsuleShadows:1]]
[2019.01.29-19.42.24:752][  0]LogConfig: Applying CVar settings from Section [PostProcessQuality@3] File [C:/Users/pulc/Desktop/HTW/Game Engines/Unreal/Tutoriál/HTW-GameEngines-ProjektUnreal/ProjectUnreal/Saved/Config/Windows/Scalability.ini]
[2019.01.29-19.42.24:752][  0]LogConfig: Setting CVar [[r.MotionBlurQuality:4]]
[2019.01.29-19.42.24:752][  0]LogConfig: Setting CVar [[r.AmbientOcclusionMipLevelFactor:0.4]]
[2019.01.29-19.42.24:752][  0]LogConfig: Setting CVar [[r.AmbientOcclusionMaxQuality:100]]
[2019.01.29-19.42.24:753][  0]LogConfig: Setting CVar [[r.AmbientOcclusionLevels:-1]]
[2019.01.29-19.42.24:753][  0]LogConfig: Setting CVar [[r.AmbientOcclusionRadiusScale:1.0]]
[2019.01.29-19.42.24:753][  0]LogConfig: Setting CVar [[r.DepthOfFieldQuality:2]]
[2019.01.29-19.42.24:753][  0]LogConfig: Setting CVar [[r.RenderTargetPoolMin:400]]
[2019.01.29-19.42.24:753][  0]LogConfig: Setting CVar [[r.LensFlareQuality:2]]
[2019.01.29-19.42.24:753][  0]LogConfig: Setting CVar [[r.SceneColorFringeQuality:1]]
[2019.01.29-19.42.24:753][  0]LogConfig: Setting CVar [[r.EyeAdaptationQuality:2]]
[2019.01.29-19.42.24:753][  0]LogConfig: Setting CVar [[r.BloomQuality:5]]
[2019.01.29-19.42.24:753][  0]LogConfig: Setting CVar [[r.FastBlurThreshold:100]]
[2019.01.29-19.42.24:753][  0]LogConfig: Setting CVar [[r.Upscale.Quality:3]]
[2019.01.29-19.42.24:753][  0]LogConfig: Setting CVar [[r.Tonemapper.GrainQuantization:1]]
[2019.01.29-19.42.24:753][  0]LogConfig: Setting CVar [[r.LightShaftQuality:1]]
[2019.01.29-19.42.24:753][  0]LogConfig: Setting CVar [[r.Filter.SizeScale:1]]
[2019.01.29-19.42.24:753][  0]LogConfig: Setting CVar [[r.Tonemapper.Quality:5]]
[2019.01.29-19.42.24:753][  0]LogConfig: Setting CVar [[r.DOF.Gather.AccumulatorQuality:1        ; higher gathering accumulator quality]]
[2019.01.29-19.42.24:753][  0]LogConfig: Setting CVar [[r.DOF.Gather.PostfilterMethod:1          ; Median3x3 postfilering method]]
[2019.01.29-19.42.24:753][  0]LogConfig: Setting CVar [[r.DOF.Gather.EnableBokehSettings:0       ; no bokeh simulation when gathering]]
[2019.01.29-19.42.24:753][  0]LogConfig: Setting CVar [[r.DOF.Gather.RingCount:4                 ; medium number of samples when gathering]]
[2019.01.29-19.42.24:753][  0]LogConfig: Setting CVar [[r.DOF.Scatter.ForegroundCompositing:1    ; additive foreground scattering]]
[2019.01.29-19.42.24:753][  0]LogConfig: Setting CVar [[r.DOF.Scatter.BackgroundCompositing:2    ; additive background scattering]]
[2019.01.29-19.42.24:753][  0]LogConfig: Setting CVar [[r.DOF.Scatter.EnableBokehSettings:1      ; bokeh simulation when scattering]]
[2019.01.29-19.42.24:753][  0]LogConfig: Setting CVar [[r.DOF.Scatter.MaxSpriteRatio:0.1         ; only a maximum of 10% of scattered bokeh]]
[2019.01.29-19.42.24:753][  0]LogConfig: Setting CVar [[r.DOF.Recombine.Quality:1                ; cheap slight out of focus]]
[2019.01.29-19.42.24:753][  0]LogConfig: Setting CVar [[r.DOF.Recombine.EnableBokehSettings:0    ; no bokeh simulation on slight out of focus]]
[2019.01.29-19.42.24:753][  0]LogConfig: Setting CVar [[r.DOF.TemporalAAQuality:1                ; more stable temporal accumulation]]
[2019.01.29-19.42.24:753][  0]LogConfig: Setting CVar [[r.DOF.Kernel.MaxForegroundRadius:0.025]]
[2019.01.29-19.42.24:753][  0]LogConfig: Setting CVar [[r.DOF.Kernel.MaxBackgroundRadius:0.025]]
[2019.01.29-19.42.24:753][  0]LogConfig: Applying CVar settings from Section [TextureQuality@3] File [C:/Users/pulc/Desktop/HTW/Game Engines/Unreal/Tutoriál/HTW-GameEngines-ProjektUnreal/ProjectUnreal/Saved/Config/Windows/Scalability.ini]
[2019.01.29-19.42.24:753][  0]LogConfig: Setting CVar [[r.Streaming.MipBias:0]]
[2019.01.29-19.42.24:753][  0]LogConfig: Setting CVar [[r.Streaming.AmortizeCPUToGPUCopy:0]]
[2019.01.29-19.42.24:754][  0]LogConfig: Setting CVar [[r.Streaming.MaxNumTexturesToStreamPerFrame:0]]
[2019.01.29-19.42.24:754][  0]LogConfig: Setting CVar [[r.Streaming.Boost:1]]
[2019.01.29-19.42.24:754][  0]LogConfig: Setting CVar [[r.MaxAnisotropy:8]]
[2019.01.29-19.42.24:754][  0]LogConfig: Setting CVar [[r.Streaming.LimitPoolSizeToVRAM:0]]
[2019.01.29-19.42.24:754][  0]LogConfig: Setting CVar [[r.Streaming.PoolSize:1000]]
[2019.01.29-19.42.24:754][  0]LogConfig: Setting CVar [[r.Streaming.MaxEffectiveScreenSize:0]]
[2019.01.29-19.42.24:754][  0]LogConfig: Applying CVar settings from Section [EffectsQuality@3] File [C:/Users/pulc/Desktop/HTW/Game Engines/Unreal/Tutoriál/HTW-GameEngines-ProjektUnreal/ProjectUnreal/Saved/Config/Windows/Scalability.ini]
[2019.01.29-19.42.24:754][  0]LogConfig: Setting CVar [[r.TranslucencyLightingVolumeDim:64]]
[2019.01.29-19.42.24:754][  0]LogConfig: Setting CVar [[r.RefractionQuality:2]]
[2019.01.29-19.42.24:754][  0]LogConfig: Setting CVar [[r.SSR.Quality:3]]
[2019.01.29-19.42.24:754][  0]LogConfig: Setting CVar [[r.SceneColorFormat:4]]
[2019.01.29-19.42.24:754][  0]LogConfig: Setting CVar [[r.DetailMode:2]]
[2019.01.29-19.42.24:754][  0]LogConfig: Setting CVar [[r.TranslucencyVolumeBlur:1]]
[2019.01.29-19.42.24:754][  0]LogConfig: Setting CVar [[r.MaterialQualityLevel:1 ; High quality]]
[2019.01.29-19.42.24:754][  0]LogConfig: Setting CVar [[r.SSS.Scale:1]]
[2019.01.29-19.42.24:754][  0]LogConfig: Setting CVar [[r.SSS.SampleSet:2]]
[2019.01.29-19.42.24:754][  0]LogConfig: Setting CVar [[r.SSS.Quality:1]]
[2019.01.29-19.42.24:754][  0]LogConfig: Setting CVar [[r.SSS.HalfRes:1]]
[2019.01.29-19.42.24:754][  0]LogConfig: Setting CVar [[r.EmitterSpawnRateScale:1.0]]
[2019.01.29-19.42.24:754][  0]LogConfig: Setting CVar [[r.ParticleLightQuality:2]]
[2019.01.29-19.42.24:754][  0]LogConfig: Applying CVar settings from Section [FoliageQuality@3] File [C:/Users/pulc/Desktop/HTW/Game Engines/Unreal/Tutoriál/HTW-GameEngines-ProjektUnreal/ProjectUnreal/Saved/Config/Windows/Scalability.ini]
[2019.01.29-19.42.24:754][  0]LogConfig: Setting CVar [[foliage.DensityScale:1.0]]
[2019.01.29-19.42.24:754][  0]LogConfig: Setting CVar [[grass.DensityScale:1.0]]
[2019.01.29-19.42.24:754][  0]LogConfig: Applying CVar settings from Section [Startup] File [../../../Engine/Config/ConsoleVariables.ini]
[2019.01.29-19.42.24:755][  0]LogConfig: Setting CVar [[net.UseAdaptiveNetUpdateFrequency:0]]
[2019.01.29-19.42.24:755][  0]LogConfig: Applying CVar settings from Section [ConsoleVariables] File [C:/Users/pulc/Desktop/HTW/Game Engines/Unreal/Tutoriál/HTW-GameEngines-ProjektUnreal/ProjectUnreal/Saved/Config/Windows/Engine.ini]
[2019.01.29-19.42.24:755][  0]LogInit: Computer: MSI
[2019.01.29-19.42.24:755][  0]LogInit: User: pulc
[2019.01.29-19.42.24:755][  0]LogInit: CPU Page size=4096, Cores=4
[2019.01.29-19.42.24:755][  0]LogInit: High frequency timer resolution =2.531254 MHz
[2019.01.29-19.42.24:755][  0]LogMemory: Memory total: Physical=15.8GB (16GB approx)
[2019.01.29-19.42.24:755][  0]LogMemory: Platform Memory Stats for Windows
[2019.01.29-19.42.24:756][  0]LogMemory: Process Physical Memory: 102.31 MB used, 102.31 MB peak
[2019.01.29-19.42.24:756][  0]LogMemory: Process Virtual Memory: 91.90 MB used, 91.90 MB peak
[2019.01.29-19.42.24:756][  0]LogMemory: Physical Memory: 6506.33 MB used,  9722.99 MB free, 16229.32 MB total
[2019.01.29-19.42.24:756][  0]LogMemory: Virtual Memory: 4639.38 MB used,  134213088.00 MB free, 134217728.00 MB total
[2019.01.29-19.42.24:790][  0]LogInit: Using OS detected language (en-US).
[2019.01.29-19.42.24:790][  0]LogInit: Using OS detected locale (de-DE).
[2019.01.29-19.42.24:791][  0]LogTextLocalizationManager: No specific localization for 'en-US' exists, so the 'en' localization will be used.
[2019.01.29-19.42.25:281][  0]LogStreaming: Display: Took  0.491s to InitEngineTextLocalization.
[2019.01.29-19.42.25:281][  0]LogInit: Setting process to per monitor DPI aware
[2019.01.29-19.42.25:311][  0]LogSlate: New Slate User Created.  User Index 0, Is Virtual User: 0
[2019.01.29-19.42.25:311][  0]LogSlate: Slate User Registered.  User Index 0, Is Virtual User: 0
[2019.01.29-19.42.25:622][  0]LogHMD: Failed to initialize OpenVR with code 110
[2019.01.29-19.42.25:622][  0]LogD3D11RHI: D3D11 adapters:
[2019.01.29-19.42.25:692][  0]LogD3D11RHI:    0. 'NVIDIA GeForce GTX 960M' (Feature Level 11_0)
[2019.01.29-19.42.25:692][  0]LogD3D11RHI:       2010/0/8114 MB DedicatedVideo/DedicatedSystem/SharedSystem, Outputs:1, VendorId:0x10de
[2019.01.29-19.42.25:708][  0]LogD3D11RHI:    1. 'Intel(R) HD Graphics 530' (Feature Level 11_0)
[2019.01.29-19.42.25:708][  0]LogD3D11RHI:       128/0/8114 MB DedicatedVideo/DedicatedSystem/SharedSystem, Outputs:0, VendorId:0x8086
[2019.01.29-19.42.25:711][  0]LogD3D11RHI:    2. 'Microsoft Basic Render Driver' (Feature Level 11_0)
[2019.01.29-19.42.25:711][  0]LogD3D11RHI:       0/0/8114 MB DedicatedVideo/DedicatedSystem/SharedSystem, Outputs:0, VendorId:0x1414
[2019.01.29-19.42.25:711][  0]LogD3D11RHI: Chosen D3D11 Adapter: 0
[2019.01.29-19.42.25:754][  0]LogD3D11RHI: Creating new Direct3DDevice
[2019.01.29-19.42.25:754][  0]LogD3D11RHI:     GPU DeviceId: 0x139b (for the marketing name, search the web for "GPU Device Id")
[2019.01.29-19.42.25:754][  0]LogWindows: EnumDisplayDevices:
[2019.01.29-19.42.25:755][  0]LogWindows:    0. 'Intel(R) HD Graphics 530' (P:1 D:1)
[2019.01.29-19.42.25:755][  0]LogWindows:    1. 'Intel(R) HD Graphics 530' (P:0 D:0)
[2019.01.29-19.42.25:756][  0]LogWindows:    2. 'Intel(R) HD Graphics 530' (P:0 D:0)
[2019.01.29-19.42.25:756][  0]LogWindows: DebugString: PrimaryIsNotTheChoosenAdapter PrimaryIsNotTheChoosenAdapter PrimaryIsNotTheChoosenAdapter FoundDriverCount:0 
[2019.01.29-19.42.25:756][  0]LogD3D11RHI:     Adapter Name: NVIDIA GeForce GTX 960M
[2019.01.29-19.42.25:756][  0]LogD3D11RHI:   Driver Version: Unknown (internal:Unknown, unified:Unknown)
[2019.01.29-19.42.25:756][  0]LogD3D11RHI:      Driver Date: Unknown
[2019.01.29-19.42.25:756][  0]LogRHI: Texture pool is 1407 MB (70% of 2010 MB)
[2019.01.29-19.42.25:799][  0]LogD3D11RHI: Async texture creation enabled
[2019.01.29-19.42.25:819][  0]LogD3D11RHI: GPU Timing Frequency: 1000.000000 (Debug: 2 2)
[2019.01.29-19.42.26:226][  0]LogTemp: Display: Loaded TP AllDesktopTargetPlatform
[2019.01.29-19.42.26:242][  0]LogTemp: Display: Loaded TP MacClientTargetPlatform
[2019.01.29-19.42.26:257][  0]LogTemp: Display: Loaded TP MacNoEditorTargetPlatform
[2019.01.29-19.42.26:273][  0]LogTemp: Display: Loaded TP MacServerTargetPlatform
[2019.01.29-19.42.26:289][  0]LogTemp: Display: Loaded TP MacTargetPlatform
[2019.01.29-19.42.26:305][  0]LogTemp: Display: Loaded TP WindowsClientTargetPlatform
[2019.01.29-19.42.26:320][  0]LogTemp: Display: Loaded TP WindowsNoEditorTargetPlatform
[2019.01.29-19.42.26:337][  0]LogTemp: Display: Loaded TP WindowsServerTargetPlatform
[2019.01.29-19.42.26:345][  0]LogTemp: Display: Loaded TP WindowsTargetPlatform
[2019.01.29-19.42.26:428][  0]LogTemp: Display: Loaded TP AndroidTargetPlatform
[2019.01.29-19.42.26:429][  0]LogTemp: Display: Loaded TP AndroidTargetPlatform
[2019.01.29-19.42.26:429][  0]LogTemp: Display: Loaded TP AndroidTargetPlatform
[2019.01.29-19.42.26:429][  0]LogTemp: Display: Loaded TP AndroidTargetPlatform
[2019.01.29-19.42.26:429][  0]LogTemp: Display: Loaded TP AndroidTargetPlatform
[2019.01.29-19.42.26:429][  0]LogTemp: Display: Loaded TP AndroidTargetPlatform
[2019.01.29-19.42.26:429][  0]LogTemp: Display: Loaded TP AndroidTargetPlatform
[2019.01.29-19.42.26:429][  0]LogTemp: Display: Loaded TP AndroidTargetPlatform
[2019.01.29-19.42.26:429][  0]LogTemp: Display: Loaded TP AndroidTargetPlatform
[2019.01.29-19.42.26:429][  0]LogTemp: Display: Loaded TP AndroidTargetPlatform
[2019.01.29-19.42.26:429][  0]LogTemp: Display: Loaded TP AndroidTargetPlatform
[2019.01.29-19.42.26:429][  0]LogTemp: Display: Loaded TP AndroidTargetPlatform
[2019.01.29-19.42.26:429][  0]LogTemp: Display: Loaded TP AndroidTargetPlatform
[2019.01.29-19.42.26:429][  0]LogTemp: Display: Loaded TP AndroidTargetPlatform
[2019.01.29-19.42.26:429][  0]LogTemp: Display: Loaded TP AndroidTargetPlatform
[2019.01.29-19.42.26:429][  0]LogTemp: Display: Loaded TP AndroidTargetPlatform
[2019.01.29-19.42.26:429][  0]LogTemp: Display: Loaded TP AndroidTargetPlatform
[2019.01.29-19.42.26:429][  0]LogTemp: Display: Loaded TP AndroidTargetPlatform
[2019.01.29-19.42.26:431][  0]LogTemp: Display: Loaded TP HTML5TargetPlatform
[2019.01.29-19.42.26:502][  0]LogTemp: Display: Loaded TP IOSTargetPlatform
[2019.01.29-19.42.26:502][  0]LogTemp: Display: Loaded TP IOSTargetPlatform
[2019.01.29-19.42.26:551][  0]LogTemp: Display: Loaded TP TVOSTargetPlatform
[2019.01.29-19.42.26:551][  0]LogTemp: Display: Loaded TP TVOSTargetPlatform
[2019.01.29-19.42.26:569][  0]LogTemp: Display: Loaded TP LinuxClientTargetPlatform
[2019.01.29-19.42.26:585][  0]LogTemp: Display: Loaded TP LinuxNoEditorTargetPlatform
[2019.01.29-19.42.26:601][  0]LogTemp: Display: Loaded TP LinuxServerTargetPlatform
[2019.01.29-19.42.26:615][  0]LogTemp: Display: Loaded TP LinuxTargetPlatform
[2019.01.29-19.42.26:668][  0]LogTemp: Display: Loaded TP LuminTargetPlatform
[2019.01.29-19.42.26:668][  0]LogTemp: Display: Loaded TP LuminTargetPlatform
[2019.01.29-19.42.26:668][  0]LogTargetPlatformManager: Display: Building Assets For Windows
[2019.01.29-19.42.26:761][  0]LogShaderCompilers: Guid format shader working directory is -69 characters bigger than the processId version (../../../../../../Users/pulc/Desktop/HTW/Game Engines/Unreal/Tutoriál/HTW-GameEngines-ProjektUnreal/ProjectUnreal/Intermediate/Shaders/WorkingDirectory/14632/).
[2019.01.29-19.42.26:761][  0]LogShaderCompilers: Cleaned the shader compiler working directory 'C:/Users/pulc/AppData/Local/Temp/UnrealShaderWorkingDir/C4A8473D498A9628C77B58B7168B1E90/'.
[2019.01.29-19.42.26:765][  0]LogXGEController: Cannot use XGE Controller as Incredibuild is not installed on this machine.
[2019.01.29-19.42.26:765][  0]LogShaderCompilers: Cannot use XGE Shader Compiler as Incredibuild is not installed on this machine.
[2019.01.29-19.42.26:765][  0]LogShaderCompilers: Display: Using Local Shader Compiler.
[2019.01.29-19.42.27:379][  0]LogDerivedDataCache: Display: Max Cache Size: 512 MB
[2019.01.29-19.42.27:439][  0]LogDerivedDataCache: Loaded boot cache 0.06s 71MB C:/Users/pulc/AppData/Local/UnrealEngine/4.21/DerivedDataCache/Boot.ddc.
[2019.01.29-19.42.27:439][  0]LogDerivedDataCache: Display: Loaded Boot cache: C:/Users/pulc/AppData/Local/UnrealEngine/4.21/DerivedDataCache/Boot.ddc
[2019.01.29-19.42.27:440][  0]LogDerivedDataCache: FDerivedDataBackendGraph:  Pak pak cache file ../../../../../../Users/pulc/Desktop/HTW/Game Engines/Unreal/Tutoriál/HTW-GameEngines-ProjektUnreal/ProjectUnreal/DerivedDataCache/DDC.ddp not found, will not use a pak cache.
[2019.01.29-19.42.27:440][  0]LogDerivedDataCache: Unable to find inner node Pak for hierarchical cache Hierarchy.
[2019.01.29-19.42.27:440][  0]LogDerivedDataCache: FDerivedDataBackendGraph:  CompressedPak pak cache file ../../../../../../Users/pulc/Desktop/HTW/Game Engines/Unreal/Tutoriál/HTW-GameEngines-ProjektUnreal/ProjectUnreal/DerivedDataCache/Compressed.ddp not found, will not use a pak cache.
[2019.01.29-19.42.27:440][  0]LogDerivedDataCache: Unable to find inner node CompressedPak for hierarchical cache Hierarchy.
[2019.01.29-19.42.27:454][  0]LogDerivedDataCache: Display: Pak cache opened for reading ../../../Engine/DerivedDataCache/Compressed.ddp.
[2019.01.29-19.42.27:458][  0]LogDerivedDataCache: Display: Pak cache opened for reading ../../../Enterprise/DerivedDataCache/Compressed.ddp.
[2019.01.29-19.42.27:470][  0]LogDerivedDataCache: Using Local data cache path C:/Users/pulc/AppData/Local/UnrealEngine/Common/DerivedDataCache: Writable
[2019.01.29-19.42.27:470][  0]LogDerivedDataCache: Shared data cache path not found in *engine.ini, will not use an Shared cache.
[2019.01.29-19.42.27:470][  0]LogDerivedDataCache: Unable to find inner node Shared for hierarchical cache Hierarchy.
[2019.01.29-19.42.27:496][  0]LogMaterial: Verifying Global Shaders for PCD3D_SM5
[2019.01.29-19.42.27:497][  0]LogSlate: Using FreeType 2.6.0
[2019.01.29-19.42.27:498][  0]LogSlate: SlateFontServices - WITH_FREETYPE: 1, WITH_HARFBUZZ: 1
[2019.01.29-19.42.27:611][  0]LogAssetRegistry: FAssetRegistry took 0.0351 seconds to start up
[2019.01.29-19.42.27:981][  0]LogInit: Selected Device Profile: [Windows]
[2019.01.29-19.42.28:173][  0]LogSimplygon: Simplygon DLL not present - disabling.
[2019.01.29-19.42.28:179][  0]LogMeshReduction: Using SimplygonSwarm for distributed automatic mesh merging
[2019.01.29-19.42.28:179][  0]LogMeshReduction: Using ProxyLODMeshReduction for automatic mesh merging
[2019.01.29-19.42.28:179][  0]LogMeshReduction: Using QuadricMeshReduction for automatic static mesh reduction
[2019.01.29-19.42.28:179][  0]LogMeshReduction: No automatic skeletal mesh reduction module available
[2019.01.29-19.42.28:196][  0]LogNetVersion: ProjectUnreal 1.0.0, NetCL: 4541578, EngineNetVer: 5, GameNetVer: 0 (Checksum: 1356592797)
[2019.01.29-19.42.28:897][  0]LogPackageLocalizationCache: Processed 14 localized package path(s) for 2 prioritized culture(s) in 0.200371 seconds
[2019.01.29-19.42.28:904][  0]LogUObjectArray: 39775 objects as part of root set at end of initial load.
[2019.01.29-19.42.28:904][  0]LogUObjectAllocator: 6914656 out of 0 bytes used by permanent object pool.
[2019.01.29-19.42.28:904][  0]LogUObjectArray: CloseDisregardForGC: 0/0 objects in disregard for GC pool
[2019.01.29-19.42.30:082][  0]LogTcpMessaging: Initializing TcpMessaging bridge
[2019.01.29-19.42.30:098][  0]LogUdpMessaging: Initializing bridge on interface 0.0.0.0:0 to multicast group 230.0.0.1:6666.
[2019.01.29-19.42.31:128][  0]SourceControl: Source control is disabled
[2019.01.29-19.42.31:128][  0]SourceControl: Source control is disabled
[2019.01.29-19.42.31:131][  0]SourceControl: Source control is disabled
[2019.01.29-19.42.31:132][  0]SourceControl: Source control is disabled
[2019.01.29-19.42.31:327][  0]LogAndroidPermission: UAndroidPermissionCallbackProxy::GetInstance
[2019.01.29-19.42.31:402][  0]LogOcInput: OculusInput pre-init called
[2019.01.29-19.42.33:903][  0]LogEngine: Initializing Engine...
[2019.01.29-19.42.33:904][  0]LogHMD: Failed to initialize OpenVR with code 110
[2019.01.29-19.42.33:905][  0]LogStats: UGameplayTagsManager::ConstructGameplayTagTree: ImportINI prefixes -  0.000 s
[2019.01.29-19.42.33:905][  0]LogStats: UGameplayTagsManager::ConstructGameplayTagTree: Construct from data asset -  0.000 s
[2019.01.29-19.42.33:905][  0]LogStats: UGameplayTagsManager::ConstructGameplayTagTree: ImportINI -  0.000 s
[2019.01.29-19.42.33:905][  0]LogStats: UGameplayTagsManager::ConstructGameplayTagTree: GameplayTagTreeChangedEvent.Broadcast -  0.000 s
[2019.01.29-19.42.34:173][  0]LogInit: Initializing FReadOnlyCVARCache
[2019.01.29-19.42.34:195][  0]LogAIModule: Creating AISystem for world Untitled
[2019.01.29-19.42.34:213][  0]LogInit: XAudio2 using 'Speakers (Realtek High Definition Audio)' : 2 channels at 48 kHz using 32 bits per sample (channel mask 0x3)
[2019.01.29-19.42.34:316][  0]LogInit: FAudioDevice initialized.
[2019.01.29-19.42.34:316][  0]LogNetVersion: Set ProjectVersion to 1.0.0.0. Version Checksum will be recalculated on next use.
[2019.01.29-19.42.34:558][  0]LogDerivedDataCache: Saved boot cache 0.24s 71MB C:/Users/pulc/AppData/Local/UnrealEngine/4.21/DerivedDataCache/Boot.ddc.
[2019.01.29-19.42.34:588][  0]LogInit: Texture streaming: Enabled
[2019.01.29-19.42.34:623][  0]LogEngineSessionManager: EngineSessionManager initialized
[2019.01.29-19.42.34:642][  0]LogInit: Transaction tracking system initialized
[2019.01.29-19.42.34:680][  0]BlueprintLog: New page: Editor Load
[2019.01.29-19.42.34:797][  0]LocalizationService: Localization service is disabled
[2019.01.29-19.42.35:468][  0]LogCook: Display: Max memory allowance for cook 16384mb min free memory 0mb
[2019.01.29-19.42.35:468][  0]LogCook: Display: Mobile HDR setting 1
[2019.01.29-19.42.35:468][  0]LogGameplayTags: Display: UGameplayTagsManager::DoneAddingNativeTags. DelegateIsBound: 0
[2019.01.29-19.42.35:468][  0]LogStats: UGameplayTagsManager::ConstructGameplayTagTree: ImportINI prefixes -  0.000 s
[2019.01.29-19.42.35:468][  0]LogStats: UGameplayTagsManager::ConstructGameplayTagTree: Construct from data asset -  0.000 s
[2019.01.29-19.42.35:469][  0]LogStats: UGameplayTagsManager::ConstructGameplayTagTree: ImportINI -  0.000 s
[2019.01.29-19.42.35:469][  0]LogStats: UGameplayTagsManager::ConstructGameplayTagTree: GameplayTagTreeChangedEvent.Broadcast -  0.000 s
[2019.01.29-19.42.35:816][  0]LogFileCache: Scanning file cache for directory 'C:/Users/pulc/Desktop/HTW/Game Engines/Unreal/Tutoriál/HTW-GameEngines-ProjektUnreal/ProjectUnreal/Content/' took 0.04s
[2019.01.29-19.42.37:820][  0]SourceControl: Source control is disabled
[2019.01.29-19.42.37:854][  0]LightingResults: New page: Lighting Build
[2019.01.29-19.42.37:858][  0]MapCheck: New page: Map Check
[2019.01.29-19.42.37:858][  0]LightingResults: New page: Lighting Build
[2019.01.29-19.42.42:293][  0]LogAIModule: Creating AISystem for world FirstPersonExampleMap
[2019.01.29-19.42.44:255][  0]LogEditorServer: Finished looking for orphan Actors (0.000 secs)
[2019.01.29-19.42.44:302][  0]Cmd: MAP CHECKDEP NOCLEARLOG
[2019.01.29-19.42.44:303][  0]MapCheck: Map check complete: 0 Error(s), 0 Warning(s), took 0,182ms to complete.
[2019.01.29-19.42.44:303][  0]LogFileHelpers: Loading map 'FirstPersonExampleMap' took 6.483
[2019.01.29-19.42.44:566][  0]LogSlate: Updating window title bar state: overlay mode, drag disabled, window buttons hidden, title bar hidden
[2019.01.29-19.42.44:575][  0]LogSlate: Updating window title bar state: overlay mode, drag disabled, window buttons hidden, title bar hidden
[2019.01.29-19.42.44:584][  0]LogSlate: Updating window title bar state: overlay mode, drag disabled, window buttons hidden, title bar hidden
[2019.01.29-19.42.44:593][  0]LogSlate: Updating window title bar state: overlay mode, drag disabled, window buttons hidden, title bar hidden
[2019.01.29-19.42.44:679][  0]LogCollectionManager: Loaded 0 collections in 0.008325 seconds
[2019.01.29-19.42.44:713][  0]LogFileCache: Scanning file cache for directory 'C:/Users/pulc/Desktop/HTW/Game Engines/Unreal/Tutoriál/HTW-GameEngines-ProjektUnreal/ProjectUnreal/Saved/Collections/' took 0.01s
[2019.01.29-19.42.44:713][  0]LogFileCache: Scanning file cache for directory 'C:/Users/pulc/Desktop/HTW/Game Engines/Unreal/Tutoriál/HTW-GameEngines-ProjektUnreal/ProjectUnreal/Content/Developers/pulc/Collections/' took 0.00s
[2019.01.29-19.42.44:713][  0]LogFileCache: Scanning file cache for directory 'C:/Users/pulc/Desktop/HTW/Game Engines/Unreal/Tutoriál/HTW-GameEngines-ProjektUnreal/ProjectUnreal/Content/Collections/' took 0.01s
[2019.01.29-19.42.44:713][  0]LogCollectionManager: Rebuilt the GUID cache for 0 collections in 0.000000 seconds
[2019.01.29-19.42.44:730][  0]LogContentBrowser: Native class hierarchy populated in 0.0167 seconds. Added 2709 classes and 653 folders.
[2019.01.29-19.42.44:752][  0]LogContentBrowser: Native class hierarchy updated for 'WidgetCarousel' in 0.0006 seconds. Added 0 classes and 0 folders.
[2019.01.29-19.42.44:813][  0]LogPakFile: Registered encryption key '00000000000000000000000000000000': 0 pak files mounted, 0 remain pending
[2019.01.29-19.42.44:828][  0]LogPakFile: Registered encryption key '00000000000000000000000000000000': 0 pak files mounted, 0 remain pending
[2019.01.29-19.42.44:832][  0]LogPakFile: Registered encryption key '00000000000000000000000000000000': 0 pak files mounted, 0 remain pending
[2019.01.29-19.42.44:835][  0]LogPakFile: Registered encryption key '00000000000000000000000000000000': 0 pak files mounted, 0 remain pending
[2019.01.29-19.42.44:839][  0]LogPakFile: Registered encryption key '00000000000000000000000000000000': 0 pak files mounted, 0 remain pending
[2019.01.29-19.42.44:842][  0]LogPakFile: Registered encryption key '00000000000000000000000000000000': 0 pak files mounted, 0 remain pending
[2019.01.29-19.42.44:846][  0]LogPakFile: Registered encryption key '00000000000000000000000000000000': 0 pak files mounted, 0 remain pending
[2019.01.29-19.42.44:850][  0]LogPakFile: Registered encryption key '00000000000000000000000000000000': 0 pak files mounted, 0 remain pending
[2019.01.29-19.42.44:853][  0]LogPakFile: Registered encryption key '00000000000000000000000000000000': 0 pak files mounted, 0 remain pending
[2019.01.29-19.42.44:857][  0]LogPakFile: Registered encryption key '00000000000000000000000000000000': 0 pak files mounted, 0 remain pending
[2019.01.29-19.42.44:861][  0]LogPakFile: Registered encryption key '00000000000000000000000000000000': 0 pak files mounted, 0 remain pending
[2019.01.29-19.42.44:864][  0]LogPakFile: Registered encryption key '00000000000000000000000000000000': 0 pak files mounted, 0 remain pending
[2019.01.29-19.42.44:868][  0]LogPakFile: Registered encryption key '00000000000000000000000000000000': 0 pak files mounted, 0 remain pending
[2019.01.29-19.42.44:871][  0]LogPakFile: Registered encryption key '00000000000000000000000000000000': 0 pak files mounted, 0 remain pending
[2019.01.29-19.42.44:874][  0]LogPakFile: Registered encryption key '00000000000000000000000000000000': 0 pak files mounted, 0 remain pending
[2019.01.29-19.42.44:876][  0]LogPakFile: Registered encryption key '00000000000000000000000000000000': 0 pak files mounted, 0 remain pending
[2019.01.29-19.42.44:877][  0]LogPakFile: Registered encryption key '00000000000000000000000000000000': 0 pak files mounted, 0 remain pending
[2019.01.29-19.42.44:880][  0]LogPakFile: Registered encryption key '00000000000000000000000000000000': 0 pak files mounted, 0 remain pending
[2019.01.29-19.42.44:882][  0]LogPakFile: Registered encryption key '00000000000000000000000000000000': 0 pak files mounted, 0 remain pending
[2019.01.29-19.42.44:884][  0]LogPakFile: Registered encryption key '00000000000000000000000000000000': 0 pak files mounted, 0 remain pending
[2019.01.29-19.42.44:886][  0]LogPakFile: Registered encryption key '00000000000000000000000000000000': 0 pak files mounted, 0 remain pending
[2019.01.29-19.42.44:889][  0]LogPakFile: Registered encryption key '00000000000000000000000000000000': 0 pak files mounted, 0 remain pending
[2019.01.29-19.42.44:891][  0]LogPakFile: Registered encryption key '00000000000000000000000000000000': 0 pak files mounted, 0 remain pending
[2019.01.29-19.42.44:894][  0]LogPakFile: Registered encryption key '00000000000000000000000000000000': 0 pak files mounted, 0 remain pending
[2019.01.29-19.42.44:897][  0]LogPakFile: Registered encryption key '00000000000000000000000000000000': 0 pak files mounted, 0 remain pending
[2019.01.29-19.42.44:920][  0]LogPakFile: Registered encryption key '00000000000000000000000000000000': 0 pak files mounted, 0 remain pending
[2019.01.29-19.42.44:936][  0]LogPakFile: Registered encryption key '00000000000000000000000000000000': 0 pak files mounted, 0 remain pending
[2019.01.29-19.42.44:951][  0]LogPakFile: Registered encryption key '00000000000000000000000000000000': 0 pak files mounted, 0 remain pending
[2019.01.29-19.42.46:083][  0]LogContentBrowser: Native class hierarchy updated for 'AddContentDialog' in 0.0008 seconds. Added 0 classes and 0 folders.
[2019.01.29-19.42.46:102][  0]LogContentBrowser: Native class hierarchy updated for 'SceneOutliner' in 0.0010 seconds. Added 1 classes and 2 folders.
[2019.01.29-19.42.46:171][  0]LogSlate: Took 0.000397 seconds to synchronously load lazily loaded font '../../../Engine/Content/Slate/Fonts/Roboto-Regular.ttf' (155K)
[2019.01.29-19.42.46:175][  0]LogSlate: Took 0.000390 seconds to synchronously load lazily loaded font '../../../Engine/Content/Slate/Fonts/Roboto-Bold.ttf' (160K)
[2019.01.29-19.42.46:211][  0]LogSlate: Took 0.027088 seconds to synchronously load lazily loaded font '../../../Engine/Content/Editor/Slate/Fonts/FontAwesome.ttf' (139K)
[2019.01.29-19.42.46:446][  0]LogRenderer: Reallocating scene render targets to support 1208x576 Format 10 NumSamples 1 (Frame:1).
[2019.01.29-19.42.46:547][  0]LogSlate: Took 0.015387 seconds to synchronously load lazily loaded font '../../../Engine/Content/Slate/Fonts/Roboto-Light.ttf' (167K)
[2019.01.29-19.42.46:707][  0]LogContentBrowser: Native class hierarchy updated for 'HierarchicalLODOutliner' in 0.0009 seconds. Added 0 classes and 0 folders.
[2019.01.29-19.42.46:707][  0]LogLoad: (Engine Initialization) Total time: 25.48 seconds
[2019.01.29-19.42.46:707][  0]LogLoad: (Engine Initialization) Total Blueprint compile time: 0.00 seconds
[2019.01.29-19.42.46:822][  0]LogContentStreaming: Texture pool size now 1000 MB
[2019.01.29-19.42.47:328][  3]LogAssetRegistry: Asset discovery search completed in 19.7390 seconds
[2019.01.29-19.42.47:330][  3]LogCollectionManager: Rebuilt the object cache for 0 collections in 0.000000 seconds (found 0 objects)
[2019.01.29-19.42.47:330][  3]LogCollectionManager: Fixed up redirectors for 0 collections in 0.000061 seconds (updated 0 objects)
[2019.01.29-19.50.48:276][883]LogSlate: FSceneViewport::OnFocusLost() reason 0
[2019.01.29-19.50.58:099][253]LogSlate: Took 0.000308 seconds to synchronously load lazily loaded font '../../../Engine/Content/Slate/Fonts/Roboto-Light.ttf' (167K)
[2019.01.29-19.50.58:113][253]LogAssetEditorManager: Opening Asset editor for Material /Game/Materials/M_Landscape.M_Landscape
[2019.01.29-19.50.58:116][253]LogMaterial: Display: Missing cached shader map for material M_Landscape, compiling. 
[2019.01.29-19.50.59:794][253]LogMaterial: Display: Missing cached shader map for material M_Landscape, compiling. 
[2019.01.29-19.50.59:813][253]LogMaterial: Display: Missing cached shader map for material M_Landscape, compiling. 
[2019.01.29-19.50.59:827][253]LogShaderCompilers: Display: Shaders left to compile 21
[2019.01.29-19.50.59:827][253]LogShaderCompilers: Display: Shaders left to compile 20
[2019.01.29-19.50.59:827][253]LogShaderCompilers: Display: Shaders left to compile 19
[2019.01.29-19.50.59:827][253]LogShaderCompilers: Display: Shaders left to compile 18
[2019.01.29-19.50.59:858][253]LogMaterial: Display: Missing cached shader map for material FMatExpressionPreview MaterialExpressionConstant3Vector_1, compiling. 
[2019.01.29-19.50.59:866][253]LogMaterial: Display: Missing cached shader map for material FMatExpressionPreview MaterialExpressionScalarParameter_0, compiling. 
[2019.01.29-19.50.59:946][253]LogSlate: Took 0.050607 seconds to synchronously load lazily loaded font '../../../Engine/Content/Slate/Fonts/Roboto-BoldCondensed.ttf' (158K)
[2019.01.29-19.51.00:495][254]LogSlate: Took 0.040672 seconds to synchronously load lazily loaded font '../../../Engine/Content/Slate/Fonts/Roboto-Italic.ttf' (157K)
[2019.01.29-19.51.02:650][330]LogSlate: Window 'M_Landscape' being destroyed
[2019.01.29-19.51.02:739][336]LogShaderCompilers: Display: Shaders left to compile 21
[2019.01.29-19.51.02:764][337]LogShaderCompilers: Display: Shaders left to compile 20
[2019.01.29-19.51.02:764][337]LogShaderCompilers: Display: Shaders left to compile 19
[2019.01.29-19.51.02:775][338]LogShaderCompilers: Display: Shaders left to compile 18
[2019.01.29-19.51.02:958][349]LogShaderCompilers: Display: Shaders left to compile 17
[2019.01.29-19.51.03:026][353]LogShaderCompilers: Display: Shaders left to compile 16
[2019.01.29-19.51.03:026][353]LogShaderCompilers: Display: Shaders left to compile 15
[2019.01.29-19.51.03:026][353]LogShaderCompilers: Display: Shaders left to compile 14
[2019.01.29-19.51.03:198][363]LogShaderCompilers: Display: Shaders left to compile 13
[2019.01.29-19.51.03:364][373]LogShaderCompilers: Display: Shaders left to compile 12
[2019.01.29-19.51.03:614][388]LogShaderCompilers: Display: Shaders left to compile 11
[2019.01.29-19.51.03:647][390]LogShaderCompilers: Display: Shaders left to compile 10
[2019.01.29-19.51.03:780][398]LogShaderCompilers: Display: Shaders left to compile 9
[2019.01.29-19.51.03:963][409]LogShaderCompilers: Display: Shaders left to compile 8
[2019.01.29-19.51.04:028][413]LogShaderCompilers: Display: Shaders left to compile 7
[2019.01.29-19.51.04:210][424]LogShaderCompilers: Display: Shaders left to compile 6
[2019.01.29-19.51.04:260][427]LogShaderCompilers: Display: Shaders left to compile 5
[2019.01.29-19.51.04:362][433]LogShaderCompilers: Display: Shaders left to compile 4
[2019.01.29-19.51.04:468][437]LogShaderCompilers: Display: Shaders left to compile 3
[2019.01.29-19.51.04:553][442]LogShaderCompilers: Display: Shaders left to compile 2
[2019.01.29-19.51.04:708][451]LogShaderCompilers: Display: Shaders left to compile 1
[2019.01.29-19.51.04:731][452]MaterialEditorStats: Base pass shader: 105 instructions
[2019.01.29-19.51.04:731][452]MaterialEditorStats: Base pass shader with Volumetric Lightmap: 179 instructions
[2019.01.29-19.51.04:731][452]MaterialEditorStats: Base pass vertex shader: 32 instructions
[2019.01.29-19.51.04:731][452]MaterialEditorStats: Texture samplers: 3/16
[2019.01.29-19.51.10:143][749]LogMaterial: Display: Missing cached shader map for material M_Landscape, compiling. 
[2019.01.29-19.51.10:161][749]LogShaderCompilers: Display: Shaders left to compile 21
[2019.01.29-19.51.10:162][749]LogShaderCompilers: Display: Shaders left to compile 20
[2019.01.29-19.51.10:162][749]LogShaderCompilers: Display: Shaders left to compile 19
[2019.01.29-19.51.10:162][749]LogShaderCompilers: Display: Shaders left to compile 18
[2019.01.29-19.51.10:183][749]LogMaterial: Display: Missing cached shader map for material FMatExpressionPreview MaterialExpressionConstant3Vector_1, compiling. 
[2019.01.29-19.51.10:414][761]LogShaderCompilers: Display: Shaders left to compile 19
[2019.01.29-19.51.10:485][765]LogShaderCompilers: Display: Shaders left to compile 18
[2019.01.29-19.51.10:485][765]LogShaderCompilers: Display: Shaders left to compile 17
[2019.01.29-19.51.10:485][765]LogShaderCompilers: Display: Shaders left to compile 16
[2019.01.29-19.51.10:647][775]LogShaderCompilers: Display: Shaders left to compile 15
[2019.01.29-19.51.10:680][777]LogShaderCompilers: Display: Shaders left to compile 14
[2019.01.29-19.51.10:712][779]LogShaderCompilers: Display: Shaders left to compile 13
[2019.01.29-19.51.10:725][780]LogShaderCompilers: Display: Shaders left to compile 12
[2019.01.29-19.51.10:859][788]LogShaderCompilers: Display: Shaders left to compile 11
[2019.01.29-19.51.11:027][798]LogShaderCompilers: Display: Shaders left to compile 10
[2019.01.29-19.51.11:228][810]LogShaderCompilers: Display: Shaders left to compile 9
[2019.01.29-19.51.11:294][814]LogShaderCompilers: Display: Shaders left to compile 8
[2019.01.29-19.51.11:411][821]LogShaderCompilers: Display: Shaders left to compile 7
[2019.01.29-19.51.11:549][829]LogShaderCompilers: Display: Shaders left to compile 6
[2019.01.29-19.51.11:616][833]LogShaderCompilers: Display: Shaders left to compile 5
[2019.01.29-19.51.11:900][850]LogShaderCompilers: Display: Shaders left to compile 4
[2019.01.29-19.51.11:900][850]LogShaderCompilers: Display: Shaders left to compile 3
[2019.01.29-19.51.12:049][859]LogShaderCompilers: Display: Shaders left to compile 2
[2019.01.29-19.51.12:133][864]LogShaderCompilers: Display: Shaders left to compile 1
[2019.01.29-19.51.12:342][876]LogSlate: Window 'Color Picker' being destroyed
[2019.01.29-19.51.12:454][881]MaterialEditorStats: Base pass shader: 105 instructions
[2019.01.29-19.51.12:454][881]MaterialEditorStats: Base pass shader with Volumetric Lightmap: 179 instructions
[2019.01.29-19.51.12:454][881]MaterialEditorStats: Base pass vertex shader: 32 instructions
[2019.01.29-19.51.12:454][881]MaterialEditorStats: Texture samplers: 3/16
[2019.01.29-19.51.13:354][935]LogMaterialEditor: Saving and Compiling material M_Landscape
[2019.01.29-19.51.13:823][935]LogMaterial: Display: Missing cached shader map for material M_Landscape, compiling. 
[2019.01.29-19.51.13:882][935]LogShaderCompilers: Display: Shaders left to compile 21
[2019.01.29-19.51.13:882][935]LogShaderCompilers: Display: Shaders left to compile 20
[2019.01.29-19.51.13:882][935]LogShaderCompilers: Display: Shaders left to compile 19
[2019.01.29-19.51.13:882][935]LogShaderCompilers: Display: Shaders left to compile 18
[2019.01.29-19.51.13:902][935]LogMaterial: Display: Missing cached shader map for material M_Landscape, compiling. 
[2019.01.29-19.51.13:929][935]LogMaterial: Display: Missing cached shader map for material M_Landscape, compiling. 
[2019.01.29-19.51.13:995][935]LogMaterial: Display: Missing cached shader map for material FDebugViewModeMaterialProxy M_Landscape, compiling. 
[2019.01.29-19.51.15:319][935]LogShaderCompilers: Display: Shaders left to compile 40
[2019.01.29-19.51.15:319][935]LogShaderCompilers: Display: Shaders left to compile 39
[2019.01.29-19.51.15:319][935]LogShaderCompilers: Display: Shaders left to compile 38
[2019.01.29-19.51.15:319][935]LogShaderCompilers: Display: Shaders left to compile 37
[2019.01.29-19.51.15:319][935]LogShaderCompilers: Display: Shaders left to compile 36
[2019.01.29-19.51.15:319][935]LogShaderCompilers: Display: Shaders left to compile 35
[2019.01.29-19.51.15:319][935]LogShaderCompilers: Display: Shaders left to compile 34
[2019.01.29-19.51.15:319][935]LogShaderCompilers: Display: Shaders left to compile 33
[2019.01.29-19.51.15:319][935]LogShaderCompilers: Display: Shaders left to compile 32
[2019.01.29-19.51.15:319][935]LogShaderCompilers: Display: Shaders left to compile 31
[2019.01.29-19.51.15:319][935]LogShaderCompilers: Display: Shaders left to compile 30
[2019.01.29-19.51.15:319][935]LogShaderCompilers: Display: Shaders left to compile 29
[2019.01.29-19.51.15:319][935]LogShaderCompilers: Display: Shaders left to compile 28
[2019.01.29-19.51.15:319][935]LogShaderCompilers: Display: Shaders left to compile 27
[2019.01.29-19.51.15:319][935]LogShaderCompilers: Display: Shaders left to compile 26
[2019.01.29-19.51.15:319][935]LogShaderCompilers: Display: Shaders left to compile 25
[2019.01.29-19.51.15:320][935]LogShaderCompilers: Display: Shaders left to compile 24
[2019.01.29-19.51.15:320][935]LogShaderCompilers: Display: Shaders left to compile 23
[2019.01.29-19.51.15:320][935]LogShaderCompilers: Display: Shaders left to compile 22
[2019.01.29-19.51.15:320][935]LogShaderCompilers: Display: Shaders left to compile 12
[2019.01.29-19.51.15:320][935]LogShaderCompilers: Display: Shaders left to compile 2
[2019.01.29-19.51.15:322][935]TextureStreamingBuild: Display: Compiling optional shaders took 1.336 seconds.
[2019.01.29-19.51.17:938][935]LogSavePackage: Moving '../../../../../../Users/pulc/Desktop/HTW/Game Engines/Unreal/Tutoriál/HTW-GameEngines-ProjektUnreal/ProjectUnreal/Saved/M_LandscapeA915D3AC41C127E4241263B25B8E3AE7.tmp' to '../../../../../../Users/pulc/Desktop/HTW/Game Engines/Unreal/Tutoriál/HTW-GameEngines-ProjektUnreal/ProjectUnreal/Content/Materials/M_Landscape.uasset'
[2019.01.29-19.52.04:026][510]LogSlate: FSceneViewport::OnFocusLost() reason 0
[2019.01.29-19.52.04:114][512]LogTemp: Repeating last play command: Selected Viewport
[2019.01.29-19.52.04:138][512]LogBlueprintUserMessages: Early PlayInEditor Detection: Level '/Game/FirstPersonBP/Maps/FirstPersonExampleMap.FirstPersonExampleMap:PersistentLevel' has LevelScriptBlueprint '/Game/FirstPersonBP/Maps/FirstPersonExampleMap.FirstPersonExampleMap:PersistentLevel.FirstPersonExampleMap' with GeneratedClass '/Game/FirstPersonBP/Maps/FirstPersonExampleMap.FirstPersonExampleMap_C' with ClassGeneratedBy '/Game/FirstPersonBP/Maps/FirstPersonExampleMap.FirstPersonExampleMap:PersistentLevel.FirstPersonExampleMap'
[2019.01.29-19.52.04:138][512]LogPlayLevel: PlayLevel: No blueprints needed recompiling
[2019.01.29-19.52.04:139][512]PIE: New page: PIE session: FirstPersonExampleMap (29.01.2019 21:52:04)
[2019.01.29-19.52.04:155][512]LogPlayLevel: Creating play world package: /Game/FirstPersonBP/Maps/UEDPIE_0_FirstPersonExampleMap
[2019.01.29-19.52.04:309][512]LogPlayLevel: PIE: StaticDuplicateObject took: (0.154101s)
[2019.01.29-19.52.04:311][512]LogAIModule: Creating AISystem for world FirstPersonExampleMap
[2019.01.29-19.52.04:312][512]LogPlayLevel: PIE: World Init took: (0.001909s)
[2019.01.29-19.52.04:312][512]LogPlayLevel: PIE: Created PIE world by copying editor world from /Game/FirstPersonBP/Maps/FirstPersonExampleMap.FirstPersonExampleMap to /Game/FirstPersonBP/Maps/UEDPIE_0_FirstPersonExampleMap.FirstPersonExampleMap (0.156927s)
[2019.01.29-19.52.04:406][512]LogInit: XAudio2 using 'Speakers (Realtek High Definition Audio)' : 2 channels at 48 kHz using 32 bits per sample (channel mask 0x3)
[2019.01.29-19.52.04:552][512]LogInit: FAudioDevice initialized.
[2019.01.29-19.52.04:599][512]LogLoad: Game class is 'FirstPersonGameMode_C'
[2019.01.29-19.52.04:604][512]LogWorld: Bringing World /Game/FirstPersonBP/Maps/UEDPIE_0_FirstPersonExampleMap.FirstPersonExampleMap up for play (max tick rate 60) at 2019.01.29-20.52.04
[2019.01.29-19.52.04:605][512]LogWorld: Bringing up level for play took: 0.003829
[2019.01.29-19.52.04:636][512]LogContentBrowser: Native class hierarchy updated for 'MovieSceneCapture' in 0.0004 seconds. Added 20 classes and 0 folders.
[2019.01.29-19.52.04:637][512]PIE: Play in editor start time for /Game/FirstPersonBP/Maps/UEDPIE_0_FirstPersonExampleMap 1,278
[2019.01.29-19.52.04:637][512]LogBlueprintUserMessages: Late PlayInEditor Detection: Level '/Game/FirstPersonBP/Maps/FirstPersonExampleMap.FirstPersonExampleMap:PersistentLevel' has LevelScriptBlueprint '/Game/FirstPersonBP/Maps/FirstPersonExampleMap.FirstPersonExampleMap:PersistentLevel.FirstPersonExampleMap' with GeneratedClass '/Game/FirstPersonBP/Maps/FirstPersonExampleMap.FirstPersonExampleMap_C' with ClassGeneratedBy '/Game/FirstPersonBP/Maps/FirstPersonExampleMap.FirstPersonExampleMap:PersistentLevel.FirstPersonExampleMap'
[2019.01.29-19.52.29:974][197]LogBlueprintUserMessages: Early EndPlayMap Detection: Level '/Game/FirstPersonBP/Maps/FirstPersonExampleMap.FirstPersonExampleMap:PersistentLevel' has LevelScriptBlueprint '/Game/FirstPersonBP/Maps/FirstPersonExampleMap.FirstPersonExampleMap:PersistentLevel.FirstPersonExampleMap' with GeneratedClass '/Game/FirstPersonBP/Maps/FirstPersonExampleMap.FirstPersonExampleMap_C' with ClassGeneratedBy '/Game/FirstPersonBP/Maps/FirstPersonExampleMap.FirstPersonExampleMap:PersistentLevel.FirstPersonExampleMap'
[2019.01.29-19.52.29:974][197]LogSlate: Updating window title bar state: overlay mode, drag disabled, window buttons hidden, title bar hidden
[2019.01.29-19.52.30:060][197]LogPlayLevel: Display: Shutting down PIE online subsystems
[2019.01.29-19.52.30:060][197]LogBlueprintUserMessages: Late EndPlayMap Detection: Level '/Game/FirstPersonBP/Maps/FirstPersonExampleMap.FirstPersonExampleMap:PersistentLevel' has LevelScriptBlueprint '/Game/FirstPersonBP/Maps/FirstPersonExampleMap.FirstPersonExampleMap:PersistentLevel.FirstPersonExampleMap' with GeneratedClass '/Game/FirstPersonBP/Maps/FirstPersonExampleMap.FirstPersonExampleMap_C' with ClassGeneratedBy '/Game/FirstPersonBP/Maps/FirstPersonExampleMap.FirstPersonExampleMap:PersistentLevel.FirstPersonExampleMap'
[2019.01.29-19.52.30:113][197]LogSlate: Updating window title bar state: overlay mode, drag disabled, window buttons hidden, title bar hidden
[2019.01.29-19.52.30:183][198]LogPlayLevel: Display: Destroying online subsystem :Context_3
[2019.01.29-19.54.15:941][824]LogSlate: FSceneViewport::OnFocusLost() reason 0
[2019.01.29-19.54.16:025][826]LogTemp: Repeating last play command: Selected Viewport
[2019.01.29-19.54.16:044][826]LogBlueprintUserMessages: Early PlayInEditor Detection: Level '/Game/FirstPersonBP/Maps/FirstPersonExampleMap.FirstPersonExampleMap:PersistentLevel' has LevelScriptBlueprint '/Game/FirstPersonBP/Maps/FirstPersonExampleMap.FirstPersonExampleMap:PersistentLevel.FirstPersonExampleMap' with GeneratedClass '/Game/FirstPersonBP/Maps/FirstPersonExampleMap.FirstPersonExampleMap_C' with ClassGeneratedBy '/Game/FirstPersonBP/Maps/FirstPersonExampleMap.FirstPersonExampleMap:PersistentLevel.FirstPersonExampleMap'
[2019.01.29-19.54.16:045][826]LogPlayLevel: PlayLevel: No blueprints needed recompiling
[2019.01.29-19.54.16:045][826]PIE: New page: PIE session: FirstPersonExampleMap (29.01.2019 21:54:16)
[2019.01.29-19.54.16:045][826]LogPlayLevel: Creating play world package: /Game/FirstPersonBP/Maps/UEDPIE_0_FirstPersonExampleMap
[2019.01.29-19.54.16:105][826]LogPlayLevel: PIE: StaticDuplicateObject took: (0.060058s)
[2019.01.29-19.54.16:107][826]LogAIModule: Creating AISystem for world FirstPersonExampleMap
[2019.01.29-19.54.16:107][826]LogPlayLevel: PIE: World Init took: (0.001545s)
[2019.01.29-19.54.16:107][826]LogPlayLevel: PIE: Created PIE world by copying editor world from /Game/FirstPersonBP/Maps/FirstPersonExampleMap.FirstPersonExampleMap to /Game/FirstPersonBP/Maps/UEDPIE_0_FirstPersonExampleMap.FirstPersonExampleMap (0.061952s)
[2019.01.29-19.54.16:169][826]LogInit: XAudio2 using 'Speakers (Realtek High Definition Audio)' : 2 channels at 48 kHz using 32 bits per sample (channel mask 0x3)
[2019.01.29-19.54.16:312][826]LogInit: FAudioDevice initialized.
[2019.01.29-19.54.16:351][826]LogLoad: Game class is 'FirstPersonGameMode_C'
[2019.01.29-19.54.16:357][826]LogWorld: Bringing World /Game/FirstPersonBP/Maps/UEDPIE_0_FirstPersonExampleMap.FirstPersonExampleMap up for play (max tick rate 60) at 2019.01.29-20.54.16
[2019.01.29-19.54.16:358][826]LogWorld: Bringing up level for play took: 0.005737
[2019.01.29-19.54.16:373][826]PIE: Play in editor start time for /Game/FirstPersonBP/Maps/UEDPIE_0_FirstPersonExampleMap 1,014
[2019.01.29-19.54.16:373][826]LogBlueprintUserMessages: Late PlayInEditor Detection: Level '/Game/FirstPersonBP/Maps/FirstPersonExampleMap.FirstPersonExampleMap:PersistentLevel' has LevelScriptBlueprint '/Game/FirstPersonBP/Maps/FirstPersonExampleMap.FirstPersonExampleMap:PersistentLevel.FirstPersonExampleMap' with GeneratedClass '/Game/FirstPersonBP/Maps/FirstPersonExampleMap.FirstPersonExampleMap_C' with ClassGeneratedBy '/Game/FirstPersonBP/Maps/FirstPersonExampleMap.FirstPersonExampleMap:PersistentLevel.FirstPersonExampleMap'
[2019.01.29-19.54.24:815][ 45]LogBlueprintUserMessages: Early EndPlayMap Detection: Level '/Game/FirstPersonBP/Maps/FirstPersonExampleMap.FirstPersonExampleMap:PersistentLevel' has LevelScriptBlueprint '/Game/FirstPersonBP/Maps/FirstPersonExampleMap.FirstPersonExampleMap:PersistentLevel.FirstPersonExampleMap' with GeneratedClass '/Game/FirstPersonBP/Maps/FirstPersonExampleMap.FirstPersonExampleMap_C' with ClassGeneratedBy '/Game/FirstPersonBP/Maps/FirstPersonExampleMap.FirstPersonExampleMap:PersistentLevel.FirstPersonExampleMap'
[2019.01.29-19.54.24:815][ 45]LogSlate: Updating window title bar state: overlay mode, drag disabled, window buttons hidden, title bar hidden
[2019.01.29-19.54.24:906][ 45]LogPlayLevel: Display: Shutting down PIE online subsystems
[2019.01.29-19.54.24:906][ 45]LogBlueprintUserMessages: Late EndPlayMap Detection: Level '/Game/FirstPersonBP/Maps/FirstPersonExampleMap.FirstPersonExampleMap:PersistentLevel' has LevelScriptBlueprint '/Game/FirstPersonBP/Maps/FirstPersonExampleMap.FirstPersonExampleMap:PersistentLevel.FirstPersonExampleMap' with GeneratedClass '/Game/FirstPersonBP/Maps/FirstPersonExampleMap.FirstPersonExampleMap_C' with ClassGeneratedBy '/Game/FirstPersonBP/Maps/FirstPersonExampleMap.FirstPersonExampleMap:PersistentLevel.FirstPersonExampleMap'
[2019.01.29-19.54.24:955][ 45]LogSlate: Updating window title bar state: overlay mode, drag disabled, window buttons hidden, title bar hidden
[2019.01.29-19.54.25:025][ 46]LogPlayLevel: Display: Destroying online subsystem :Context_4
[2019.01.29-19.54.29:754][146]LogSlate: FSceneViewport::OnFocusLost() reason 0
[2019.01.29-19.54.34:568][244]LogSlate: FSceneViewport::OnFocusLost() reason 0
[2019.01.29-19.54.46:513][542]LogSlate: FSceneViewport::OnFocusLost() reason 0
[2019.01.29-19.54.48:170][584]LogEditorViewport: Clicking on Actor (LMB): Landscape (Landscape)
[2019.01.29-19.54.56:022][764]LogSlate: FSceneViewport::OnFocusLost() reason 0
[2019.01.29-19.54.56:238][766]LogActorFactory: Actor Factory created Cube
[2019.01.29-19.54.58:135][806]LogActorFactory: Actor Factory created Cube
[2019.01.29-19.55.48:719][717]LogSlate: FSceneViewport::OnFocusLost() reason 0
[2019.01.29-19.55.48:853][724]LogTemp: Repeating last play command: Selected Viewport
[2019.01.29-19.55.48:874][724]LogBlueprintUserMessages: Early PlayInEditor Detection: Level '/Game/FirstPersonBP/Maps/FirstPersonExampleMap.FirstPersonExampleMap:PersistentLevel' has LevelScriptBlueprint '/Game/FirstPersonBP/Maps/FirstPersonExampleMap.FirstPersonExampleMap:PersistentLevel.FirstPersonExampleMap' with GeneratedClass '/Game/FirstPersonBP/Maps/FirstPersonExampleMap.FirstPersonExampleMap_C' with ClassGeneratedBy '/Game/FirstPersonBP/Maps/FirstPersonExampleMap.FirstPersonExampleMap:PersistentLevel.FirstPersonExampleMap'
[2019.01.29-19.55.48:874][724]LogPlayLevel: PlayLevel: No blueprints needed recompiling
[2019.01.29-19.55.48:875][724]PIE: New page: PIE session: FirstPersonExampleMap (29.01.2019 21:55:48)
[2019.01.29-19.55.48:875][724]LogPlayLevel: Creating play world package: /Game/FirstPersonBP/Maps/UEDPIE_0_FirstPersonExampleMap
[2019.01.29-19.55.48:953][724]LogPlayLevel: PIE: StaticDuplicateObject took: (0.078151s)
[2019.01.29-19.55.48:955][724]LogAIModule: Creating AISystem for world FirstPersonExampleMap
[2019.01.29-19.55.48:955][724]LogPlayLevel: PIE: World Init took: (0.002085s)
[2019.01.29-19.55.48:955][724]LogPlayLevel: PIE: Created PIE world by copying editor world from /Game/FirstPersonBP/Maps/FirstPersonExampleMap.FirstPersonExampleMap to /Game/FirstPersonBP/Maps/UEDPIE_0_FirstPersonExampleMap.FirstPersonExampleMap (0.080612s)
[2019.01.29-19.55.49:035][724]LogInit: XAudio2 using 'Speakers (Realtek High Definition Audio)' : 2 channels at 48 kHz using 32 bits per sample (channel mask 0x3)
[2019.01.29-19.55.49:226][724]LogInit: FAudioDevice initialized.
[2019.01.29-19.55.49:266][724]LogLoad: Game class is 'FirstPersonGameMode_C'
[2019.01.29-19.55.49:274][724]LogWorld: Bringing World /Game/FirstPersonBP/Maps/UEDPIE_0_FirstPersonExampleMap.FirstPersonExampleMap up for play (max tick rate 60) at 2019.01.29-20.55.49
[2019.01.29-19.55.49:274][724]LogWorld: Bringing up level for play took: 0.006852
[2019.01.29-19.55.49:331][724]PIE: Play in editor start time for /Game/FirstPersonBP/Maps/UEDPIE_0_FirstPersonExampleMap -0,028
[2019.01.29-19.55.49:331][724]LogBlueprintUserMessages: Late PlayInEditor Detection: Level '/Game/FirstPersonBP/Maps/FirstPersonExampleMap.FirstPersonExampleMap:PersistentLevel' has LevelScriptBlueprint '/Game/FirstPersonBP/Maps/FirstPersonExampleMap.FirstPersonExampleMap:PersistentLevel.FirstPersonExampleMap' with GeneratedClass '/Game/FirstPersonBP/Maps/FirstPersonExampleMap.FirstPersonExampleMap_C' with ClassGeneratedBy '/Game/FirstPersonBP/Maps/FirstPersonExampleMap.FirstPersonExampleMap:PersistentLevel.FirstPersonExampleMap'
[2019.01.29-19.56.02:591][136]LogBlueprintUserMessages: Early EndPlayMap Detection: Level '/Game/FirstPersonBP/Maps/FirstPersonExampleMap.FirstPersonExampleMap:PersistentLevel' has LevelScriptBlueprint '/Game/FirstPersonBP/Maps/FirstPersonExampleMap.FirstPersonExampleMap:PersistentLevel.FirstPersonExampleMap' with GeneratedClass '/Game/FirstPersonBP/Maps/FirstPersonExampleMap.FirstPersonExampleMap_C' with ClassGeneratedBy '/Game/FirstPersonBP/Maps/FirstPersonExampleMap.FirstPersonExampleMap:PersistentLevel.FirstPersonExampleMap'
[2019.01.29-19.56.02:591][136]LogSlate: Updating window title bar state: overlay mode, drag disabled, window buttons hidden, title bar hidden
[2019.01.29-19.56.02:673][136]LogPlayLevel: Display: Shutting down PIE online subsystems
[2019.01.29-19.56.02:674][136]LogBlueprintUserMessages: Late EndPlayMap Detection: Level '/Game/FirstPersonBP/Maps/FirstPersonExampleMap.FirstPersonExampleMap:PersistentLevel' has LevelScriptBlueprint '/Game/FirstPersonBP/Maps/FirstPersonExampleMap.FirstPersonExampleMap:PersistentLevel.FirstPersonExampleMap' with GeneratedClass '/Game/FirstPersonBP/Maps/FirstPersonExampleMap.FirstPersonExampleMap_C' with ClassGeneratedBy '/Game/FirstPersonBP/Maps/FirstPersonExampleMap.FirstPersonExampleMap:PersistentLevel.FirstPersonExampleMap'
[2019.01.29-19.56.02:735][136]LogSlate: Updating window title bar state: overlay mode, drag disabled, window buttons hidden, title bar hidden
[2019.01.29-19.56.02:799][137]LogPlayLevel: Display: Destroying online subsystem :Context_6
[2019.01.29-19.56.11:130][446]LogEditorViewport: Clicking on Actor (LMB): StaticMeshActor (Cube)
[2019.01.29-19.57.07:899][466]LogSlate: FSceneViewport::OnFocusLost() reason 0
[2019.01.29-19.57.08:016][473]LogTemp: Repeating last play command: Selected Viewport
[2019.01.29-19.57.08:026][473]LogBlueprintUserMessages: Early PlayInEditor Detection: Level '/Game/FirstPersonBP/Maps/FirstPersonExampleMap.FirstPersonExampleMap:PersistentLevel' has LevelScriptBlueprint '/Game/FirstPersonBP/Maps/FirstPersonExampleMap.FirstPersonExampleMap:PersistentLevel.FirstPersonExampleMap' with GeneratedClass '/Game/FirstPersonBP/Maps/FirstPersonExampleMap.FirstPersonExampleMap_C' with ClassGeneratedBy '/Game/FirstPersonBP/Maps/FirstPersonExampleMap.FirstPersonExampleMap:PersistentLevel.FirstPersonExampleMap'
[2019.01.29-19.57.08:026][473]LogPlayLevel: PlayLevel: No blueprints needed recompiling
[2019.01.29-19.57.08:026][473]PIE: New page: PIE session: FirstPersonExampleMap (29.01.2019 21:57:08)
[2019.01.29-19.57.08:027][473]LogPlayLevel: Creating play world package: /Game/FirstPersonBP/Maps/UEDPIE_0_FirstPersonExampleMap
[2019.01.29-19.57.08:063][473]LogPlayLevel: PIE: StaticDuplicateObject took: (0.037032s)
[2019.01.29-19.57.08:064][473]LogAIModule: Creating AISystem for world FirstPersonExampleMap
[2019.01.29-19.57.08:064][473]LogPlayLevel: PIE: World Init took: (0.000973s)
[2019.01.29-19.57.08:064][473]LogPlayLevel: PIE: Created PIE world by copying editor world from /Game/FirstPersonBP/Maps/FirstPersonExampleMap.FirstPersonExampleMap to /Game/FirstPersonBP/Maps/UEDPIE_0_FirstPersonExampleMap.FirstPersonExampleMap (0.038240s)
[2019.01.29-19.57.08:099][473]LogInit: XAudio2 using 'Speakers (Realtek High Definition Audio)' : 2 channels at 48 kHz using 32 bits per sample (channel mask 0x3)
[2019.01.29-19.57.08:185][473]LogInit: FAudioDevice initialized.
[2019.01.29-19.57.08:219][473]LogLoad: Game class is 'FirstPersonGameMode_C'
[2019.01.29-19.57.08:223][473]LogWorld: Bringing World /Game/FirstPersonBP/Maps/UEDPIE_0_FirstPersonExampleMap.FirstPersonExampleMap up for play (max tick rate 60) at 2019.01.29-20.57.08
[2019.01.29-19.57.08:223][473]LogWorld: Bringing up level for play took: 0.003328
[2019.01.29-19.57.08:236][473]PIE: Play in editor start time for /Game/FirstPersonBP/Maps/UEDPIE_0_FirstPersonExampleMap 0,877
[2019.01.29-19.57.08:236][473]LogBlueprintUserMessages: Late PlayInEditor Detection: Level '/Game/FirstPersonBP/Maps/FirstPersonExampleMap.FirstPersonExampleMap:PersistentLevel' has LevelScriptBlueprint '/Game/FirstPersonBP/Maps/FirstPersonExampleMap.FirstPersonExampleMap:PersistentLevel.FirstPersonExampleMap' with GeneratedClass '/Game/FirstPersonBP/Maps/FirstPersonExampleMap.FirstPersonExampleMap_C' with ClassGeneratedBy '/Game/FirstPersonBP/Maps/FirstPersonExampleMap.FirstPersonExampleMap:PersistentLevel.FirstPersonExampleMap'
[2019.01.29-19.57.14:521][650]LogBlueprintUserMessages: Early EndPlayMap Detection: Level '/Game/FirstPersonBP/Maps/FirstPersonExampleMap.FirstPersonExampleMap:PersistentLevel' has LevelScriptBlueprint '/Game/FirstPersonBP/Maps/FirstPersonExampleMap.FirstPersonExampleMap:PersistentLevel.FirstPersonExampleMap' with GeneratedClass '/Game/FirstPersonBP/Maps/FirstPersonExampleMap.FirstPersonExampleMap_C' with ClassGeneratedBy '/Game/FirstPersonBP/Maps/FirstPersonExampleMap.FirstPersonExampleMap:PersistentLevel.FirstPersonExampleMap'
[2019.01.29-19.57.14:521][650]LogSlate: Updating window title bar state: overlay mode, drag disabled, window buttons hidden, title bar hidden
[2019.01.29-19.57.14:612][650]LogPlayLevel: Display: Shutting down PIE online subsystems
[2019.01.29-19.57.14:612][650]LogBlueprintUserMessages: Late EndPlayMap Detection: Level '/Game/FirstPersonBP/Maps/FirstPersonExampleMap.FirstPersonExampleMap:PersistentLevel' has LevelScriptBlueprint '/Game/FirstPersonBP/Maps/FirstPersonExampleMap.FirstPersonExampleMap:PersistentLevel.FirstPersonExampleMap' with GeneratedClass '/Game/FirstPersonBP/Maps/FirstPersonExampleMap.FirstPersonExampleMap_C' with ClassGeneratedBy '/Game/FirstPersonBP/Maps/FirstPersonExampleMap.FirstPersonExampleMap:PersistentLevel.FirstPersonExampleMap'
[2019.01.29-19.57.14:659][650]LogSlate: Updating window title bar state: overlay mode, drag disabled, window buttons hidden, title bar hidden
[2019.01.29-19.57.14:722][651]LogPlayLevel: Display: Destroying online subsystem :Context_7
[2019.01.29-19.57.17:007][705]LogEditorViewport: Clicking on Actor (LMB): StaticMeshActor (Cube)
[2019.01.29-19.57.25:513][896]LogSlate: FSceneViewport::OnFocusLost() reason 0
[2019.01.29-19.57.41:348][297]LogSlate: FSceneViewport::OnFocusLost() reason 0
[2019.01.29-19.57.41:455][300]LogTemp: Repeating last play command: Selected Viewport
[2019.01.29-19.57.41:483][300]LogBlueprintUserMessages: Early PlayInEditor Detection: Level '/Game/FirstPersonBP/Maps/FirstPersonExampleMap.FirstPersonExampleMap:PersistentLevel' has LevelScriptBlueprint '/Game/FirstPersonBP/Maps/FirstPersonExampleMap.FirstPersonExampleMap:PersistentLevel.FirstPersonExampleMap' with GeneratedClass '/Game/FirstPersonBP/Maps/FirstPersonExampleMap.FirstPersonExampleMap_C' with ClassGeneratedBy '/Game/FirstPersonBP/Maps/FirstPersonExampleMap.FirstPersonExampleMap:PersistentLevel.FirstPersonExampleMap'
[2019.01.29-19.57.41:483][300]LogPlayLevel: PlayLevel: No blueprints needed recompiling
[2019.01.29-19.57.41:483][300]PIE: New page: PIE session: FirstPersonExampleMap (29.01.2019 21:57:41)
[2019.01.29-19.57.41:483][300]LogPlayLevel: Creating play world package: /Game/FirstPersonBP/Maps/UEDPIE_0_FirstPersonExampleMap
[2019.01.29-19.57.41:574][300]LogPlayLevel: PIE: StaticDuplicateObject took: (0.090460s)
[2019.01.29-19.57.41:575][300]LogAIModule: Creating AISystem for world FirstPersonExampleMap
[2019.01.29-19.57.41:576][300]LogPlayLevel: PIE: World Init took: (0.001867s)
[2019.01.29-19.57.41:576][300]LogPlayLevel: PIE: Created PIE world by copying editor world from /Game/FirstPersonBP/Maps/FirstPersonExampleMap.FirstPersonExampleMap to /Game/FirstPersonBP/Maps/UEDPIE_0_FirstPersonExampleMap.FirstPersonExampleMap (0.092715s)
[2019.01.29-19.57.41:674][300]LogInit: XAudio2 using 'Speakers (Realtek High Definition Audio)' : 2 channels at 48 kHz using 32 bits per sample (channel mask 0x3)
[2019.01.29-19.57.41:895][300]LogInit: FAudioDevice initialized.
[2019.01.29-19.57.41:934][300]LogLoad: Game class is 'FirstPersonGameMode_C'
[2019.01.29-19.57.41:943][300]LogWorld: Bringing World /Game/FirstPersonBP/Maps/UEDPIE_0_FirstPersonExampleMap.FirstPersonExampleMap up for play (max tick rate 60) at 2019.01.29-20.57.41
[2019.01.29-19.57.41:944][300]LogWorld: Bringing up level for play took: 0.007773
[2019.01.29-19.57.41:959][300]PIE: Play in editor start time for /Game/FirstPersonBP/Maps/UEDPIE_0_FirstPersonExampleMap 0,6
[2019.01.29-19.57.41:960][300]LogBlueprintUserMessages: Late PlayInEditor Detection: Level '/Game/FirstPersonBP/Maps/FirstPersonExampleMap.FirstPersonExampleMap:PersistentLevel' has LevelScriptBlueprint '/Game/FirstPersonBP/Maps/FirstPersonExampleMap.FirstPersonExampleMap:PersistentLevel.FirstPersonExampleMap' with GeneratedClass '/Game/FirstPersonBP/Maps/FirstPersonExampleMap.FirstPersonExampleMap_C' with ClassGeneratedBy '/Game/FirstPersonBP/Maps/FirstPersonExampleMap.FirstPersonExampleMap:PersistentLevel.FirstPersonExampleMap'
[2019.01.29-19.57.56:390][825]LogBlueprintUserMessages: Early EndPlayMap Detection: Level '/Game/FirstPersonBP/Maps/FirstPersonExampleMap.FirstPersonExampleMap:PersistentLevel' has LevelScriptBlueprint '/Game/FirstPersonBP/Maps/FirstPersonExampleMap.FirstPersonExampleMap:PersistentLevel.FirstPersonExampleMap' with GeneratedClass '/Game/FirstPersonBP/Maps/FirstPersonExampleMap.FirstPersonExampleMap_C' with ClassGeneratedBy '/Game/FirstPersonBP/Maps/FirstPersonExampleMap.FirstPersonExampleMap:PersistentLevel.FirstPersonExampleMap'
[2019.01.29-19.57.56:390][825]LogSlate: Updating window title bar state: overlay mode, drag disabled, window buttons hidden, title bar hidden
[2019.01.29-19.57.56:480][825]LogPlayLevel: Display: Shutting down PIE online subsystems
[2019.01.29-19.57.56:480][825]LogBlueprintUserMessages: Late EndPlayMap Detection: Level '/Game/FirstPersonBP/Maps/FirstPersonExampleMap.FirstPersonExampleMap:PersistentLevel' has LevelScriptBlueprint '/Game/FirstPersonBP/Maps/FirstPersonExampleMap.FirstPersonExampleMap:PersistentLevel.FirstPersonExampleMap' with GeneratedClass '/Game/FirstPersonBP/Maps/FirstPersonExampleMap.FirstPersonExampleMap_C' with ClassGeneratedBy '/Game/FirstPersonBP/Maps/FirstPersonExampleMap.FirstPersonExampleMap:PersistentLevel.FirstPersonExampleMap'
[2019.01.29-19.57.56:548][825]LogSlate: Updating window title bar state: overlay mode, drag disabled, window buttons hidden, title bar hidden
[2019.01.29-19.57.56:640][826]LogPlayLevel: Display: Destroying online subsystem :Context_8
[2019.01.29-19.58.03:935][ 63]Cmd: SELECT NONE
[2019.01.29-19.58.04:392][ 75]Cmd: SELECT NONE
[2019.01.29-19.58.04:892][ 99]Cmd: SELECT NONE
[2019.01.29-19.58.07:162][199]LogSlate: FSceneViewport::OnFocusLost() reason 0
[2019.01.29-19.58.08:546][204]LogTexture: Display: Building textures: Texture2D_2 (G8, 128X128)
[2019.01.29-19.58.31:707][356]LogSlate: FSceneViewport::OnFocusLost() reason 0
[2019.01.29-19.58.31:822][363]LogTemp: Repeating last play command: Selected Viewport
[2019.01.29-19.58.31:833][363]LogBlueprintUserMessages: Early PlayInEditor Detection: Level '/Game/FirstPersonBP/Maps/FirstPersonExampleMap.FirstPersonExampleMap:PersistentLevel' has LevelScriptBlueprint '/Game/FirstPersonBP/Maps/FirstPersonExampleMap.FirstPersonExampleMap:PersistentLevel.FirstPersonExampleMap' with GeneratedClass '/Game/FirstPersonBP/Maps/FirstPersonExampleMap.FirstPersonExampleMap_C' with ClassGeneratedBy '/Game/FirstPersonBP/Maps/FirstPersonExampleMap.FirstPersonExampleMap:PersistentLevel.FirstPersonExampleMap'
[2019.01.29-19.58.31:833][363]LogPlayLevel: PlayLevel: No blueprints needed recompiling
[2019.01.29-19.58.31:833][363]PIE: New page: PIE session: FirstPersonExampleMap (29.01.2019 21:58:31)
[2019.01.29-19.58.31:833][363]LogPlayLevel: Creating play world package: /Game/FirstPersonBP/Maps/UEDPIE_0_FirstPersonExampleMap
[2019.01.29-19.58.31:874][363]LogPlayLevel: PIE: StaticDuplicateObject took: (0.040260s)
[2019.01.29-19.58.31:875][363]LogAIModule: Creating AISystem for world FirstPersonExampleMap
[2019.01.29-19.58.31:875][363]LogPlayLevel: PIE: World Init took: (0.001062s)
[2019.01.29-19.58.31:875][363]LogPlayLevel: PIE: Created PIE world by copying editor world from /Game/FirstPersonBP/Maps/FirstPersonExampleMap.FirstPersonExampleMap to /Game/FirstPersonBP/Maps/UEDPIE_0_FirstPersonExampleMap.FirstPersonExampleMap (0.041591s)
[2019.01.29-19.58.31:937][363]LogInit: XAudio2 using 'Speakers (Realtek High Definition Audio)' : 2 channels at 48 kHz using 32 bits per sample (channel mask 0x3)
[2019.01.29-19.58.32:034][363]LogInit: FAudioDevice initialized.
[2019.01.29-19.58.32:064][363]LogLoad: Game class is 'FirstPersonGameMode_C'
[2019.01.29-19.58.32:069][363]LogWorld: Bringing World /Game/FirstPersonBP/Maps/UEDPIE_0_FirstPersonExampleMap.FirstPersonExampleMap up for play (max tick rate 60) at 2019.01.29-20.58.32
[2019.01.29-19.58.32:070][363]LogWorld: Bringing up level for play took: 0.003754
[2019.01.29-19.58.32:096][363]PIE: Play in editor start time for /Game/FirstPersonBP/Maps/UEDPIE_0_FirstPersonExampleMap 0,737
[2019.01.29-19.58.32:097][363]LogBlueprintUserMessages: Late PlayInEditor Detection: Level '/Game/FirstPersonBP/Maps/FirstPersonExampleMap.FirstPersonExampleMap:PersistentLevel' has LevelScriptBlueprint '/Game/FirstPersonBP/Maps/FirstPersonExampleMap.FirstPersonExampleMap:PersistentLevel.FirstPersonExampleMap' with GeneratedClass '/Game/FirstPersonBP/Maps/FirstPersonExampleMap.FirstPersonExampleMap_C' with ClassGeneratedBy '/Game/FirstPersonBP/Maps/FirstPersonExampleMap.FirstPersonExampleMap:PersistentLevel.FirstPersonExampleMap'
[2019.01.29-19.58.42:429][688]LogBlueprintUserMessages: Early EndPlayMap Detection: Level '/Game/FirstPersonBP/Maps/FirstPersonExampleMap.FirstPersonExampleMap:PersistentLevel' has LevelScriptBlueprint '/Game/FirstPersonBP/Maps/FirstPersonExampleMap.FirstPersonExampleMap:PersistentLevel.FirstPersonExampleMap' with GeneratedClass '/Game/FirstPersonBP/Maps/FirstPersonExampleMap.FirstPersonExampleMap_C' with ClassGeneratedBy '/Game/FirstPersonBP/Maps/FirstPersonExampleMap.FirstPersonExampleMap:PersistentLevel.FirstPersonExampleMap'
[2019.01.29-19.58.42:429][688]LogSlate: Updating window title bar state: overlay mode, drag disabled, window buttons hidden, title bar hidden
[2019.01.29-19.58.42:519][688]LogPlayLevel: Display: Shutting down PIE online subsystems
[2019.01.29-19.58.42:519][688]LogBlueprintUserMessages: Late EndPlayMap Detection: Level '/Game/FirstPersonBP/Maps/FirstPersonExampleMap.FirstPersonExampleMap:PersistentLevel' has LevelScriptBlueprint '/Game/FirstPersonBP/Maps/FirstPersonExampleMap.FirstPersonExampleMap:PersistentLevel.FirstPersonExampleMap' with GeneratedClass '/Game/FirstPersonBP/Maps/FirstPersonExampleMap.FirstPersonExampleMap_C' with ClassGeneratedBy '/Game/FirstPersonBP/Maps/FirstPersonExampleMap.FirstPersonExampleMap:PersistentLevel.FirstPersonExampleMap'
[2019.01.29-19.58.42:578][688]LogSlate: Updating window title bar state: overlay mode, drag disabled, window buttons hidden, title bar hidden
[2019.01.29-19.58.42:653][689]LogPlayLevel: Display: Destroying online subsystem :Context_9
[2019.01.29-20.04.07:675][696]LogTexture: Display: Building textures: Texture2D_0 (BGRA8, 256X256)
[2019.01.29-20.04.07:912][696]LogSavePackage: Moving '../../../../../../Users/pulc/Desktop/HTW/Game Engines/Unreal/Tutoriál/HTW-GameEngines-ProjektUnreal/ProjectUnreal/Saved/FirstPersonExampleMap_Auto197E4EFB146D4DE2562C126BBDC247D8E.tmp' to '../../../../../../Users/pulc/Desktop/HTW/Game Engines/Unreal/Tutoriál/HTW-GameEngines-ProjektUnreal/ProjectUnreal/Saved/Autosaves/Game/FirstPersonBP/Maps/FirstPersonExampleMap_Auto1.umap'
[2019.01.29-20.04.07:916][696]LogFileHelpers: Editor autosave (incl. sublevels) for '/Game/FirstPersonBP/Maps/FirstPersonExampleMap' took 0.434
[2019.01.29-20.04.07:916][696]LogFileHelpers: Editor autosave (incl. sublevels) for all levels took 0.434
[2019.01.30-00.09.24:520][368]LogWindowsTextInputMethodSystem: Display: IME system now deactivated.
[2019.01.30-00.09.24:520][368]LogWindowsTextInputMethodSystem: Display: IME system now deactivated.
[2019.01.30-00.15.02:945][409]LogSlate: FSceneViewport::OnFocusLost() reason 0
[2019.01.30-00.15.06:850][411]LogSlate: Window 'Save Content' being destroyed
[2019.01.30-00.15.07:373][411]LogSavePackage: Moving '../../../../../../Users/pulc/Desktop/HTW/Game Engines/Unreal/Tutoriál/HTW-GameEngines-ProjektUnreal/ProjectUnreal/Saved/FirstPersonExampleMap5EF368F44F2A5A7613C75C96E77779AD.tmp' to '../../../../../../Users/pulc/Desktop/HTW/Game Engines/Unreal/Tutoriál/HTW-GameEngines-ProjektUnreal/ProjectUnreal/Content/FirstPersonBP/Maps/FirstPersonExampleMap.umap'
[2019.01.30-00.15.07:567][411]LogFileHelpers: Saving map 'FirstPersonExampleMap' took 0.642
[2019.01.30-00.15.08:114][411]LogSlate: Window 'ProjectUnreal - Unreal Editor' being destroyed
[2019.01.30-00.15.08:134][411]LogWindowsTextInputMethodSystem: Display: IME system now deactivated.
[2019.01.30-00.15.09:259][412]Cmd: QUIT_EDITOR
[2019.01.30-00.15.10:268][412]LogExit: Preparing to exit.
[2019.01.30-00.15.12:533][412]LogExit: Editor shut down
[2019.01.30-00.15.12:537][412]LogExit: Transaction tracking system shut down
