Log file open, 02/05/19 22:09:01
LogWindows: Failed to load 'aqProf.dll' (GetLastError=126)
LogWindows: File 'aqProf.dll' does not exist
LogWindows: Failed to load 'VtuneApi.dll' (GetLastError=126)
LogWindows: File 'VtuneApi.dll' does not exist
LogWindows: Failed to load 'VtuneApi32e.dll' (GetLastError=126)
LogWindows: File 'VtuneApi32e.dll' does not exist
LogConsoleResponse: Display: Failed to find resolution value strings in scalability ini. Falling back to default.
LogInit: Display: Running engine for game: ProjectUnreal
LogPakFile: Registered encryption key '00000000000000000000000000000000': 0 pak files mounted, 0 remain pending
LogPlatformFile: Not using cached read wrapper
LogTaskGraph: Started task graph with 5 named threads and 23 total threads with 3 sets of task threads.
LogStats: Stats thread started at 0.325759
LogD3D11RHI: Loaded GFSDK_Aftermath_Lib.x64.dll
LogICUInternationalization: ICU TimeZone Detection - Raw Offset: +1:00, Platform Override: ''
LogPluginManager: Mounting plugin Paper2D
LogPluginManager: Mounting plugin AISupport
LogPluginManager: Mounting plugin LightPropagationVolume
LogPluginManager: Mounting plugin ActorLayerUtilities
LogPluginManager: Mounting plugin CLionSourceCodeAccess
LogPluginManager: Mounting plugin CodeLiteSourceCodeAccess
LogPluginManager: Mounting plugin GitSourceControl
LogPluginManager: Mounting plugin KDevelopSourceCodeAccess
LogPluginManager: Mounting plugin NullSourceCodeAccess
LogPluginManager: Mounting plugin PerforceSourceControl
LogPluginManager: Mounting plugin SubversionSourceControl
LogPluginManager: Mounting plugin UObjectPlugin
LogPluginManager: Mounting plugin VisualStudioCodeSourceCodeAccess
LogPluginManager: Mounting plugin VisualStudioSourceCodeAccess
LogPluginManager: Mounting plugin XCodeSourceCodeAccess
LogPluginManager: Mounting plugin AssetManagerEditor
LogPluginManager: Mounting plugin CryptoKeys
LogPluginManager: Mounting plugin DataValidation
LogPluginManager: Mounting plugin EditorScriptingUtilities
LogPluginManager: Mounting plugin FacialAnimation
LogPluginManager: Mounting plugin GameplayTagsEditor
LogPluginManager: Mounting plugin MacGraphicsSwitching
LogPluginManager: Mounting plugin MeshEditor
LogPluginManager: Mounting plugin MobileLauncherProfileWizard
LogPluginManager: Mounting plugin PluginBrowser
LogPluginManager: Mounting plugin SpeedTreeImporter
LogPluginManager: Mounting plugin DatasmithContent
LogPluginManager: Mounting plugin VariantManagerContent
LogPluginManager: Mounting plugin AlembicImporter
LogPluginManager: Mounting plugin AppleImageUtils
LogPluginManager: Mounting plugin AppleVision
LogPluginManager: Mounting plugin BackChannel
LogPluginManager: Mounting plugin CharacterAI
LogPluginManager: Mounting plugin GeometryCache
LogPluginManager: Mounting plugin HTML5Networking
LogPluginManager: Mounting plugin ProxyLODPlugin
LogPluginManager: Mounting plugin MagicLeap
LogPluginManager: Mounting plugin MagicLeapMedia
LogPluginManager: Mounting plugin AndroidMedia
LogPluginManager: Mounting plugin AvfMedia
LogPluginManager: Mounting plugin ImgMedia
LogPluginManager: Mounting plugin LinearTimecode
LogPluginManager: Mounting plugin MediaCompositing
LogPluginManager: Mounting plugin MediaPlayerEditor
LogPluginManager: Mounting plugin WebMMedia
LogPluginManager: Mounting plugin WmfMedia
LogPluginManager: Mounting plugin TcpMessaging
LogPluginManager: Mounting plugin UdpMessaging
LogPluginManager: Mounting plugin ActorSequence
LogPluginManager: Mounting plugin LevelSequenceEditor
LogPluginManager: Mounting plugin MatineeToLevelSequence
LogPluginManager: Mounting plugin NetcodeUnitTest
LogPluginManager: Mounting plugin NUTUnrealEngine4
LogPluginManager: Mounting plugin OnlineSubsystemGooglePlay
LogPluginManager: Mounting plugin OnlineSubsystemIOS
LogPluginManager: Mounting plugin OnlineSubsystem
LogPluginManager: Mounting plugin OnlineSubsystemNull
LogPluginManager: Mounting plugin OnlineSubsystemUtils
LogPluginManager: Mounting plugin LauncherChunkInstaller
LogPluginManager: Mounting plugin AndroidDeviceProfileSelector
LogPluginManager: Mounting plugin AndroidMoviePlayer
LogPluginManager: Mounting plugin AndroidPermission
LogPluginManager: Mounting plugin AppleMoviePlayer
LogPluginManager: Mounting plugin ArchVisCharacter
LogPluginManager: Mounting plugin AudioCapture
LogPluginManager: Mounting plugin CableComponent
LogPluginManager: Mounting plugin CustomMeshComponent
LogPluginManager: Mounting plugin EditableMesh
LogPluginManager: Mounting plugin ExampleDeviceProfileSelector
LogPluginManager: Mounting plugin Firebase
LogPluginManager: Mounting plugin GoogleCloudMessaging
LogPluginManager: Mounting plugin IOSDeviceProfileSelector
LogPluginManager: Mounting plugin LinuxDeviceProfileSelector
LogPluginManager: Mounting plugin LocationServicesBPLibrary
LogPluginManager: Mounting plugin MobilePatchingUtils
LogPluginManager: Mounting plugin OculusVR
LogPluginManager: Mounting plugin PhysXVehicles
LogPluginManager: Mounting plugin ProceduralMeshComponent
LogPluginManager: Mounting plugin RuntimePhysXCooking
LogPluginManager: Mounting plugin SteamVR
LogPluginManager: Mounting plugin WebMMoviePlayer
LogPluginManager: Mounting plugin WindowsMoviePlayer
LogPluginManager: Mounting plugin DatasmithCADImporter
LogPluginManager: Mounting plugin DatasmithFBXImporter
LogPluginManager: Mounting plugin DatasmithImporter
LogPluginManager: Mounting plugin MDLImporter
LogPluginManager: Mounting plugin StaticMeshEditorExtension
LogPluginManager: Mounting plugin VariantManager
LogStreaming: Display: Took  0.100s to configure plugins.
LogInit: Using libcurl 7.55.1-DEV
LogInit:  - built for x86_64-pc-win32
LogInit:  - supports SSL with OpenSSL/1.0.2h
LogInit:  - supports HTTP deflate (compression) using libz 1.2.8
LogInit:  - other features:
LogInit:      CURL_VERSION_SSL
LogInit:      CURL_VERSION_LIBZ
LogInit:      CURL_VERSION_IPV6
LogInit:      CURL_VERSION_ASYNCHDNS
LogInit:      CURL_VERSION_LARGEFILE
LogInit:      CURL_VERSION_IDN
LogInit:  CurlRequestOptions (configurable via config and command line):
LogInit:  - bVerifyPeer = true  - Libcurl will verify peer certificate
LogInit:  - bUseHttpProxy = false  - Libcurl will NOT use HTTP proxy
LogInit:  - bDontReuseConnections = false  - Libcurl will reuse connections
LogInit:  - MaxHostConnections = 16  - Libcurl will limit the number of connections to a host
LogInit:  - LocalHostAddr = Default
LogInit:  - BufferSize = 65536
LogInit: WinSock: version 1.1 (2.2), MaxSocks=32767, MaxUdp=65467
LogInit: Build: ++UE4+Release-4.21-CL-4613538
LogInit: Engine Version: 4.21.1-4613538+++UE4+Release-4.21
LogInit: Compatible Engine Version: 4.21.0-4541578+++UE4+Release-4.21
LogInit: Net CL: 4541578
LogInit: OS: Windows 10 (), CPU: Intel(R) Core(TM) i7-6700HQ CPU @ 2.60GHz, GPU: Intel(R) HD Graphics 530
LogInit: Compiled (64-bit): Nov 30 2018 04:13:25
LogInit: Compiled with Visual C++: 19.13.26129.00
LogInit: Build Configuration: Development
LogInit: Branch Name: ++UE4+Release-4.21
LogInit: Command Line: 
LogInit: Base Directory: C:/Program Files/Epic Games/UE_4.21/Engine/Binaries/Win64/
LogInit: Installed Engine Build: 1
LogDevObjectVersion: Number of dev versions registered: 22
LogDevObjectVersion:   Dev-Blueprints (B0D832E4-1F89-4F0D-ACCF-7EB736FD4AA2): 10
LogDevObjectVersion:   Dev-Build (E1C64328-A22C-4D53-A36C-8E866417BD8C): 0
LogDevObjectVersion:   Dev-Core (375EC13C-06E4-48FB-B500-84F0262A717E): 2
LogDevObjectVersion:   Dev-Editor (E4B068ED-F494-42E9-A231-DA0B2E46BB41): 26
LogDevObjectVersion:   Dev-Framework (CFFC743F-43B0-4480-9391-14DF171D2073): 34
LogDevObjectVersion:   Dev-Mobile (B02B49B5-BB20-44E9-A304-32B752E40360): 2
LogDevObjectVersion:   Dev-Networking (A4E4105C-59A1-49B5-A7C5-40C4547EDFEE): 0
LogDevObjectVersion:   Dev-Online (39C831C9-5AE6-47DC-9A44-9C173E1C8E7C): 0
LogDevObjectVersion:   Dev-Physics (78F01B33-EBEA-4F98-B9B4-84EACCB95AA2): 0
LogDevObjectVersion:   Dev-Platform (6631380F-2D4D-43E0-8009-CF276956A95A): 0
LogDevObjectVersion:   Dev-Rendering (12F88B9F-8875-4AFC-A67C-D90C383ABD29): 27
LogDevObjectVersion:   Dev-Sequencer (7B5AE74C-D270-4C10-A958-57980B212A5A): 9
LogDevObjectVersion:   Dev-VR (D7296918-1DD6-4BDD-9DE2-64A83CC13884): 2
LogDevObjectVersion:   Dev-LoadTimes (C2A15278-BFE7-4AFE-6C17-90FF531DF755): 1
LogDevObjectVersion:   Private-Geometry (6EACA3D4-40EC-4CC1-B786-8BED09428FC5): 3
LogDevObjectVersion:   Dev-AnimPhys (29E575DD-E0A3-4627-9D10-D276232CDCEA): 17
LogDevObjectVersion:   Dev-Anim (AF43A65D-7FD3-4947-9873-3E8ED9C1BB05): 2
LogDevObjectVersion:   Dev-ReflectionCapture (6B266CEC-1EC7-4B8F-A30B-E4D90942FC07): 1
LogDevObjectVersion:   Dev-Automation (0DF73D61-A23F-47EA-B727-89E90C41499A): 1
LogDevObjectVersion:   FortniteMain (601D1886-AC64-4F84-AA16-D3DE0DEAC7D6): 17
LogDevObjectVersion:   Dev-Enterprise (9DFFBCD6-494F-0158-E221-12823C92A888): 4
LogDevObjectVersion:   Dev-Niagara (F2AED0AC-9AFE-416F-8664-AA7FFA26D6FC): 1
LogStreaming: Display: Took  0.006s to delete old logs.
LogInit: Presizing for max 8388607 objects, including 0 objects not considered by GC, pre-allocating 0 bytes for permanent pool.
LogInit: Object subsystem initialized
LogConfig: Setting CVar [[con.DebugEarlyDefault:1]]
LogConfig: Setting CVar [[r.setres:1280x720]]
[2019.02.05-21.09.01:566][  0]LogConfig: Setting CVar [[r.VSync:0]]
[2019.02.05-21.09.01:566][  0]LogConfig: Setting CVar [[r.RHICmdBypass:0]]
[2019.02.05-21.09.01:566][  0]LogConfig: Applying CVar settings from Section [/Script/Engine.RendererSettings] File [C:/Users/pulc/Desktop/HTW/Game Engines/Unreal/Tutoriál/HTW-GameEngines-ProjektUnreal/ProjectUnreal/Saved/Config/Windows/Engine.ini]
[2019.02.05-21.09.01:567][  0]LogConfig: Setting CVar [[r.GPUCrashDebugging:0]]
[2019.02.05-21.09.01:567][  0]LogConfig: Applying CVar settings from Section [/Script/Engine.RendererOverrideSettings] File [C:/Users/pulc/Desktop/HTW/Game Engines/Unreal/Tutoriál/HTW-GameEngines-ProjektUnreal/ProjectUnreal/Saved/Config/Windows/Engine.ini]
[2019.02.05-21.09.01:567][  0]LogConfig: Applying CVar settings from Section [/Script/Engine.StreamingSettings] File [C:/Users/pulc/Desktop/HTW/Game Engines/Unreal/Tutoriál/HTW-GameEngines-ProjektUnreal/ProjectUnreal/Saved/Config/Windows/Engine.ini]
[2019.02.05-21.09.01:567][  0]LogConfig: Setting CVar [[s.MinBulkDataSizeForAsyncLoading:131072]]
[2019.02.05-21.09.01:567][  0]LogConfig: Setting CVar [[s.AsyncLoadingThreadEnabled:0]]
[2019.02.05-21.09.01:567][  0]LogConfig: Setting CVar [[s.EventDrivenLoaderEnabled:1]]
[2019.02.05-21.09.01:567][  0]LogConfig: Setting CVar [[s.WarnIfTimeLimitExceeded:0]]
[2019.02.05-21.09.01:567][  0]LogConfig: Setting CVar [[s.TimeLimitExceededMultiplier:1.5]]
[2019.02.05-21.09.01:567][  0]LogConfig: Setting CVar [[s.TimeLimitExceededMinTime:0.005]]
[2019.02.05-21.09.01:567][  0]LogConfig: Setting CVar [[s.UseBackgroundLevelStreaming:1]]
[2019.02.05-21.09.01:567][  0]LogConfig: Setting CVar [[s.PriorityAsyncLoadingExtraTime:15.0]]
[2019.02.05-21.09.01:567][  0]LogConfig: Setting CVar [[s.LevelStreamingActorsUpdateTimeLimit:5.0]]
[2019.02.05-21.09.01:567][  0]LogConfig: Setting CVar [[s.PriorityLevelStreamingActorsUpdateExtraTime:5.0]]
[2019.02.05-21.09.01:567][  0]LogConfig: Setting CVar [[s.LevelStreamingComponentsRegistrationGranularity:10]]
[2019.02.05-21.09.01:567][  0]LogConfig: Setting CVar [[s.UnregisterComponentsTimeLimit:1.0]]
[2019.02.05-21.09.01:567][  0]LogConfig: Setting CVar [[s.LevelStreamingComponentsUnregistrationGranularity:5]]
[2019.02.05-21.09.01:567][  0]LogConfig: Applying CVar settings from Section [/Script/Engine.GarbageCollectionSettings] File [C:/Users/pulc/Desktop/HTW/Game Engines/Unreal/Tutoriál/HTW-GameEngines-ProjektUnreal/ProjectUnreal/Saved/Config/Windows/Engine.ini]
[2019.02.05-21.09.01:567][  0]LogConfig: Setting CVar [[gc.MaxObjectsNotConsideredByGC:1]]
[2019.02.05-21.09.01:567][  0]LogConfig: Setting CVar [[gc.SizeOfPermanentObjectPool:0]]
[2019.02.05-21.09.01:567][  0]LogConfig: Setting CVar [[gc.FlushStreamingOnGC:0]]
[2019.02.05-21.09.01:567][  0]LogConfig: Setting CVar [[gc.NumRetriesBeforeForcingGC:10]]
[2019.02.05-21.09.01:568][  0]LogConfig: Setting CVar [[gc.AllowParallelGC:1]]
[2019.02.05-21.09.01:568][  0]LogConfig: Setting CVar [[gc.TimeBetweenPurgingPendingKillObjects:61.1]]
[2019.02.05-21.09.01:568][  0]LogConfig: Setting CVar [[gc.MaxObjectsInEditor:8388607]]
[2019.02.05-21.09.01:568][  0]LogConfig: Setting CVar [[gc.IncrementalBeginDestroyEnabled:1]]
[2019.02.05-21.09.01:568][  0]LogConfig: Setting CVar [[gc.CreateGCClusters:1]]
[2019.02.05-21.09.01:568][  0]LogConfig: Setting CVar [[gc.MergeGCClusters:0]]
[2019.02.05-21.09.01:568][  0]LogConfig: Setting CVar [[gc.MinGCClusterSize:5]]
[2019.02.05-21.09.01:568][  0]LogConfig: Setting CVar [[gc.ActorClusteringEnabled:0]]
[2019.02.05-21.09.01:568][  0]LogConfig: Setting CVar [[gc.BlueprintClusteringEnabled:0]]
[2019.02.05-21.09.01:568][  0]LogConfig: Setting CVar [[gc.UseDisregardForGCOnDedicatedServers:0]]
[2019.02.05-21.09.01:568][  0]LogConfig: Applying CVar settings from Section [/Script/Engine.NetworkSettings] File [C:/Users/pulc/Desktop/HTW/Game Engines/Unreal/Tutoriál/HTW-GameEngines-ProjektUnreal/ProjectUnreal/Saved/Config/Windows/Engine.ini]
[2019.02.05-21.09.01:568][  0]LogConfig: Applying CVar settings from Section [/Script/UnrealEd.CookerSettings] File [C:/Users/pulc/Desktop/HTW/Game Engines/Unreal/Tutoriál/HTW-GameEngines-ProjektUnreal/ProjectUnreal/Saved/Config/Windows/Engine.ini]
[2019.02.05-21.09.01:576][  0]LogConfig: Applying CVar settings from Section [ViewDistanceQuality@3] File [C:/Users/pulc/Desktop/HTW/Game Engines/Unreal/Tutoriál/HTW-GameEngines-ProjektUnreal/ProjectUnreal/Saved/Config/Windows/Scalability.ini]
[2019.02.05-21.09.01:576][  0]LogConfig: Setting CVar [[r.SkeletalMeshLODBias:0]]
[2019.02.05-21.09.01:576][  0]LogConfig: Setting CVar [[r.ViewDistanceScale:1.0]]
[2019.02.05-21.09.01:576][  0]LogConfig: Applying CVar settings from Section [AntiAliasingQuality@3] File [C:/Users/pulc/Desktop/HTW/Game Engines/Unreal/Tutoriál/HTW-GameEngines-ProjektUnreal/ProjectUnreal/Saved/Config/Windows/Scalability.ini]
[2019.02.05-21.09.01:576][  0]LogConfig: Setting CVar [[r.PostProcessAAQuality:4]]
[2019.02.05-21.09.01:576][  0]LogConfig: Applying CVar settings from Section [ShadowQuality@3] File [C:/Users/pulc/Desktop/HTW/Game Engines/Unreal/Tutoriál/HTW-GameEngines-ProjektUnreal/ProjectUnreal/Saved/Config/Windows/Scalability.ini]
[2019.02.05-21.09.01:576][  0]LogConfig: Setting CVar [[r.LightFunctionQuality:1]]
[2019.02.05-21.09.01:576][  0]LogConfig: Setting CVar [[r.ShadowQuality:5]]
[2019.02.05-21.09.01:576][  0]LogConfig: Setting CVar [[r.Shadow.CSM.MaxCascades:10]]
[2019.02.05-21.09.01:577][  0]LogConfig: Setting CVar [[r.Shadow.MaxResolution:2048]]
[2019.02.05-21.09.01:577][  0]LogConfig: Setting CVar [[r.Shadow.MaxCSMResolution:2048]]
[2019.02.05-21.09.01:577][  0]LogConfig: Setting CVar [[r.Shadow.RadiusThreshold:0.01]]
[2019.02.05-21.09.01:577][  0]LogConfig: Setting CVar [[r.Shadow.DistanceScale:1.0]]
[2019.02.05-21.09.01:577][  0]LogConfig: Setting CVar [[r.Shadow.CSM.TransitionScale:1.0]]
[2019.02.05-21.09.01:577][  0]LogConfig: Setting CVar [[r.Shadow.PreShadowResolutionFactor:1.0]]
[2019.02.05-21.09.01:577][  0]LogConfig: Setting CVar [[r.DistanceFieldShadowing:1]]
[2019.02.05-21.09.01:577][  0]LogConfig: Setting CVar [[r.DistanceFieldAO:1]]
[2019.02.05-21.09.01:577][  0]LogConfig: Setting CVar [[r.AOQuality:2]]
[2019.02.05-21.09.01:577][  0]LogConfig: Setting CVar [[r.VolumetricFog:1]]
[2019.02.05-21.09.01:577][  0]LogConfig: Setting CVar [[r.VolumetricFog.GridPixelSize:8]]
[2019.02.05-21.09.01:577][  0]LogConfig: Setting CVar [[r.VolumetricFog.GridSizeZ:128]]
[2019.02.05-21.09.01:577][  0]LogConfig: Setting CVar [[r.VolumetricFog.HistoryMissSupersampleCount:4]]
[2019.02.05-21.09.01:577][  0]LogConfig: Setting CVar [[r.LightMaxDrawDistanceScale:1]]
[2019.02.05-21.09.01:577][  0]LogConfig: Setting CVar [[r.CapsuleShadows:1]]
[2019.02.05-21.09.01:577][  0]LogConfig: Applying CVar settings from Section [PostProcessQuality@3] File [C:/Users/pulc/Desktop/HTW/Game Engines/Unreal/Tutoriál/HTW-GameEngines-ProjektUnreal/ProjectUnreal/Saved/Config/Windows/Scalability.ini]
[2019.02.05-21.09.01:577][  0]LogConfig: Setting CVar [[r.MotionBlurQuality:4]]
[2019.02.05-21.09.01:577][  0]LogConfig: Setting CVar [[r.AmbientOcclusionMipLevelFactor:0.4]]
[2019.02.05-21.09.01:577][  0]LogConfig: Setting CVar [[r.AmbientOcclusionMaxQuality:100]]
[2019.02.05-21.09.01:577][  0]LogConfig: Setting CVar [[r.AmbientOcclusionLevels:-1]]
[2019.02.05-21.09.01:577][  0]LogConfig: Setting CVar [[r.AmbientOcclusionRadiusScale:1.0]]
[2019.02.05-21.09.01:578][  0]LogConfig: Setting CVar [[r.DepthOfFieldQuality:2]]
[2019.02.05-21.09.01:578][  0]LogConfig: Setting CVar [[r.RenderTargetPoolMin:400]]
[2019.02.05-21.09.01:578][  0]LogConfig: Setting CVar [[r.LensFlareQuality:2]]
[2019.02.05-21.09.01:578][  0]LogConfig: Setting CVar [[r.SceneColorFringeQuality:1]]
[2019.02.05-21.09.01:578][  0]LogConfig: Setting CVar [[r.EyeAdaptationQuality:2]]
[2019.02.05-21.09.01:578][  0]LogConfig: Setting CVar [[r.BloomQuality:5]]
[2019.02.05-21.09.01:578][  0]LogConfig: Setting CVar [[r.FastBlurThreshold:100]]
[2019.02.05-21.09.01:578][  0]LogConfig: Setting CVar [[r.Upscale.Quality:3]]
[2019.02.05-21.09.01:578][  0]LogConfig: Setting CVar [[r.Tonemapper.GrainQuantization:1]]
[2019.02.05-21.09.01:578][  0]LogConfig: Setting CVar [[r.LightShaftQuality:1]]
[2019.02.05-21.09.01:578][  0]LogConfig: Setting CVar [[r.Filter.SizeScale:1]]
[2019.02.05-21.09.01:578][  0]LogConfig: Setting CVar [[r.Tonemapper.Quality:5]]
[2019.02.05-21.09.01:578][  0]LogConfig: Setting CVar [[r.DOF.Gather.AccumulatorQuality:1        ; higher gathering accumulator quality]]
[2019.02.05-21.09.01:578][  0]LogConfig: Setting CVar [[r.DOF.Gather.PostfilterMethod:1          ; Median3x3 postfilering method]]
[2019.02.05-21.09.01:578][  0]LogConfig: Setting CVar [[r.DOF.Gather.EnableBokehSettings:0       ; no bokeh simulation when gathering]]
[2019.02.05-21.09.01:578][  0]LogConfig: Setting CVar [[r.DOF.Gather.RingCount:4                 ; medium number of samples when gathering]]
[2019.02.05-21.09.01:578][  0]LogConfig: Setting CVar [[r.DOF.Scatter.ForegroundCompositing:1    ; additive foreground scattering]]
[2019.02.05-21.09.01:578][  0]LogConfig: Setting CVar [[r.DOF.Scatter.BackgroundCompositing:2    ; additive background scattering]]
[2019.02.05-21.09.01:578][  0]LogConfig: Setting CVar [[r.DOF.Scatter.EnableBokehSettings:1      ; bokeh simulation when scattering]]
[2019.02.05-21.09.01:578][  0]LogConfig: Setting CVar [[r.DOF.Scatter.MaxSpriteRatio:0.1         ; only a maximum of 10% of scattered bokeh]]
[2019.02.05-21.09.01:578][  0]LogConfig: Setting CVar [[r.DOF.Recombine.Quality:1                ; cheap slight out of focus]]
[2019.02.05-21.09.01:578][  0]LogConfig: Setting CVar [[r.DOF.Recombine.EnableBokehSettings:0    ; no bokeh simulation on slight out of focus]]
[2019.02.05-21.09.01:579][  0]LogConfig: Setting CVar [[r.DOF.TemporalAAQuality:1                ; more stable temporal accumulation]]
[2019.02.05-21.09.01:579][  0]LogConfig: Setting CVar [[r.DOF.Kernel.MaxForegroundRadius:0.025]]
[2019.02.05-21.09.01:579][  0]LogConfig: Setting CVar [[r.DOF.Kernel.MaxBackgroundRadius:0.025]]
[2019.02.05-21.09.01:579][  0]LogConfig: Applying CVar settings from Section [TextureQuality@3] File [C:/Users/pulc/Desktop/HTW/Game Engines/Unreal/Tutoriál/HTW-GameEngines-ProjektUnreal/ProjectUnreal/Saved/Config/Windows/Scalability.ini]
[2019.02.05-21.09.01:579][  0]LogConfig: Setting CVar [[r.Streaming.MipBias:0]]
[2019.02.05-21.09.01:579][  0]LogConfig: Setting CVar [[r.Streaming.AmortizeCPUToGPUCopy:0]]
[2019.02.05-21.09.01:579][  0]LogConfig: Setting CVar [[r.Streaming.MaxNumTexturesToStreamPerFrame:0]]
[2019.02.05-21.09.01:579][  0]LogConfig: Setting CVar [[r.Streaming.Boost:1]]
[2019.02.05-21.09.01:579][  0]LogConfig: Setting CVar [[r.MaxAnisotropy:8]]
[2019.02.05-21.09.01:579][  0]LogConfig: Setting CVar [[r.Streaming.LimitPoolSizeToVRAM:0]]
[2019.02.05-21.09.01:579][  0]LogConfig: Setting CVar [[r.Streaming.PoolSize:1000]]
[2019.02.05-21.09.01:579][  0]LogConfig: Setting CVar [[r.Streaming.MaxEffectiveScreenSize:0]]
[2019.02.05-21.09.01:579][  0]LogConfig: Applying CVar settings from Section [EffectsQuality@3] File [C:/Users/pulc/Desktop/HTW/Game Engines/Unreal/Tutoriál/HTW-GameEngines-ProjektUnreal/ProjectUnreal/Saved/Config/Windows/Scalability.ini]
[2019.02.05-21.09.01:579][  0]LogConfig: Setting CVar [[r.TranslucencyLightingVolumeDim:64]]
[2019.02.05-21.09.01:579][  0]LogConfig: Setting CVar [[r.RefractionQuality:2]]
[2019.02.05-21.09.01:579][  0]LogConfig: Setting CVar [[r.SSR.Quality:3]]
[2019.02.05-21.09.01:579][  0]LogConfig: Setting CVar [[r.SceneColorFormat:4]]
[2019.02.05-21.09.01:579][  0]LogConfig: Setting CVar [[r.DetailMode:2]]
[2019.02.05-21.09.01:579][  0]LogConfig: Setting CVar [[r.TranslucencyVolumeBlur:1]]
[2019.02.05-21.09.01:579][  0]LogConfig: Setting CVar [[r.MaterialQualityLevel:1 ; High quality]]
[2019.02.05-21.09.01:579][  0]LogConfig: Setting CVar [[r.SSS.Scale:1]]
[2019.02.05-21.09.01:579][  0]LogConfig: Setting CVar [[r.SSS.SampleSet:2]]
[2019.02.05-21.09.01:580][  0]LogConfig: Setting CVar [[r.SSS.Quality:1]]
[2019.02.05-21.09.01:580][  0]LogConfig: Setting CVar [[r.SSS.HalfRes:1]]
[2019.02.05-21.09.01:580][  0]LogConfig: Setting CVar [[r.EmitterSpawnRateScale:1.0]]
[2019.02.05-21.09.01:580][  0]LogConfig: Setting CVar [[r.ParticleLightQuality:2]]
[2019.02.05-21.09.01:580][  0]LogConfig: Applying CVar settings from Section [FoliageQuality@3] File [C:/Users/pulc/Desktop/HTW/Game Engines/Unreal/Tutoriál/HTW-GameEngines-ProjektUnreal/ProjectUnreal/Saved/Config/Windows/Scalability.ini]
[2019.02.05-21.09.01:580][  0]LogConfig: Setting CVar [[foliage.DensityScale:1.0]]
[2019.02.05-21.09.01:580][  0]LogConfig: Setting CVar [[grass.DensityScale:1.0]]
[2019.02.05-21.09.01:580][  0]LogInit: Selected Device Profile: [Windows]
[2019.02.05-21.09.01:580][  0]LogInit: Applying CVar settings loaded from the selected device profile: [Windows]
[2019.02.05-21.09.01:595][  0]LogHAL: Display: Platform has ~ 16 GB [17017679872 / 17179869184 / 16], which maps to Larger [LargestMinGB=32, LargerMinGB=12, DefaultMinGB=8, SmallerMinGB=6, SmallestMinGB=0)
[2019.02.05-21.09.01:595][  0]LogConfig: Setting CVar [[r.Vulkan.UseRealUBs:1]]
[2019.02.05-21.09.01:595][  0]LogInit: Going up to parent DeviceProfile []
[2019.02.05-21.09.01:595][  0]LogConfig: Applying CVar settings from Section [ViewDistanceQuality@3] File [C:/Users/pulc/Desktop/HTW/Game Engines/Unreal/Tutoriál/HTW-GameEngines-ProjektUnreal/ProjectUnreal/Saved/Config/Windows/Scalability.ini]
[2019.02.05-21.09.01:595][  0]LogConfig: Setting CVar [[r.SkeletalMeshLODBias:0]]
[2019.02.05-21.09.01:595][  0]LogConfig: Setting CVar [[r.ViewDistanceScale:1.0]]
[2019.02.05-21.09.01:595][  0]LogConfig: Applying CVar settings from Section [AntiAliasingQuality@3] File [C:/Users/pulc/Desktop/HTW/Game Engines/Unreal/Tutoriál/HTW-GameEngines-ProjektUnreal/ProjectUnreal/Saved/Config/Windows/Scalability.ini]
[2019.02.05-21.09.01:595][  0]LogConfig: Setting CVar [[r.PostProcessAAQuality:4]]
[2019.02.05-21.09.01:595][  0]LogConfig: Applying CVar settings from Section [ShadowQuality@3] File [C:/Users/pulc/Desktop/HTW/Game Engines/Unreal/Tutoriál/HTW-GameEngines-ProjektUnreal/ProjectUnreal/Saved/Config/Windows/Scalability.ini]
[2019.02.05-21.09.01:595][  0]LogConfig: Setting CVar [[r.LightFunctionQuality:1]]
[2019.02.05-21.09.01:595][  0]LogConfig: Setting CVar [[r.ShadowQuality:5]]
[2019.02.05-21.09.01:595][  0]LogConfig: Setting CVar [[r.Shadow.CSM.MaxCascades:10]]
[2019.02.05-21.09.01:595][  0]LogConfig: Setting CVar [[r.Shadow.MaxResolution:2048]]
[2019.02.05-21.09.01:595][  0]LogConfig: Setting CVar [[r.Shadow.MaxCSMResolution:2048]]
[2019.02.05-21.09.01:595][  0]LogConfig: Setting CVar [[r.Shadow.RadiusThreshold:0.01]]
[2019.02.05-21.09.01:595][  0]LogConfig: Setting CVar [[r.Shadow.DistanceScale:1.0]]
[2019.02.05-21.09.01:595][  0]LogConfig: Setting CVar [[r.Shadow.CSM.TransitionScale:1.0]]
[2019.02.05-21.09.01:595][  0]LogConfig: Setting CVar [[r.Shadow.PreShadowResolutionFactor:1.0]]
[2019.02.05-21.09.01:595][  0]LogConfig: Setting CVar [[r.DistanceFieldShadowing:1]]
[2019.02.05-21.09.01:595][  0]LogConfig: Setting CVar [[r.DistanceFieldAO:1]]
[2019.02.05-21.09.01:595][  0]LogConfig: Setting CVar [[r.AOQuality:2]]
[2019.02.05-21.09.01:595][  0]LogConfig: Setting CVar [[r.VolumetricFog:1]]
[2019.02.05-21.09.01:595][  0]LogConfig: Setting CVar [[r.VolumetricFog.GridPixelSize:8]]
[2019.02.05-21.09.01:595][  0]LogConfig: Setting CVar [[r.VolumetricFog.GridSizeZ:128]]
[2019.02.05-21.09.01:595][  0]LogConfig: Setting CVar [[r.VolumetricFog.HistoryMissSupersampleCount:4]]
[2019.02.05-21.09.01:595][  0]LogConfig: Setting CVar [[r.LightMaxDrawDistanceScale:1]]
[2019.02.05-21.09.01:595][  0]LogConfig: Setting CVar [[r.CapsuleShadows:1]]
[2019.02.05-21.09.01:595][  0]LogConfig: Applying CVar settings from Section [PostProcessQuality@3] File [C:/Users/pulc/Desktop/HTW/Game Engines/Unreal/Tutoriál/HTW-GameEngines-ProjektUnreal/ProjectUnreal/Saved/Config/Windows/Scalability.ini]
[2019.02.05-21.09.01:595][  0]LogConfig: Setting CVar [[r.MotionBlurQuality:4]]
[2019.02.05-21.09.01:595][  0]LogConfig: Setting CVar [[r.AmbientOcclusionMipLevelFactor:0.4]]
[2019.02.05-21.09.01:595][  0]LogConfig: Setting CVar [[r.AmbientOcclusionMaxQuality:100]]
[2019.02.05-21.09.01:595][  0]LogConfig: Setting CVar [[r.AmbientOcclusionLevels:-1]]
[2019.02.05-21.09.01:595][  0]LogConfig: Setting CVar [[r.AmbientOcclusionRadiusScale:1.0]]
[2019.02.05-21.09.01:595][  0]LogConfig: Setting CVar [[r.DepthOfFieldQuality:2]]
[2019.02.05-21.09.01:595][  0]LogConfig: Setting CVar [[r.RenderTargetPoolMin:400]]
[2019.02.05-21.09.01:595][  0]LogConfig: Setting CVar [[r.LensFlareQuality:2]]
[2019.02.05-21.09.01:595][  0]LogConfig: Setting CVar [[r.SceneColorFringeQuality:1]]
[2019.02.05-21.09.01:595][  0]LogConfig: Setting CVar [[r.EyeAdaptationQuality:2]]
[2019.02.05-21.09.01:595][  0]LogConfig: Setting CVar [[r.BloomQuality:5]]
[2019.02.05-21.09.01:595][  0]LogConfig: Setting CVar [[r.FastBlurThreshold:100]]
[2019.02.05-21.09.01:595][  0]LogConfig: Setting CVar [[r.Upscale.Quality:3]]
[2019.02.05-21.09.01:595][  0]LogConfig: Setting CVar [[r.Tonemapper.GrainQuantization:1]]
[2019.02.05-21.09.01:595][  0]LogConfig: Setting CVar [[r.LightShaftQuality:1]]
[2019.02.05-21.09.01:595][  0]LogConfig: Setting CVar [[r.Filter.SizeScale:1]]
[2019.02.05-21.09.01:595][  0]LogConfig: Setting CVar [[r.Tonemapper.Quality:5]]
[2019.02.05-21.09.01:596][  0]LogConfig: Setting CVar [[r.DOF.Gather.AccumulatorQuality:1        ; higher gathering accumulator quality]]
[2019.02.05-21.09.01:596][  0]LogConfig: Setting CVar [[r.DOF.Gather.PostfilterMethod:1          ; Median3x3 postfilering method]]
[2019.02.05-21.09.01:596][  0]LogConfig: Setting CVar [[r.DOF.Gather.EnableBokehSettings:0       ; no bokeh simulation when gathering]]
[2019.02.05-21.09.01:596][  0]LogConfig: Setting CVar [[r.DOF.Gather.RingCount:4                 ; medium number of samples when gathering]]
[2019.02.05-21.09.01:596][  0]LogConfig: Setting CVar [[r.DOF.Scatter.ForegroundCompositing:1    ; additive foreground scattering]]
[2019.02.05-21.09.01:596][  0]LogConfig: Setting CVar [[r.DOF.Scatter.BackgroundCompositing:2    ; additive background scattering]]
[2019.02.05-21.09.01:596][  0]LogConfig: Setting CVar [[r.DOF.Scatter.EnableBokehSettings:1      ; bokeh simulation when scattering]]
[2019.02.05-21.09.01:596][  0]LogConfig: Setting CVar [[r.DOF.Scatter.MaxSpriteRatio:0.1         ; only a maximum of 10% of scattered bokeh]]
[2019.02.05-21.09.01:596][  0]LogConfig: Setting CVar [[r.DOF.Recombine.Quality:1                ; cheap slight out of focus]]
[2019.02.05-21.09.01:596][  0]LogConfig: Setting CVar [[r.DOF.Recombine.EnableBokehSettings:0    ; no bokeh simulation on slight out of focus]]
[2019.02.05-21.09.01:596][  0]LogConfig: Setting CVar [[r.DOF.TemporalAAQuality:1                ; more stable temporal accumulation]]
[2019.02.05-21.09.01:596][  0]LogConfig: Setting CVar [[r.DOF.Kernel.MaxForegroundRadius:0.025]]
[2019.02.05-21.09.01:596][  0]LogConfig: Setting CVar [[r.DOF.Kernel.MaxBackgroundRadius:0.025]]
[2019.02.05-21.09.01:596][  0]LogConfig: Applying CVar settings from Section [TextureQuality@3] File [C:/Users/pulc/Desktop/HTW/Game Engines/Unreal/Tutoriál/HTW-GameEngines-ProjektUnreal/ProjectUnreal/Saved/Config/Windows/Scalability.ini]
[2019.02.05-21.09.01:596][  0]LogConfig: Setting CVar [[r.Streaming.MipBias:0]]
[2019.02.05-21.09.01:596][  0]LogConfig: Setting CVar [[r.Streaming.AmortizeCPUToGPUCopy:0]]
[2019.02.05-21.09.01:596][  0]LogConfig: Setting CVar [[r.Streaming.MaxNumTexturesToStreamPerFrame:0]]
[2019.02.05-21.09.01:596][  0]LogConfig: Setting CVar [[r.Streaming.Boost:1]]
[2019.02.05-21.09.01:596][  0]LogConfig: Setting CVar [[r.MaxAnisotropy:8]]
[2019.02.05-21.09.01:596][  0]LogConfig: Setting CVar [[r.Streaming.LimitPoolSizeToVRAM:0]]
[2019.02.05-21.09.01:596][  0]LogConfig: Setting CVar [[r.Streaming.PoolSize:1000]]
[2019.02.05-21.09.01:596][  0]LogConfig: Setting CVar [[r.Streaming.MaxEffectiveScreenSize:0]]
[2019.02.05-21.09.01:596][  0]LogConfig: Applying CVar settings from Section [EffectsQuality@3] File [C:/Users/pulc/Desktop/HTW/Game Engines/Unreal/Tutoriál/HTW-GameEngines-ProjektUnreal/ProjectUnreal/Saved/Config/Windows/Scalability.ini]
[2019.02.05-21.09.01:596][  0]LogConfig: Setting CVar [[r.TranslucencyLightingVolumeDim:64]]
[2019.02.05-21.09.01:596][  0]LogConfig: Setting CVar [[r.RefractionQuality:2]]
[2019.02.05-21.09.01:596][  0]LogConfig: Setting CVar [[r.SSR.Quality:3]]
[2019.02.05-21.09.01:596][  0]LogConfig: Setting CVar [[r.SceneColorFormat:4]]
[2019.02.05-21.09.01:596][  0]LogConfig: Setting CVar [[r.DetailMode:2]]
[2019.02.05-21.09.01:596][  0]LogConfig: Setting CVar [[r.TranslucencyVolumeBlur:1]]
[2019.02.05-21.09.01:596][  0]LogConfig: Setting CVar [[r.MaterialQualityLevel:1 ; High quality]]
[2019.02.05-21.09.01:596][  0]LogConfig: Setting CVar [[r.SSS.Scale:1]]
[2019.02.05-21.09.01:596][  0]LogConfig: Setting CVar [[r.SSS.SampleSet:2]]
[2019.02.05-21.09.01:596][  0]LogConfig: Setting CVar [[r.SSS.Quality:1]]
[2019.02.05-21.09.01:596][  0]LogConfig: Setting CVar [[r.SSS.HalfRes:1]]
[2019.02.05-21.09.01:596][  0]LogConfig: Setting CVar [[r.EmitterSpawnRateScale:1.0]]
[2019.02.05-21.09.01:596][  0]LogConfig: Setting CVar [[r.ParticleLightQuality:2]]
[2019.02.05-21.09.01:596][  0]LogConfig: Applying CVar settings from Section [FoliageQuality@3] File [C:/Users/pulc/Desktop/HTW/Game Engines/Unreal/Tutoriál/HTW-GameEngines-ProjektUnreal/ProjectUnreal/Saved/Config/Windows/Scalability.ini]
[2019.02.05-21.09.01:596][  0]LogConfig: Setting CVar [[foliage.DensityScale:1.0]]
[2019.02.05-21.09.01:596][  0]LogConfig: Setting CVar [[grass.DensityScale:1.0]]
[2019.02.05-21.09.01:596][  0]LogConfig: Applying CVar settings from Section [Startup] File [../../../Engine/Config/ConsoleVariables.ini]
[2019.02.05-21.09.01:596][  0]LogConfig: Setting CVar [[net.UseAdaptiveNetUpdateFrequency:0]]
[2019.02.05-21.09.01:596][  0]LogConfig: Applying CVar settings from Section [ConsoleVariables] File [C:/Users/pulc/Desktop/HTW/Game Engines/Unreal/Tutoriál/HTW-GameEngines-ProjektUnreal/ProjectUnreal/Saved/Config/Windows/Engine.ini]
[2019.02.05-21.09.01:596][  0]LogInit: Computer: MSI
[2019.02.05-21.09.01:596][  0]LogInit: User: pulc
[2019.02.05-21.09.01:596][  0]LogInit: CPU Page size=4096, Cores=4
[2019.02.05-21.09.01:596][  0]LogInit: High frequency timer resolution =2.531254 MHz
[2019.02.05-21.09.01:597][  0]LogMemory: Memory total: Physical=15.8GB (16GB approx)
[2019.02.05-21.09.01:597][  0]LogMemory: Platform Memory Stats for Windows
[2019.02.05-21.09.01:597][  0]LogMemory: Process Physical Memory: 103.22 MB used, 103.22 MB peak
[2019.02.05-21.09.01:597][  0]LogMemory: Process Virtual Memory: 90.21 MB used, 90.21 MB peak
[2019.02.05-21.09.01:597][  0]LogMemory: Physical Memory: 6453.07 MB used,  9776.25 MB free, 16229.32 MB total
[2019.02.05-21.09.01:597][  0]LogMemory: Virtual Memory: 4637.82 MB used,  134213088.00 MB free, 134217728.00 MB total
[2019.02.05-21.09.01:625][  0]LogInit: Using OS detected language (en-US).
[2019.02.05-21.09.01:625][  0]LogInit: Using OS detected locale (de-DE).
[2019.02.05-21.09.01:627][  0]LogTextLocalizationManager: No specific localization for 'en-US' exists, so the 'en' localization will be used.
[2019.02.05-21.09.02:037][  0]LogStreaming: Display: Took  0.412s to InitEngineTextLocalization.
[2019.02.05-21.09.02:037][  0]LogInit: Setting process to per monitor DPI aware
[2019.02.05-21.09.02:091][  0]LogSlate: New Slate User Created.  User Index 0, Is Virtual User: 0
[2019.02.05-21.09.02:092][  0]LogSlate: Slate User Registered.  User Index 0, Is Virtual User: 0
[2019.02.05-21.09.02:434][  0]LogHMD: Failed to initialize OpenVR with code 110
[2019.02.05-21.09.02:434][  0]LogD3D11RHI: D3D11 adapters:
[2019.02.05-21.09.02:498][  0]LogD3D11RHI:    0. 'NVIDIA GeForce GTX 960M' (Feature Level 11_0)
[2019.02.05-21.09.02:498][  0]LogD3D11RHI:       2010/0/8114 MB DedicatedVideo/DedicatedSystem/SharedSystem, Outputs:1, VendorId:0x10de
[2019.02.05-21.09.02:512][  0]LogD3D11RHI:    1. 'Intel(R) HD Graphics 530' (Feature Level 11_0)
[2019.02.05-21.09.02:512][  0]LogD3D11RHI:       128/0/8114 MB DedicatedVideo/DedicatedSystem/SharedSystem, Outputs:0, VendorId:0x8086
[2019.02.05-21.09.02:515][  0]LogD3D11RHI:    2. 'Microsoft Basic Render Driver' (Feature Level 11_0)
[2019.02.05-21.09.02:515][  0]LogD3D11RHI:       0/0/8114 MB DedicatedVideo/DedicatedSystem/SharedSystem, Outputs:0, VendorId:0x1414
[2019.02.05-21.09.02:515][  0]LogD3D11RHI: Chosen D3D11 Adapter: 0
[2019.02.05-21.09.02:557][  0]LogD3D11RHI: Creating new Direct3DDevice
[2019.02.05-21.09.02:557][  0]LogD3D11RHI:     GPU DeviceId: 0x139b (for the marketing name, search the web for "GPU Device Id")
[2019.02.05-21.09.02:557][  0]LogWindows: EnumDisplayDevices:
[2019.02.05-21.09.02:557][  0]LogWindows:    0. 'Intel(R) HD Graphics 530' (P:1 D:1)
[2019.02.05-21.09.02:558][  0]LogWindows:    1. 'Intel(R) HD Graphics 530' (P:0 D:0)
[2019.02.05-21.09.02:558][  0]LogWindows:    2. 'Intel(R) HD Graphics 530' (P:0 D:0)
[2019.02.05-21.09.02:559][  0]LogWindows: DebugString: PrimaryIsNotTheChoosenAdapter PrimaryIsNotTheChoosenAdapter PrimaryIsNotTheChoosenAdapter FoundDriverCount:0 
[2019.02.05-21.09.02:559][  0]LogD3D11RHI:     Adapter Name: NVIDIA GeForce GTX 960M
[2019.02.05-21.09.02:559][  0]LogD3D11RHI:   Driver Version: Unknown (internal:Unknown, unified:Unknown)
[2019.02.05-21.09.02:559][  0]LogD3D11RHI:      Driver Date: Unknown
[2019.02.05-21.09.02:559][  0]LogRHI: Texture pool is 1407 MB (70% of 2010 MB)
[2019.02.05-21.09.02:599][  0]LogD3D11RHI: Async texture creation enabled
[2019.02.05-21.09.02:618][  0]LogD3D11RHI: GPU Timing Frequency: 1000.000000 (Debug: 2 2)
[2019.02.05-21.09.03:080][  0]LogTemp: Display: Loaded TP AllDesktopTargetPlatform
[2019.02.05-21.09.03:096][  0]LogTemp: Display: Loaded TP MacClientTargetPlatform
[2019.02.05-21.09.03:112][  0]LogTemp: Display: Loaded TP MacNoEditorTargetPlatform
[2019.02.05-21.09.03:128][  0]LogTemp: Display: Loaded TP MacServerTargetPlatform
[2019.02.05-21.09.03:145][  0]LogTemp: Display: Loaded TP MacTargetPlatform
[2019.02.05-21.09.03:162][  0]LogTemp: Display: Loaded TP WindowsClientTargetPlatform
[2019.02.05-21.09.03:178][  0]LogTemp: Display: Loaded TP WindowsNoEditorTargetPlatform
[2019.02.05-21.09.03:194][  0]LogTemp: Display: Loaded TP WindowsServerTargetPlatform
[2019.02.05-21.09.03:202][  0]LogTemp: Display: Loaded TP WindowsTargetPlatform
[2019.02.05-21.09.03:289][  0]LogTemp: Display: Loaded TP AndroidTargetPlatform
[2019.02.05-21.09.03:290][  0]LogTemp: Display: Loaded TP AndroidTargetPlatform
[2019.02.05-21.09.03:290][  0]LogTemp: Display: Loaded TP AndroidTargetPlatform
[2019.02.05-21.09.03:290][  0]LogTemp: Display: Loaded TP AndroidTargetPlatform
[2019.02.05-21.09.03:290][  0]LogTemp: Display: Loaded TP AndroidTargetPlatform
[2019.02.05-21.09.03:290][  0]LogTemp: Display: Loaded TP AndroidTargetPlatform
[2019.02.05-21.09.03:290][  0]LogTemp: Display: Loaded TP AndroidTargetPlatform
[2019.02.05-21.09.03:290][  0]LogTemp: Display: Loaded TP AndroidTargetPlatform
[2019.02.05-21.09.03:290][  0]LogTemp: Display: Loaded TP AndroidTargetPlatform
[2019.02.05-21.09.03:290][  0]LogTemp: Display: Loaded TP AndroidTargetPlatform
[2019.02.05-21.09.03:290][  0]LogTemp: Display: Loaded TP AndroidTargetPlatform
[2019.02.05-21.09.03:290][  0]LogTemp: Display: Loaded TP AndroidTargetPlatform
[2019.02.05-21.09.03:290][  0]LogTemp: Display: Loaded TP AndroidTargetPlatform
[2019.02.05-21.09.03:290][  0]LogTemp: Display: Loaded TP AndroidTargetPlatform
[2019.02.05-21.09.03:290][  0]LogTemp: Display: Loaded TP AndroidTargetPlatform
[2019.02.05-21.09.03:290][  0]LogTemp: Display: Loaded TP AndroidTargetPlatform
[2019.02.05-21.09.03:290][  0]LogTemp: Display: Loaded TP AndroidTargetPlatform
[2019.02.05-21.09.03:290][  0]LogTemp: Display: Loaded TP AndroidTargetPlatform
[2019.02.05-21.09.03:292][  0]LogTemp: Display: Loaded TP HTML5TargetPlatform
[2019.02.05-21.09.03:358][  0]LogTemp: Display: Loaded TP IOSTargetPlatform
[2019.02.05-21.09.03:358][  0]LogTemp: Display: Loaded TP IOSTargetPlatform
[2019.02.05-21.09.03:384][  0]LogTemp: Display: Loaded TP TVOSTargetPlatform
[2019.02.05-21.09.03:384][  0]LogTemp: Display: Loaded TP TVOSTargetPlatform
[2019.02.05-21.09.03:396][  0]LogTemp: Display: Loaded TP LinuxClientTargetPlatform
[2019.02.05-21.09.03:410][  0]LogTemp: Display: Loaded TP LinuxNoEditorTargetPlatform
[2019.02.05-21.09.03:424][  0]LogTemp: Display: Loaded TP LinuxServerTargetPlatform
[2019.02.05-21.09.03:439][  0]LogTemp: Display: Loaded TP LinuxTargetPlatform
[2019.02.05-21.09.03:490][  0]LogTemp: Display: Loaded TP LuminTargetPlatform
[2019.02.05-21.09.03:490][  0]LogTemp: Display: Loaded TP LuminTargetPlatform
[2019.02.05-21.09.03:490][  0]LogTargetPlatformManager: Display: Building Assets For Windows
[2019.02.05-21.09.03:579][  0]LogShaderCompilers: Guid format shader working directory is -68 characters bigger than the processId version (../../../../../../Users/pulc/Desktop/HTW/Game Engines/Unreal/Tutoriál/HTW-GameEngines-ProjektUnreal/ProjectUnreal/Intermediate/Shaders/WorkingDirectory/9808/).
[2019.02.05-21.09.03:579][  0]LogShaderCompilers: Cleaned the shader compiler working directory 'C:/Users/pulc/AppData/Local/Temp/UnrealShaderWorkingDir/94BF642A48DE5B15DA9FABB5A1E02FEA/'.
[2019.02.05-21.09.03:583][  0]LogXGEController: Cannot use XGE Controller as Incredibuild is not installed on this machine.
[2019.02.05-21.09.03:583][  0]LogShaderCompilers: Cannot use XGE Shader Compiler as Incredibuild is not installed on this machine.
[2019.02.05-21.09.03:583][  0]LogShaderCompilers: Display: Using Local Shader Compiler.
[2019.02.05-21.09.04:202][  0]LogDerivedDataCache: Display: Max Cache Size: 512 MB
[2019.02.05-21.09.04:259][  0]LogDerivedDataCache: Loaded boot cache 0.06s 71MB C:/Users/pulc/AppData/Local/UnrealEngine/4.21/DerivedDataCache/Boot.ddc.
[2019.02.05-21.09.04:259][  0]LogDerivedDataCache: Display: Loaded Boot cache: C:/Users/pulc/AppData/Local/UnrealEngine/4.21/DerivedDataCache/Boot.ddc
[2019.02.05-21.09.04:259][  0]LogDerivedDataCache: FDerivedDataBackendGraph:  Pak pak cache file ../../../../../../Users/pulc/Desktop/HTW/Game Engines/Unreal/Tutoriál/HTW-GameEngines-ProjektUnreal/ProjectUnreal/DerivedDataCache/DDC.ddp not found, will not use a pak cache.
[2019.02.05-21.09.04:259][  0]LogDerivedDataCache: Unable to find inner node Pak for hierarchical cache Hierarchy.
[2019.02.05-21.09.04:259][  0]LogDerivedDataCache: FDerivedDataBackendGraph:  CompressedPak pak cache file ../../../../../../Users/pulc/Desktop/HTW/Game Engines/Unreal/Tutoriál/HTW-GameEngines-ProjektUnreal/ProjectUnreal/DerivedDataCache/Compressed.ddp not found, will not use a pak cache.
[2019.02.05-21.09.04:259][  0]LogDerivedDataCache: Unable to find inner node CompressedPak for hierarchical cache Hierarchy.
[2019.02.05-21.09.04:274][  0]LogDerivedDataCache: Display: Pak cache opened for reading ../../../Engine/DerivedDataCache/Compressed.ddp.
[2019.02.05-21.09.04:277][  0]LogDerivedDataCache: Display: Pak cache opened for reading ../../../Enterprise/DerivedDataCache/Compressed.ddp.
[2019.02.05-21.09.04:289][  0]LogDerivedDataCache: Using Local data cache path C:/Users/pulc/AppData/Local/UnrealEngine/Common/DerivedDataCache: Writable
[2019.02.05-21.09.04:289][  0]LogDerivedDataCache: Shared data cache path not found in *engine.ini, will not use an Shared cache.
[2019.02.05-21.09.04:289][  0]LogDerivedDataCache: Unable to find inner node Shared for hierarchical cache Hierarchy.
[2019.02.05-21.09.04:330][  0]LogMaterial: Verifying Global Shaders for PCD3D_SM5
[2019.02.05-21.09.04:332][  0]LogSlate: Using FreeType 2.6.0
[2019.02.05-21.09.04:332][  0]LogSlate: SlateFontServices - WITH_FREETYPE: 1, WITH_HARFBUZZ: 1
[2019.02.05-21.09.04:438][  0]LogAssetRegistry: FAssetRegistry took 0.0345 seconds to start up
[2019.02.05-21.09.04:800][  0]LogInit: Selected Device Profile: [Windows]
[2019.02.05-21.09.04:982][  0]LogSimplygon: Simplygon DLL not present - disabling.
[2019.02.05-21.09.04:988][  0]LogMeshReduction: Using SimplygonSwarm for distributed automatic mesh merging
[2019.02.05-21.09.04:988][  0]LogMeshReduction: Using ProxyLODMeshReduction for automatic mesh merging
[2019.02.05-21.09.04:988][  0]LogMeshReduction: Using QuadricMeshReduction for automatic static mesh reduction
[2019.02.05-21.09.04:988][  0]LogMeshReduction: No automatic skeletal mesh reduction module available
[2019.02.05-21.09.05:004][  0]LogNetVersion: ProjectUnreal 1.0.0, NetCL: 4541578, EngineNetVer: 5, GameNetVer: 0 (Checksum: 1356592797)
[2019.02.05-21.09.05:597][  0]LogPackageLocalizationCache: Processed 14 localized package path(s) for 2 prioritized culture(s) in 0.127732 seconds
[2019.02.05-21.09.05:603][  0]LogUObjectArray: 39775 objects as part of root set at end of initial load.
[2019.02.05-21.09.05:603][  0]LogUObjectAllocator: 6914656 out of 0 bytes used by permanent object pool.
[2019.02.05-21.09.05:603][  0]LogUObjectArray: CloseDisregardForGC: 0/0 objects in disregard for GC pool
[2019.02.05-21.09.06:754][  0]LogTcpMessaging: Initializing TcpMessaging bridge
[2019.02.05-21.09.06:767][  0]LogUdpMessaging: Initializing bridge on interface 0.0.0.0:0 to multicast group 230.0.0.1:6666.
[2019.02.05-21.09.07:661][  0]SourceControl: Source control is disabled
[2019.02.05-21.09.07:661][  0]SourceControl: Source control is disabled
[2019.02.05-21.09.07:663][  0]SourceControl: Source control is disabled
[2019.02.05-21.09.07:664][  0]SourceControl: Source control is disabled
[2019.02.05-21.09.07:860][  0]LogAndroidPermission: UAndroidPermissionCallbackProxy::GetInstance
[2019.02.05-21.09.07:929][  0]LogOcInput: OculusInput pre-init called
[2019.02.05-21.09.09:795][  0]LogEngine: Initializing Engine...
[2019.02.05-21.09.09:796][  0]LogHMD: Failed to initialize OpenVR with code 110
[2019.02.05-21.09.09:797][  0]LogStats: UGameplayTagsManager::ConstructGameplayTagTree: ImportINI prefixes -  0.000 s
[2019.02.05-21.09.09:797][  0]LogStats: UGameplayTagsManager::ConstructGameplayTagTree: Construct from data asset -  0.000 s
[2019.02.05-21.09.09:797][  0]LogStats: UGameplayTagsManager::ConstructGameplayTagTree: ImportINI -  0.000 s
[2019.02.05-21.09.09:798][  0]LogStats: UGameplayTagsManager::ConstructGameplayTagTree: GameplayTagTreeChangedEvent.Broadcast -  0.000 s
[2019.02.05-21.09.10:035][  0]LogInit: Initializing FReadOnlyCVARCache
[2019.02.05-21.09.10:054][  0]LogAIModule: Creating AISystem for world Untitled
[2019.02.05-21.09.10:071][  0]LogInit: XAudio2 using 'Speakers (Realtek High Definition Audio)' : 2 channels at 48 kHz using 32 bits per sample (channel mask 0x3)
[2019.02.05-21.09.10:258][  0]LogInit: FAudioDevice initialized.
[2019.02.05-21.09.10:259][  0]LogNetVersion: Set ProjectVersion to 1.0.0.0. Version Checksum will be recalculated on next use.
[2019.02.05-21.09.10:387][  0]LogDerivedDataCache: Saved boot cache 0.13s 71MB C:/Users/pulc/AppData/Local/UnrealEngine/4.21/DerivedDataCache/Boot.ddc.
[2019.02.05-21.09.10:398][  0]LogInit: Texture streaming: Enabled
[2019.02.05-21.09.10:423][  0]LogEngineSessionManager: EngineSessionManager initialized
[2019.02.05-21.09.10:440][  0]LogInit: Transaction tracking system initialized
[2019.02.05-21.09.10:474][  0]BlueprintLog: New page: Editor Load
[2019.02.05-21.09.10:580][  0]LocalizationService: Localization service is disabled
[2019.02.05-21.09.11:149][  0]LogFileCache: Scanning file cache for directory 'C:/Users/pulc/Desktop/HTW/Game Engines/Unreal/Tutoriál/HTW-GameEngines-ProjektUnreal/ProjectUnreal/Content/' took 0.02s
[2019.02.05-21.09.11:150][  0]LogCook: Display: Max memory allowance for cook 16384mb min free memory 0mb
[2019.02.05-21.09.11:150][  0]LogCook: Display: Mobile HDR setting 1
[2019.02.05-21.09.11:150][  0]LogGameplayTags: Display: UGameplayTagsManager::DoneAddingNativeTags. DelegateIsBound: 0
[2019.02.05-21.09.11:150][  0]LogStats: UGameplayTagsManager::ConstructGameplayTagTree: ImportINI prefixes -  0.000 s
[2019.02.05-21.09.11:150][  0]LogStats: UGameplayTagsManager::ConstructGameplayTagTree: Construct from data asset -  0.000 s
[2019.02.05-21.09.11:150][  0]LogStats: UGameplayTagsManager::ConstructGameplayTagTree: ImportINI -  0.000 s
[2019.02.05-21.09.11:150][  0]LogStats: UGameplayTagsManager::ConstructGameplayTagTree: GameplayTagTreeChangedEvent.Broadcast -  0.000 s
[2019.02.05-21.09.12:984][  0]SourceControl: Source control is disabled
[2019.02.05-21.09.12:984][  0]LogEditorServer: Warning: Can't find file '../../../../../../Users/pulc/Desktop/HTW/Game Engines/Unreal/Tutoriál/HTW-GameEngines-ProjektUnreal/ProjectUnreal/Content/FirstPersonBP/Maps/FirstPersonExampleMap.umap'
[2019.02.05-21.09.12:984][  0]Cmd: MAP CHECKDEP NOCLEARLOG
[2019.02.05-21.09.12:984][  0]MapCheck: Map check complete: 0 Error(s), 0 Warning(s), took 0,166ms to complete.
[2019.02.05-21.09.12:984][  0]LogFileHelpers: Loading map 'FirstPersonExampleMap' took 0.001
[2019.02.05-21.09.13:136][  0]LogSlate: Updating window title bar state: overlay mode, drag disabled, window buttons hidden, title bar hidden
[2019.02.05-21.09.13:143][  0]LogSlate: Updating window title bar state: overlay mode, drag disabled, window buttons hidden, title bar hidden
[2019.02.05-21.09.13:149][  0]LogSlate: Updating window title bar state: overlay mode, drag disabled, window buttons hidden, title bar hidden
[2019.02.05-21.09.13:156][  0]LogSlate: Updating window title bar state: overlay mode, drag disabled, window buttons hidden, title bar hidden
[2019.02.05-21.09.13:165][  0]LogCollectionManager: Loaded 0 collections in 0.003232 seconds
[2019.02.05-21.09.13:195][  0]LogFileCache: Scanning file cache for directory 'C:/Users/pulc/Desktop/HTW/Game Engines/Unreal/Tutoriál/HTW-GameEngines-ProjektUnreal/ProjectUnreal/Saved/Collections/' took 0.01s
[2019.02.05-21.09.13:195][  0]LogFileCache: Scanning file cache for directory 'C:/Users/pulc/Desktop/HTW/Game Engines/Unreal/Tutoriál/HTW-GameEngines-ProjektUnreal/ProjectUnreal/Content/Developers/pulc/Collections/' took 0.00s
[2019.02.05-21.09.13:195][  0]LogFileCache: Scanning file cache for directory 'C:/Users/pulc/Desktop/HTW/Game Engines/Unreal/Tutoriál/HTW-GameEngines-ProjektUnreal/ProjectUnreal/Content/Collections/' took 0.01s
[2019.02.05-21.09.13:195][  0]LogCollectionManager: Rebuilt the GUID cache for 0 collections in 0.000000 seconds
[2019.02.05-21.09.13:204][  0]LogContentBrowser: Native class hierarchy populated in 0.0087 seconds. Added 2709 classes and 653 folders.
[2019.02.05-21.09.13:212][  0]LogContentBrowser: Native class hierarchy updated for 'WidgetCarousel' in 0.0003 seconds. Added 0 classes and 0 folders.
[2019.02.05-21.09.13:215][  0]LogPakFile: Registered encryption key '00000000000000000000000000000000': 0 pak files mounted, 0 remain pending
[2019.02.05-21.09.13:216][  0]LogPakFile: Registered encryption key '00000000000000000000000000000000': 0 pak files mounted, 0 remain pending
[2019.02.05-21.09.13:216][  0]LogPakFile: Registered encryption key '00000000000000000000000000000000': 0 pak files mounted, 0 remain pending
[2019.02.05-21.09.13:217][  0]LogPakFile: Registered encryption key '00000000000000000000000000000000': 0 pak files mounted, 0 remain pending
[2019.02.05-21.09.13:217][  0]LogPakFile: Registered encryption key '00000000000000000000000000000000': 0 pak files mounted, 0 remain pending
[2019.02.05-21.09.13:218][  0]LogPakFile: Registered encryption key '00000000000000000000000000000000': 0 pak files mounted, 0 remain pending
[2019.02.05-21.09.13:219][  0]LogPakFile: Registered encryption key '00000000000000000000000000000000': 0 pak files mounted, 0 remain pending
[2019.02.05-21.09.13:220][  0]LogPakFile: Registered encryption key '00000000000000000000000000000000': 0 pak files mounted, 0 remain pending
[2019.02.05-21.09.13:220][  0]LogPakFile: Registered encryption key '00000000000000000000000000000000': 0 pak files mounted, 0 remain pending
[2019.02.05-21.09.13:221][  0]LogPakFile: Registered encryption key '00000000000000000000000000000000': 0 pak files mounted, 0 remain pending
[2019.02.05-21.09.13:222][  0]LogPakFile: Registered encryption key '00000000000000000000000000000000': 0 pak files mounted, 0 remain pending
[2019.02.05-21.09.13:222][  0]LogPakFile: Registered encryption key '00000000000000000000000000000000': 0 pak files mounted, 0 remain pending
[2019.02.05-21.09.13:223][  0]LogPakFile: Registered encryption key '00000000000000000000000000000000': 0 pak files mounted, 0 remain pending
[2019.02.05-21.09.13:224][  0]LogPakFile: Registered encryption key '00000000000000000000000000000000': 0 pak files mounted, 0 remain pending
[2019.02.05-21.09.13:224][  0]LogPakFile: Registered encryption key '00000000000000000000000000000000': 0 pak files mounted, 0 remain pending
[2019.02.05-21.09.13:225][  0]LogPakFile: Registered encryption key '00000000000000000000000000000000': 0 pak files mounted, 0 remain pending
[2019.02.05-21.09.13:225][  0]LogPakFile: Registered encryption key '00000000000000000000000000000000': 0 pak files mounted, 0 remain pending
[2019.02.05-21.09.13:226][  0]LogPakFile: Registered encryption key '00000000000000000000000000000000': 0 pak files mounted, 0 remain pending
[2019.02.05-21.09.13:227][  0]LogPakFile: Registered encryption key '00000000000000000000000000000000': 0 pak files mounted, 0 remain pending
[2019.02.05-21.09.13:227][  0]LogPakFile: Registered encryption key '00000000000000000000000000000000': 0 pak files mounted, 0 remain pending
[2019.02.05-21.09.13:228][  0]LogPakFile: Registered encryption key '00000000000000000000000000000000': 0 pak files mounted, 0 remain pending
[2019.02.05-21.09.13:229][  0]LogPakFile: Registered encryption key '00000000000000000000000000000000': 0 pak files mounted, 0 remain pending
[2019.02.05-21.09.13:229][  0]LogPakFile: Registered encryption key '00000000000000000000000000000000': 0 pak files mounted, 0 remain pending
[2019.02.05-21.09.13:230][  0]LogPakFile: Registered encryption key '00000000000000000000000000000000': 0 pak files mounted, 0 remain pending
[2019.02.05-21.09.13:231][  0]LogPakFile: Registered encryption key '00000000000000000000000000000000': 0 pak files mounted, 0 remain pending
[2019.02.05-21.09.13:231][  0]LogPakFile: Registered encryption key '00000000000000000000000000000000': 0 pak files mounted, 0 remain pending
[2019.02.05-21.09.13:232][  0]LogPakFile: Registered encryption key '00000000000000000000000000000000': 0 pak files mounted, 0 remain pending
[2019.02.05-21.09.13:232][  0]LogPakFile: Registered encryption key '00000000000000000000000000000000': 0 pak files mounted, 0 remain pending
[2019.02.05-21.09.13:309][  0]LogContentBrowser: Native class hierarchy updated for 'AddContentDialog' in 0.0003 seconds. Added 0 classes and 0 folders.
[2019.02.05-21.09.13:315][  0]LogContentBrowser: Native class hierarchy updated for 'SceneOutliner' in 0.0003 seconds. Added 1 classes and 2 folders.
[2019.02.05-21.09.13:337][  0]LogSlate: Took 0.000261 seconds to synchronously load lazily loaded font '../../../Engine/Content/Slate/Fonts/Roboto-Regular.ttf' (155K)
[2019.02.05-21.09.13:339][  0]LogSlate: Took 0.000216 seconds to synchronously load lazily loaded font '../../../Engine/Content/Slate/Fonts/Roboto-Bold.ttf' (160K)
[2019.02.05-21.09.13:347][  0]LogSlate: Took 0.000458 seconds to synchronously load lazily loaded font '../../../Engine/Content/Editor/Slate/Fonts/FontAwesome.ttf' (139K)
[2019.02.05-21.09.13:443][  0]LogRenderer: Reallocating scene render targets to support 1208x576 Format 10 NumSamples 1 (Frame:1).
[2019.02.05-21.09.13:620][  0]LogContentBrowser: Native class hierarchy updated for 'HierarchicalLODOutliner' in 0.0003 seconds. Added 0 classes and 0 folders.
[2019.02.05-21.09.13:620][  0]LogLoad: (Engine Initialization) Total time: 14.95 seconds
[2019.02.05-21.09.13:620][  0]LogLoad: (Engine Initialization) Total Blueprint compile time: 0.00 seconds
[2019.02.05-21.09.13:639][  0]LogWindowsTextInputMethodSystem: Display: IME system now deactivated.
[2019.02.05-21.09.13:693][  0]LogContentStreaming: Texture pool size now 1000 MB
[2019.02.05-21.09.13:727][  1]LogAssetRegistry: Asset discovery search completed in 9.3120 seconds
[2019.02.05-21.09.13:729][  1]LogCollectionManager: Rebuilt the object cache for 0 collections in 0.000000 seconds (found 0 objects)
[2019.02.05-21.09.13:729][  1]LogCollectionManager: Fixed up redirectors for 0 collections in 0.000049 seconds (updated 0 objects)
[2019.02.05-21.09.13:743][  1]LogSlate: Took 0.000173 seconds to synchronously load lazily loaded font '../../../Engine/Content/Slate/Fonts/Roboto-Light.ttf' (167K)
[2019.02.05-21.09.14:680][ 41]LogSlate: Took 0.000233 seconds to synchronously load lazily loaded font '../../../Engine/Content/Slate/Fonts/Roboto-Light.ttf' (167K)
[2019.02.05-21.09.19:313][313]LogSlate: FSceneViewport::OnFocusLost() reason 2
[2019.02.05-21.09.21:352][431]LogSlate: FSceneViewport::OnFocusLost() reason 2
[2019.02.05-21.09.23:094][524]Cmd: MAP LOAD FILE="../../../../../../Users/pulc/Desktop/HTW/Game Engines/Unreal/Tutoriál/HTW-GameEngines-ProjektUnreal/ProjectUnreal/Content/Maps/Level0.umap" TEMPLATE=0 SHOWPROGRESS=1 FEATURELEVEL=3
[2019.02.05-21.09.23:129][524]LightingResults: New page: Lighting Build
[2019.02.05-21.09.23:136][524]LogContentBrowser: Native class hierarchy updated for 'StatsViewer' in 0.0006 seconds. Added 5 classes and 0 folders.
[2019.02.05-21.09.23:138][524]LoadErrors: New page: Loading map: Level0.umap
[2019.02.05-21.09.23:138][524]MapCheck: New page: Map Check
[2019.02.05-21.09.23:138][524]LightingResults: New page: Lighting Build
[2019.02.05-21.09.24:178][524]LogAIModule: Creating AISystem for world Level0
[2019.02.05-21.09.24:313][524]LogEditorServer: Finished looking for orphan Actors (0.000 secs)
[2019.02.05-21.09.24:386][524]Cmd: MAP CHECKDEP NOCLEARLOG
[2019.02.05-21.09.24:387][524]MapCheck: Map check complete: 0 Error(s), 0 Warning(s), took 0,201ms to complete.
[2019.02.05-21.09.24:387][524]LogFileHelpers: Loading map 'Level0' took 1.293
[2019.02.05-21.09.24:388][524]LogSlate: Window 'Open Level' being destroyed
[2019.02.05-21.09.26:760][587]LogSlate: FSceneViewport::OnFocusLost() reason 2
[2019.02.05-21.09.34:964][811]LogSlate: FSceneViewport::OnFocusLost() reason 0
[2019.02.05-21.09.35:081][813]LogTemp: Repeating last play command: Standalone Game
[2019.02.05-21.09.48:019][ 30]LogSlate: FSceneViewport::OnFocusLost() reason 2
[2019.02.05-21.09.50:186][153]LogBlueprintUserMessages: Early PlayInEditor Detection: Level '/Game/Maps/Level0.Level0:PersistentLevel' has LevelScriptBlueprint '/Game/Maps/Level0.Level0:PersistentLevel.Level0' with GeneratedClass '/Game/Maps/Level0.Level0_C' with ClassGeneratedBy '/Game/Maps/Level0.Level0:PersistentLevel.Level0'
[2019.02.05-21.09.50:186][153]LogPlayLevel: PlayLevel: No blueprints needed recompiling
[2019.02.05-21.09.50:187][153]PIE: New page: PIE session: Level0 (05.02.2019 23:09:50)
[2019.02.05-21.09.50:200][153]LogPlayLevel: Creating play world package: /Game/Maps/UEDPIE_0_Level0
[2019.02.05-21.09.50:281][153]LogPlayLevel: PIE: StaticDuplicateObject took: (0.081640s)
[2019.02.05-21.09.50:282][153]LogAIModule: Creating AISystem for world Level0
[2019.02.05-21.09.50:282][153]LogPlayLevel: PIE: World Init took: (0.001079s)
[2019.02.05-21.09.50:283][153]LogPlayLevel: PIE: Created PIE world by copying editor world from /Game/Maps/Level0.Level0 to /Game/Maps/UEDPIE_0_Level0.Level0 (0.083379s)
[2019.02.05-21.09.50:324][153]LogInit: XAudio2 using 'Speakers (Realtek High Definition Audio)' : 2 channels at 48 kHz using 32 bits per sample (channel mask 0x3)
[2019.02.05-21.09.50:413][153]LogInit: FAudioDevice initialized.
[2019.02.05-21.09.50:413][153]LogSlate: FSceneViewport::OnFocusLost() reason 2
[2019.02.05-21.09.50:456][153]LogLoad: Game class is 'FirstPersonGameMode_C'
[2019.02.05-21.09.50:468][153]LogWorld: Bringing World /Game/Maps/UEDPIE_0_Level0.Level0 up for play (max tick rate 60) at 2019.02.05-22.09.50
[2019.02.05-21.09.50:470][153]LogWorld: Bringing up level for play took: 0.012175
[2019.02.05-21.09.50:482][153]LogGameMode: FindPlayerStart: PATHS NOT DEFINED or NO PLAYERSTART with positive rating
[2019.02.05-21.09.50:490][153]LogContentBrowser: Native class hierarchy updated for 'MovieSceneCapture' in 0.0003 seconds. Added 20 classes and 0 folders.
[2019.02.05-21.09.50:492][153]LogLevel: Warning: EnableInput on a LevelScript actor can not be specified for only one PlayerController.  Enabling for all PlayerControllers.
[2019.02.05-21.09.50:492][153]PIE: Play in editor start time for /Game/Maps/UEDPIE_0_Level0 0,536
[2019.02.05-21.09.50:492][153]LogBlueprintUserMessages: Late PlayInEditor Detection: Level '/Game/Maps/Level0.Level0:PersistentLevel' has LevelScriptBlueprint '/Game/Maps/Level0.Level0:PersistentLevel.Level0' with GeneratedClass '/Game/Maps/Level0.Level0_C' with ClassGeneratedBy '/Game/Maps/Level0.Level0:PersistentLevel.Level0'
[2019.02.05-21.10.08:672][435]LogBlueprintUserMessages: [Coins_2] 1
[2019.02.05-21.10.27:554][682]LogBlueprintUserMessages: [Coins2] 2
[2019.02.05-21.10.39:474][859]Cmd: LevelEditor.ToggleImmersive
[2019.02.05-21.10.39:791][860]LogRenderer: Reallocating scene render targets to support 1920x1040 Format 10 NumSamples 1 (Frame:708).
[2019.02.05-21.10.39:798][860]LogSlate: FSceneViewport::OnFocusLost() reason 2
[2019.02.05-21.11.08:152][142]LogBlueprintUserMessages: [Coins3] 3
[2019.02.05-21.11.23:515][240]LogBlueprintUserMessages: [Coins4] 4
[2019.02.05-21.11.35:677][335]Cmd: LevelEditor.ToggleImmersive
[2019.02.05-21.11.35:889][336]LogSlate: FSceneViewport::OnFocusLost() reason 2
[2019.02.05-21.11.37:997][354]LogSlate: FSceneViewport::OnFocusLost() reason 0
[2019.02.05-21.11.56:664][541]LogBlueprintUserMessages: [Coins10] 5
[2019.02.05-21.12.37:507][910]LogBlueprintUserMessages: [Coins7] 6
[2019.02.05-21.13.05:915][160]LogBlueprintUserMessages: [Coins8] 7
[2019.02.05-21.13.24:999][304]LogBlueprintUserMessages: [Coins6] 8
[2019.02.05-21.14.14:695][653]LogBlueprintUserMessages: [Coins5] 9
[2019.02.05-21.15.34:341][102]LogBlueprintUserMessages: [Coins9] 10
[2019.02.05-21.15.56:045][234]LogNet: Browse: /Game/Maps/Level0
[2019.02.05-21.15.56:204][234]LogLoad: LoadMap: /Game/Maps/Level0
[2019.02.05-21.15.56:317][234]LogPlayLevel: Creating play world package: /Game/Maps/UEDPIE_0_Level0
[2019.02.05-21.15.56:501][234]LogPlayLevel: PIE: StaticDuplicateObject took: (0.183029s)
[2019.02.05-21.15.56:503][234]LogAIModule: Creating AISystem for world Level0
[2019.02.05-21.15.56:504][234]LogPlayLevel: PIE: World Init took: (0.002523s)
[2019.02.05-21.15.56:504][234]LogPlayLevel: PIE: Created PIE world by copying editor world from /Game/Maps/Level0.Level0 to /Game/Maps/UEDPIE_0_Level0.Level0 (0.186202s)
[2019.02.05-21.15.56:504][234]LogLoad: Game class is 'FirstPersonGameMode_C'
[2019.02.05-21.15.56:598][234]LogWorld: Bringing World /Game/Maps/UEDPIE_0_Level0.Level0 up for play (max tick rate 60) at 2019.02.05-22.15.56
[2019.02.05-21.15.56:603][234]LogWorld: Bringing up level for play took: 0.097083
[2019.02.05-21.15.56:605][234]LogGameMode: FindPlayerStart: PATHS NOT DEFINED or NO PLAYERSTART with positive rating
[2019.02.05-21.15.56:611][234]LogLevel: Warning: EnableInput on a LevelScript actor can not be specified for only one PlayerController.  Enabling for all PlayerControllers.
[2019.02.05-21.15.56:611][234]LogLoad: Took 0.406969 seconds to LoadMap(/Game/Maps/UEDPIE_0_Level0)
[2019.02.05-21.15.57:851][265]LogBlueprintUserMessages: Early EndPlayMap Detection: Level '/Game/Maps/Level0.Level0:PersistentLevel' has LevelScriptBlueprint '/Game/Maps/Level0.Level0:PersistentLevel.Level0' with GeneratedClass '/Game/Maps/Level0.Level0_C' with ClassGeneratedBy '/Game/Maps/Level0.Level0:PersistentLevel.Level0'
[2019.02.05-21.15.57:851][265]LogSlate: Updating window title bar state: overlay mode, drag disabled, window buttons hidden, title bar hidden
[2019.02.05-21.15.57:959][265]LogPlayLevel: Display: Shutting down PIE online subsystems
[2019.02.05-21.15.57:960][265]LogBlueprintUserMessages: Late EndPlayMap Detection: Level '/Game/Maps/Level0.Level0:PersistentLevel' has LevelScriptBlueprint '/Game/Maps/Level0.Level0:PersistentLevel.Level0' with GeneratedClass '/Game/Maps/Level0.Level0_C' with ClassGeneratedBy '/Game/Maps/Level0.Level0:PersistentLevel.Level0'
[2019.02.05-21.15.58:037][265]LogSlate: Updating window title bar state: overlay mode, drag disabled, window buttons hidden, title bar hidden
[2019.02.05-21.15.58:147][266]LogPlayLevel: Display: Destroying online subsystem :Context_3
[2019.02.05-21.16.56:398][393]LogSlate: FSceneViewport::OnFocusLost() reason 0
[2019.02.05-21.16.57:773][395]LogSavePackage: Moving '../../../../../../Users/pulc/Desktop/HTW/Game Engines/Unreal/Tutoriál/HTW-GameEngines-ProjektUnreal/ProjectUnreal/Saved/Level0C3CD94B844730C724FA193AAFE4E128D.tmp' to '../../../../../../Users/pulc/Desktop/HTW/Game Engines/Unreal/Tutoriál/HTW-GameEngines-ProjektUnreal/ProjectUnreal/Content/Maps/Level0.umap'
[2019.02.05-21.16.58:043][395]LogSavePackage: Moving '../../../../../../Users/pulc/Desktop/HTW/Game Engines/Unreal/Tutoriál/HTW-GameEngines-ProjektUnreal/ProjectUnreal/Saved/Level0_BuiltData2CC9FE9048CFE6497AED2A8B62002E4A.tmp' to '../../../../../../Users/pulc/Desktop/HTW/Game Engines/Unreal/Tutoriál/HTW-GameEngines-ProjektUnreal/ProjectUnreal/Content/Maps/Level0_BuiltData.uasset'
[2019.02.05-21.17.09:281][606]LogSlate: FSceneViewport::OnFocusLost() reason 2
[2019.02.05-21.17.23:778][869]LogSlate: FSceneViewport::OnFocusLost() reason 2
[2019.02.05-21.17.47:931][ 50]LogBlueprintUserMessages: Early PlayInEditor Detection: Level '/Game/Maps/Level0.Level0:PersistentLevel' has LevelScriptBlueprint '/Game/Maps/Level0.Level0:PersistentLevel.Level0' with GeneratedClass '/Game/Maps/Level0.Level0_C' with ClassGeneratedBy '/Game/Maps/Level0.Level0:PersistentLevel.Level0'
[2019.02.05-21.17.47:931][ 50]LogPlayLevel: PlayLevel: No blueprints needed recompiling
[2019.02.05-21.17.47:932][ 50]PIE: New page: PIE session: Level0 (05.02.2019 23:17:47)
[2019.02.05-21.17.47:932][ 50]LogPlayLevel: Creating play world package: /Game/Maps/UEDPIE_0_Level0
[2019.02.05-21.17.48:056][ 50]LogPlayLevel: PIE: StaticDuplicateObject took: (0.124442s)
[2019.02.05-21.17.48:058][ 50]LogAIModule: Creating AISystem for world Level0
[2019.02.05-21.17.48:058][ 50]LogPlayLevel: PIE: World Init took: (0.001954s)
[2019.02.05-21.17.48:059][ 50]LogPlayLevel: PIE: Created PIE world by copying editor world from /Game/Maps/Level0.Level0 to /Game/Maps/UEDPIE_0_Level0.Level0 (0.126921s)
[2019.02.05-21.17.48:152][ 50]LogInit: XAudio2 using 'Speakers (Realtek High Definition Audio)' : 2 channels at 48 kHz using 32 bits per sample (channel mask 0x3)
[2019.02.05-21.17.48:356][ 50]LogInit: FAudioDevice initialized.
[2019.02.05-21.17.48:394][ 50]LogLoad: Game class is 'FirstPersonGameMode_C'
[2019.02.05-21.17.48:423][ 50]LogWorld: Bringing World /Game/Maps/UEDPIE_0_Level0.Level0 up for play (max tick rate 60) at 2019.02.05-22.17.48
[2019.02.05-21.17.48:427][ 50]LogWorld: Bringing up level for play took: 0.030708
[2019.02.05-21.17.48:441][ 50]LogGameMode: FindPlayerStart: PATHS NOT DEFINED or NO PLAYERSTART with positive rating
[2019.02.05-21.17.48:445][ 50]LogLevel: Warning: EnableInput on a LevelScript actor can not be specified for only one PlayerController.  Enabling for all PlayerControllers.
[2019.02.05-21.17.48:446][ 50]PIE: Play in editor start time for /Game/Maps/UEDPIE_0_Level0 0,49
[2019.02.05-21.17.48:446][ 50]LogBlueprintUserMessages: Late PlayInEditor Detection: Level '/Game/Maps/Level0.Level0:PersistentLevel' has LevelScriptBlueprint '/Game/Maps/Level0.Level0:PersistentLevel.Level0' with GeneratedClass '/Game/Maps/Level0.Level0_C' with ClassGeneratedBy '/Game/Maps/Level0.Level0:PersistentLevel.Level0'
[2019.02.05-21.17.48:498][ 51]LogCharacterMovement: Warning: GetSimulationTimeStep() - Max iterations 8 hit while remaining time 0.100000 > MaxSimulationTimeStep (0.050) for 'FirstPersonCharacter_C_1', movement 'Walking'
[2019.02.05-21.17.51:898][133]LogBlueprintUserMessages: Early EndPlayMap Detection: Level '/Game/Maps/Level0.Level0:PersistentLevel' has LevelScriptBlueprint '/Game/Maps/Level0.Level0:PersistentLevel.Level0' with GeneratedClass '/Game/Maps/Level0.Level0_C' with ClassGeneratedBy '/Game/Maps/Level0.Level0:PersistentLevel.Level0'
[2019.02.05-21.17.51:899][133]LogSlate: Updating window title bar state: overlay mode, drag disabled, window buttons hidden, title bar hidden
[2019.02.05-21.17.51:989][133]LogPlayLevel: Display: Shutting down PIE online subsystems
[2019.02.05-21.17.51:989][133]LogBlueprintUserMessages: Late EndPlayMap Detection: Level '/Game/Maps/Level0.Level0:PersistentLevel' has LevelScriptBlueprint '/Game/Maps/Level0.Level0:PersistentLevel.Level0' with GeneratedClass '/Game/Maps/Level0.Level0_C' with ClassGeneratedBy '/Game/Maps/Level0.Level0:PersistentLevel.Level0'
[2019.02.05-21.17.52:036][133]LogSlate: Updating window title bar state: overlay mode, drag disabled, window buttons hidden, title bar hidden
[2019.02.05-21.17.52:066][134]LogPlayLevel: Display: Destroying online subsystem :Context_4
